Using pre-set license
Built from '2021.3/staging' branch; Version is '2021.3.5f1 (40eb3a945986) revision 4254522'; Using compiler version '192829333'; Build Type 'Release'
OS: 'Windows 10  (10.0.19044) 64bit Enterprise' Language: 'en' Physical Memory: 15741 MB
BatchMode: 1, IsHumanControllingUs: 0, StartBugReporterOnCrash: 0, Is64bit: 1, IsPro: 1

COMMAND LINE ARGUMENTS:
C:\Program Files\Unity\Hub\Editor\2021.3.5f1\Editor\Unity.exe
-adb2
-batchMode
-noUpm
-name
AssetImportWorker2
-projectPath
C:/Users/WarmHeartedSnowman/Documents/PR_GAME/Pr num_3/Day 3
-logFile
Logs/AssetImportWorker2.log
-srvPort
64906
Successfully changed project path to: C:/Users/WarmHeartedSnowman/Documents/PR_GAME/Pr num_3/Day 3
C:/Users/WarmHeartedSnowman/Documents/PR_GAME/Pr num_3/Day 3
[UnityMemory] Configuration Parameters - Can be set up in boot.config
    "memorysetup-bucket-allocator-granularity=16"
    "memorysetup-bucket-allocator-bucket-count=8"
    "memorysetup-bucket-allocator-block-size=33554432"
    "memorysetup-bucket-allocator-block-count=8"
    "memorysetup-main-allocator-block-size=16777216"
    "memorysetup-thread-allocator-block-size=16777216"
    "memorysetup-gfx-main-allocator-block-size=16777216"
    "memorysetup-gfx-thread-allocator-block-size=16777216"
    "memorysetup-cache-allocator-block-size=4194304"
    "memorysetup-typetree-allocator-block-size=2097152"
    "memorysetup-profiler-bucket-allocator-granularity=16"
    "memorysetup-profiler-bucket-allocator-bucket-count=8"
    "memorysetup-profiler-bucket-allocator-block-size=33554432"
    "memorysetup-profiler-bucket-allocator-block-count=8"
    "memorysetup-profiler-allocator-block-size=16777216"
    "memorysetup-profiler-editor-allocator-block-size=1048576"
    "memorysetup-temp-allocator-size-main=16777216"
    "memorysetup-job-temp-allocator-block-size=2097152"
    "memorysetup-job-temp-allocator-block-size-background=1048576"
    "memorysetup-job-temp-allocator-reduction-small-platforms=262144"
    "memorysetup-temp-allocator-size-background-worker=32768"
    "memorysetup-temp-allocator-size-job-worker=262144"
    "memorysetup-temp-allocator-size-preload-manager=33554432"
    "memorysetup-temp-allocator-size-nav-mesh-worker=65536"
    "memorysetup-temp-allocator-size-audio-worker=65536"
    "memorysetup-temp-allocator-size-cloud-worker=32768"
    "memorysetup-temp-allocator-size-gi-baking-worker=262144"
    "memorysetup-temp-allocator-size-gfx=262144"
Refreshing native plugins compatible for Editor in 108.38 ms, found 3 plugins.
Preloading 0 native plugins for Editor in 0.00 ms.
Initialize engine version: 2021.3.5f1 (40eb3a945986)
[Subsystems] Discovering subsystems at path C:/Program Files/Unity/Hub/Editor/2021.3.5f1/Editor/Data/Resources/UnitySubsystems
[Subsystems] Discovering subsystems at path C:/Users/WarmHeartedSnowman/Documents/PR_GAME/Pr num_3/Day 3/Assets
GfxDevice: creating device client; threaded=0; jobified=0
Direct3D:
    Version:  Direct3D 11.0 [level 11.1]
    Renderer: NVIDIA GeForce GTX 1650 (ID=0x1f99)
    Vendor:   NVIDIA
    VRAM:     3962 MB
    Driver:   30.0.14.7219
Initialize mono
Mono path[0] = 'C:/Program Files/Unity/Hub/Editor/2021.3.5f1/Editor/Data/Managed'
Mono path[1] = 'C:/Program Files/Unity/Hub/Editor/2021.3.5f1/Editor/Data/MonoBleedingEdge/lib/mono/unityjit-win32'
Mono config path = 'C:/Program Files/Unity/Hub/Editor/2021.3.5f1/Editor/Data/MonoBleedingEdge/etc'
Using monoOptions --debugger-agent=transport=dt_socket,embedding=1,server=y,suspend=n,address=127.0.0.1:56432
Begin MonoManager ReloadAssembly
Registering precompiled unity dll's ...
Register platform support module: C:/Program Files/Unity/Hub/Editor/2021.3.5f1/Editor/Data/PlaybackEngines/WebGLSupport/UnityEditor.WebGL.Extensions.dll
Register platform support module: C:/Program Files/Unity/Hub/Editor/2021.3.5f1/Editor/Data/PlaybackEngines/WindowsStandaloneSupport/UnityEditor.WindowsStandalone.Extensions.dll
Registered in 0.008446 seconds.
Native extension for WindowsStandalone target not found
Native extension for WebGL target not found
Refreshing native plugins compatible for Editor in 111.63 ms, found 3 plugins.
Preloading 0 native plugins for Editor in 0.00 ms.
Mono: successfully reloaded assembly
- Completed reload, in  0.672 seconds
Domain Reload Profiling:
	ReloadAssembly (673ms)
		BeginReloadAssembly (78ms)
			ExecutionOrderSort (0ms)
			DisableScriptedObjects (0ms)
			BackupInstance (0ms)
			ReleaseScriptingObjects (0ms)
			CreateAndSetChildDomain (1ms)
		EndReloadAssembly (482ms)
			LoadAssemblies (75ms)
			RebuildTransferFunctionScriptingTraits (0ms)
			SetupTypeCache (100ms)
			ReleaseScriptCaches (0ms)
			RebuildScriptCaches (29ms)
			SetupLoadedEditorAssemblies (301ms)
				LogAssemblyErrors (0ms)
				InitializePlatformSupportModulesInManaged (9ms)
				SetLoadedEditorAssemblies (0ms)
				RefreshPlugins (112ms)
				BeforeProcessingInitializeOnLoad (1ms)
				ProcessInitializeOnLoadAttributes (136ms)
				ProcessInitializeOnLoadMethodAttributes (43ms)
				AfterProcessingInitializeOnLoad (0ms)
				EditorAssembliesLoaded (0ms)
			ExecutionOrderSort2 (0ms)
			AwakeInstancesAfterBackupRestoration (0ms)
Platform modules already initialized, skipping
Registering precompiled user dll's ...
Registered in 0.008049 seconds.
Begin MonoManager ReloadAssembly
Symbol file LoadedFromMemory doesn't match image C:\Users\WarmHeartedSnowman\Documents\PR_GAME\Pr num_3\Day 3\Library\PackageCache\com.unity.visualscripting@1.7.8\Editor\VisualScripting.Core\Dependencies\YamlDotNet\Unity.VisualScripting.YamlDotNet.dll
Symbol file LoadedFromMemory doesn't match image C:\Users\WarmHeartedSnowman\Documents\PR_GAME\Pr num_3\Day 3\Library\PackageCache\com.unity.visualscripting@1.7.8\Editor\VisualScripting.Core\Dependencies\DotNetZip\Unity.VisualScripting.IonicZip.dll
Native extension for WindowsStandalone target not found
Native extension for WebGL target not found
Refreshing native plugins compatible for Editor in 1.09 ms, found 3 plugins.
Preloading 0 native plugins for Editor in 0.00 ms.
Mono: successfully reloaded assembly
- Completed reload, in  1.062 seconds
Domain Reload Profiling:
	ReloadAssembly (1062ms)
		BeginReloadAssembly (119ms)
			ExecutionOrderSort (0ms)
			DisableScriptedObjects (5ms)
			BackupInstance (0ms)
			ReleaseScriptingObjects (0ms)
			CreateAndSetChildDomain (21ms)
		EndReloadAssembly (831ms)
			LoadAssemblies (96ms)
			RebuildTransferFunctionScriptingTraits (0ms)
			SetupTypeCache (257ms)
			ReleaseScriptCaches (1ms)
			RebuildScriptCaches (55ms)
			SetupLoadedEditorAssemblies (391ms)
				LogAssemblyErrors (0ms)
				InitializePlatformSupportModulesInManaged (8ms)
				SetLoadedEditorAssemblies (0ms)
				RefreshPlugins (1ms)
				BeforeProcessingInitializeOnLoad (90ms)
				ProcessInitializeOnLoadAttributes (258ms)
				ProcessInitializeOnLoadMethodAttributes (25ms)
				AfterProcessingInitializeOnLoad (8ms)
				EditorAssembliesLoaded (0ms)
			ExecutionOrderSort2 (0ms)
			AwakeInstancesAfterBackupRestoration (6ms)
Platform modules already initialized, skipping
========================================================================
Worker process is ready to serve import requests
Launched and connected shader compiler UnityShaderCompiler.exe after 0.06 seconds
Refreshing native plugins compatible for Editor in 1.27 ms, found 3 plugins.
Preloading 0 native plugins for Editor in 0.00 ms.
Unloading 3651 Unused Serialized files (Serialized files now loaded: 0)
Unloading 109 unused Assets / (19.1 MB). Loaded Objects now: 4045.
Memory consumption went from 181.4 MB to 162.4 MB.
Total: 10.331100 ms (FindLiveObjects: 0.413700 ms CreateObjectMapping: 0.248500 ms MarkObjects: 2.703900 ms  DeleteObjects: 6.963400 ms)

AssetImportParameters requested are different than current active one (requested -> active):
  custom:video-decoder-ogg-theora: a1e56fd34408186e4bbccfd4996cb3dc -> 
  custom:container-muxer-webm: aa71ff27fc2769a1b78a27578f13a17b -> 
  custom:container-demuxer-webm: 4f35f7cbe854078d1ac9338744f61a02 -> 
  custom:video-encoder-webm-vp8: eb34c28f22e8b96e1ab97ce403110664 -> 
  custom:audio-encoder-webm-vorbis: bf7c407c2cedff20999df2af8eb42d56 -> 
  custom:framework-win-MediaFoundation: 216162199b28c13a410421893ffa2e32 -> 
  custom:container-demuxer-ogg: 62fdf1f143b41e24485cea50d1cbac27 -> 
  custom:video-decoder-webm-vp8: 9c59270c3fd7afecdb556c50c9e8de78 -> 
  custom:audio-decoder-ogg-vorbis: bf7c407c2cedff20999df2af8eb42d56 -> 
========================================================================
Received Import Request.
  Time since last request: 272925.803083 seconds.
  path: Assets/Sample_Full_PCKGs/Toony Colors Pro/Demo TCP2/Hybrid Shader Demo Assets/Robot Hybrid Metal.mat
  artifactKey: Guid(52c54a9182faa9f4ab82242d24e0caf9) Importer(815301076,1909f56bfc062723c751e8b465ee728b)
Start importing Assets/Sample_Full_PCKGs/Toony Colors Pro/Demo TCP2/Hybrid Shader Demo Assets/Robot Hybrid Metal.mat using Guid(52c54a9182faa9f4ab82242d24e0caf9) Importer(815301076,1909f56bfc062723c751e8b465ee728b)  -> (artifact id: 'e2bf00acee96eeaf8aeb43cb6c34b3dc') in 0.359560 seconds 
========================================================================
Received Import Request.
  Time since last request: 0.000044 seconds.
  path: Assets/Sample_Full_PCKGs/Toony Colors Pro/Demo TCP2/Hybrid Shader Demo Assets/Robot Hybrid MatCap.mat
  artifactKey: Guid(3a38e4ad40800e94a8346ca005b9e060) Importer(815301076,1909f56bfc062723c751e8b465ee728b)
Start importing Assets/Sample_Full_PCKGs/Toony Colors Pro/Demo TCP2/Hybrid Shader Demo Assets/Robot Hybrid MatCap.mat using Guid(3a38e4ad40800e94a8346ca005b9e060) Importer(815301076,1909f56bfc062723c751e8b465ee728b)  -> (artifact id: 'd7c1c9c66f7f2b40c1a93db8ca3ff310') in 0.230237 seconds 
========================================================================
Received Import Request.
  Time since last request: 37.990516 seconds.
  path: Assets/Sample_Full_PCKGs/Toony Colors Pro/Demo TCP2/Cat Demo Assets/Textures/TCP2_Demo_Car.png
  artifactKey: Guid(2aa8a45cbd95e7843a5a908a6464f25e) Importer(815301076,1909f56bfc062723c751e8b465ee728b)
Start importing Assets/Sample_Full_PCKGs/Toony Colors Pro/Demo TCP2/Cat Demo Assets/Textures/TCP2_Demo_Car.png using Guid(2aa8a45cbd95e7843a5a908a6464f25e) Importer(815301076,1909f56bfc062723c751e8b465ee728b)  -> (artifact id: '8d2bdd9e6eb471618c086fcac6c535fe') in 0.065518 seconds 
========================================================================
Received Import Request.
  Time since last request: 0.000024 seconds.
  path: Assets/Sample_Full_PCKGs/Toony Colors Pro/Demo TCP2/Cat Demo Assets/Textures/TCP2_Demo_UnityChan.png
  artifactKey: Guid(88e58b4cc42d7304fb1dc40653de8e97) Importer(815301076,1909f56bfc062723c751e8b465ee728b)
Start importing Assets/Sample_Full_PCKGs/Toony Colors Pro/Demo TCP2/Cat Demo Assets/Textures/TCP2_Demo_UnityChan.png using Guid(88e58b4cc42d7304fb1dc40653de8e97) Importer(815301076,1909f56bfc062723c751e8b465ee728b)  -> (artifact id: '79951e7f8752834d3ce72bbe08d71e04') in 0.030744 seconds 
========================================================================
Received Import Request.
  Time since last request: 0.000038 seconds.
  path: Assets/Sample_Full_PCKGs/Toony Colors Pro/Demo TCP2/Cat Demo Assets/Textures/TCP2_Demo_Grass.png
  artifactKey: Guid(379dbc64b9e961945bb85ccde59979cd) Importer(815301076,1909f56bfc062723c751e8b465ee728b)
Start importing Assets/Sample_Full_PCKGs/Toony Colors Pro/Demo TCP2/Cat Demo Assets/Textures/TCP2_Demo_Grass.png using Guid(379dbc64b9e961945bb85ccde59979cd) Importer(815301076,1909f56bfc062723c751e8b465ee728b)  -> (artifact id: 'bd029dfc088abb3d338c74f63c58f673') in 0.054523 seconds 
========================================================================
Received Import Request.
  Time since last request: 0.000031 seconds.
  path: Assets/Sample_Full_PCKGs/Toony Colors Pro/Demo TCP2/Cat Demo Assets/Textures/TCP2_Demo_Poster1.png
  artifactKey: Guid(d8f76b712098b754dafbe140ac26ece8) Importer(815301076,1909f56bfc062723c751e8b465ee728b)
Start importing Assets/Sample_Full_PCKGs/Toony Colors Pro/Demo TCP2/Cat Demo Assets/Textures/TCP2_Demo_Poster1.png using Guid(d8f76b712098b754dafbe140ac26ece8) Importer(815301076,1909f56bfc062723c751e8b465ee728b)  -> (artifact id: 'c2a6db5540eddf1d4a3926e132f921ee') in 0.043493 seconds 
========================================================================
Received Import Request.
  Time since last request: 0.000025 seconds.
  path: Assets/Sample_Full_PCKGs/Toony Colors Pro/Demo TCP2/Cat Demo Assets/Textures/TCP2_Demo_UnityChan_Flat.png
  artifactKey: Guid(efb373a6e0c047146b108f84426b8c5f) Importer(815301076,1909f56bfc062723c751e8b465ee728b)
Start importing Assets/Sample_Full_PCKGs/Toony Colors Pro/Demo TCP2/Cat Demo Assets/Textures/TCP2_Demo_UnityChan_Flat.png using Guid(efb373a6e0c047146b108f84426b8c5f) Importer(815301076,1909f56bfc062723c751e8b465ee728b)  -> (artifact id: '340469cac802b85e7ae2c787aaf41e8e') in 0.024297 seconds 
========================================================================
Received Prepare
Registering precompiled user dll's ...
Registered in 0.007147 seconds.
Begin MonoManager ReloadAssembly
Symbol file LoadedFromMemory doesn't match image C:\Users\WarmHeartedSnowman\Documents\PR_GAME\Pr num_3\Day 3\Library\PackageCache\com.unity.visualscripting@1.7.8\Editor\VisualScripting.Core\Dependencies\YamlDotNet\Unity.VisualScripting.YamlDotNet.dll
Symbol file LoadedFromMemory doesn't match image C:\Users\WarmHeartedSnowman\Documents\PR_GAME\Pr num_3\Day 3\Library\PackageCache\com.unity.visualscripting@1.7.8\Editor\VisualScripting.Core\Dependencies\DotNetZip\Unity.VisualScripting.IonicZip.dll
Native extension for WindowsStandalone target not found
Native extension for WebGL target not found
Refreshing native plugins compatible for Editor in 1.44 ms, found 3 plugins.
Preloading 0 native plugins for Editor in 0.00 ms.
Mono: successfully reloaded assembly
- Completed reload, in  1.035 seconds
Domain Reload Profiling:
	ReloadAssembly (1036ms)
		BeginReloadAssembly (139ms)
			ExecutionOrderSort (0ms)
			DisableScriptedObjects (4ms)
			BackupInstance (0ms)
			ReleaseScriptingObjects (0ms)
			CreateAndSetChildDomain (40ms)
		EndReloadAssembly (800ms)
			LoadAssemblies (94ms)
			RebuildTransferFunctionScriptingTraits (0ms)
			SetupTypeCache (254ms)
			ReleaseScriptCaches (2ms)
			RebuildScriptCaches (45ms)
			SetupLoadedEditorAssemblies (351ms)
				LogAssemblyErrors (0ms)
				InitializePlatformSupportModulesInManaged (21ms)
				SetLoadedEditorAssemblies (1ms)
				RefreshPlugins (2ms)
				BeforeProcessingInitializeOnLoad (81ms)
				ProcessInitializeOnLoadAttributes (212ms)
				ProcessInitializeOnLoadMethodAttributes (28ms)
				AfterProcessingInitializeOnLoad (8ms)
				EditorAssembliesLoaded (0ms)
			ExecutionOrderSort2 (0ms)
			AwakeInstancesAfterBackupRestoration (6ms)
Platform modules already initialized, skipping
Refreshing native plugins compatible for Editor in 2.61 ms, found 3 plugins.
Preloading 0 native plugins for Editor in 0.00 ms.
Unloading 3578 Unused Serialized files (Serialized files now loaded: 0)
Unloading 102 unused Assets / (19.0 MB). Loaded Objects now: 4088.
Memory consumption went from 179.0 MB to 160.0 MB.
Total: 9.858500 ms (FindLiveObjects: 0.464700 ms CreateObjectMapping: 0.249200 ms MarkObjects: 2.720000 ms  DeleteObjects: 6.422400 ms)

AssetImportParameters requested are different than current active one (requested -> active):
  custom:video-decoder-ogg-theora: a1e56fd34408186e4bbccfd4996cb3dc -> 
  custom:container-muxer-webm: aa71ff27fc2769a1b78a27578f13a17b -> 
  custom:container-demuxer-webm: 4f35f7cbe854078d1ac9338744f61a02 -> 
  custom:video-encoder-webm-vp8: eb34c28f22e8b96e1ab97ce403110664 -> 
  custom:audio-encoder-webm-vorbis: bf7c407c2cedff20999df2af8eb42d56 -> 
  custom:framework-win-MediaFoundation: 216162199b28c13a410421893ffa2e32 -> 
  custom:container-demuxer-ogg: 62fdf1f143b41e24485cea50d1cbac27 -> 
  custom:video-decoder-webm-vp8: 9c59270c3fd7afecdb556c50c9e8de78 -> 
  custom:audio-decoder-ogg-vorbis: bf7c407c2cedff20999df2af8eb42d56 -> 
Editor requested this worker to shutdown with reason: Scaling down because of idle timeout
AssetImportWorker is now disconnected from the server
Process exiting
Exiting without the bug reporter. Application will terminate with return code 0