Using pre-set license
Built from '2021.3/staging' branch; Version is '2021.3.5f1 (40eb3a945986) revision 4254522'; Using compiler version '192829333'; Build Type 'Release'
OS: 'Windows 10  (10.0.19044) 64bit Enterprise' Language: 'en' Physical Memory: 15741 MB
BatchMode: 1, IsHumanControllingUs: 0, StartBugReporterOnCrash: 0, Is64bit: 1, IsPro: 1

COMMAND LINE ARGUMENTS:
C:\Program Files\Unity\Hub\Editor\2021.3.5f1\Editor\Unity.exe
-adb2
-batchMode
-noUpm
-name
AssetImportWorker6
-projectPath
C:/Users/WarmHeartedSnowman/Documents/PR_GAME/Pr num_3/Day 3
-logFile
Logs/AssetImportWorker6.log
-srvPort
63961
Successfully changed project path to: C:/Users/WarmHeartedSnowman/Documents/PR_GAME/Pr num_3/Day 3
C:/Users/WarmHeartedSnowman/Documents/PR_GAME/Pr num_3/Day 3
[UnityMemory] Configuration Parameters - Can be set up in boot.config
    "memorysetup-bucket-allocator-granularity=16"
    "memorysetup-bucket-allocator-bucket-count=8"
    "memorysetup-bucket-allocator-block-size=33554432"
    "memorysetup-bucket-allocator-block-count=8"
    "memorysetup-main-allocator-block-size=16777216"
    "memorysetup-thread-allocator-block-size=16777216"
    "memorysetup-gfx-main-allocator-block-size=16777216"
    "memorysetup-gfx-thread-allocator-block-size=16777216"
    "memorysetup-cache-allocator-block-size=4194304"
    "memorysetup-typetree-allocator-block-size=2097152"
    "memorysetup-profiler-bucket-allocator-granularity=16"
    "memorysetup-profiler-bucket-allocator-bucket-count=8"
    "memorysetup-profiler-bucket-allocator-block-size=33554432"
    "memorysetup-profiler-bucket-allocator-block-count=8"
    "memorysetup-profiler-allocator-block-size=16777216"
    "memorysetup-profiler-editor-allocator-block-size=1048576"
    "memorysetup-temp-allocator-size-main=16777216"
    "memorysetup-job-temp-allocator-block-size=2097152"
    "memorysetup-job-temp-allocator-block-size-background=1048576"
    "memorysetup-job-temp-allocator-reduction-small-platforms=262144"
    "memorysetup-temp-allocator-size-background-worker=32768"
    "memorysetup-temp-allocator-size-job-worker=262144"
    "memorysetup-temp-allocator-size-preload-manager=33554432"
    "memorysetup-temp-allocator-size-nav-mesh-worker=65536"
    "memorysetup-temp-allocator-size-audio-worker=65536"
    "memorysetup-temp-allocator-size-cloud-worker=32768"
    "memorysetup-temp-allocator-size-gi-baking-worker=262144"
    "memorysetup-temp-allocator-size-gfx=262144"
Refreshing native plugins compatible for Editor in 159.75 ms, found 3 plugins.
Preloading 0 native plugins for Editor in 0.00 ms.
Initialize engine version: 2021.3.5f1 (40eb3a945986)
[Subsystems] Discovering subsystems at path C:/Program Files/Unity/Hub/Editor/2021.3.5f1/Editor/Data/Resources/UnitySubsystems
[Subsystems] Discovering subsystems at path C:/Users/WarmHeartedSnowman/Documents/PR_GAME/Pr num_3/Day 3/Assets
GfxDevice: creating device client; threaded=0; jobified=0
Direct3D:
    Version:  Direct3D 11.0 [level 11.1]
    Renderer: NVIDIA GeForce GTX 1650 (ID=0x1f99)
    Vendor:   NVIDIA
    VRAM:     3962 MB
    Driver:   30.0.14.7219
Initialize mono
Mono path[0] = 'C:/Program Files/Unity/Hub/Editor/2021.3.5f1/Editor/Data/Managed'
Mono path[1] = 'C:/Program Files/Unity/Hub/Editor/2021.3.5f1/Editor/Data/MonoBleedingEdge/lib/mono/unityjit-win32'
Mono config path = 'C:/Program Files/Unity/Hub/Editor/2021.3.5f1/Editor/Data/MonoBleedingEdge/etc'
Using monoOptions --debugger-agent=transport=dt_socket,embedding=1,server=y,suspend=n,address=127.0.0.1:56664
Begin MonoManager ReloadAssembly
Registering precompiled unity dll's ...
Register platform support module: C:/Program Files/Unity/Hub/Editor/2021.3.5f1/Editor/Data/PlaybackEngines/WebGLSupport/UnityEditor.WebGL.Extensions.dll
Register platform support module: C:/Program Files/Unity/Hub/Editor/2021.3.5f1/Editor/Data/PlaybackEngines/WindowsStandaloneSupport/UnityEditor.WindowsStandalone.Extensions.dll
Registered in 0.010697 seconds.
Native extension for WindowsStandalone target not found
Native extension for WebGL target not found
Refreshing native plugins compatible for Editor in 136.67 ms, found 3 plugins.
Preloading 0 native plugins for Editor in 0.00 ms.
Mono: successfully reloaded assembly
- Completed reload, in  0.865 seconds
Domain Reload Profiling:
	ReloadAssembly (866ms)
		BeginReloadAssembly (98ms)
			ExecutionOrderSort (0ms)
			DisableScriptedObjects (0ms)
			BackupInstance (0ms)
			ReleaseScriptingObjects (0ms)
			CreateAndSetChildDomain (1ms)
		EndReloadAssembly (614ms)
			LoadAssemblies (95ms)
			RebuildTransferFunctionScriptingTraits (0ms)
			SetupTypeCache (134ms)
			ReleaseScriptCaches (0ms)
			RebuildScriptCaches (29ms)
			SetupLoadedEditorAssemblies (391ms)
				LogAssemblyErrors (0ms)
				InitializePlatformSupportModulesInManaged (10ms)
				SetLoadedEditorAssemblies (0ms)
				RefreshPlugins (137ms)
				BeforeProcessingInitializeOnLoad (1ms)
				ProcessInitializeOnLoadAttributes (185ms)
				ProcessInitializeOnLoadMethodAttributes (57ms)
				AfterProcessingInitializeOnLoad (0ms)
				EditorAssembliesLoaded (0ms)
			ExecutionOrderSort2 (0ms)
			AwakeInstancesAfterBackupRestoration (0ms)
Platform modules already initialized, skipping
Registering precompiled user dll's ...
Registered in 0.009586 seconds.
Begin MonoManager ReloadAssembly
Symbol file LoadedFromMemory doesn't match image C:\Users\WarmHeartedSnowman\Documents\PR_GAME\Pr num_3\Day 3\Library\PackageCache\com.unity.visualscripting@1.7.8\Editor\VisualScripting.Core\Dependencies\YamlDotNet\Unity.VisualScripting.YamlDotNet.dll
Symbol file LoadedFromMemory doesn't match image C:\Users\WarmHeartedSnowman\Documents\PR_GAME\Pr num_3\Day 3\Library\PackageCache\com.unity.visualscripting@1.7.8\Editor\VisualScripting.Core\Dependencies\DotNetZip\Unity.VisualScripting.IonicZip.dll
Native extension for WindowsStandalone target not found
Native extension for WebGL target not found
Refreshing native plugins compatible for Editor in 1.89 ms, found 3 plugins.
Preloading 0 native plugins for Editor in 0.00 ms.
Mono: successfully reloaded assembly
- Completed reload, in  1.323 seconds
Domain Reload Profiling:
	ReloadAssembly (1324ms)
		BeginReloadAssembly (137ms)
			ExecutionOrderSort (0ms)
			DisableScriptedObjects (6ms)
			BackupInstance (0ms)
			ReleaseScriptingObjects (0ms)
			CreateAndSetChildDomain (22ms)
		EndReloadAssembly (1021ms)
			LoadAssemblies (101ms)
			RebuildTransferFunctionScriptingTraits (0ms)
			SetupTypeCache (332ms)
			ReleaseScriptCaches (1ms)
			RebuildScriptCaches (72ms)
			SetupLoadedEditorAssemblies (470ms)
				LogAssemblyErrors (0ms)
				InitializePlatformSupportModulesInManaged (11ms)
				SetLoadedEditorAssemblies (1ms)
				RefreshPlugins (2ms)
				BeforeProcessingInitializeOnLoad (102ms)
				ProcessInitializeOnLoadAttributes (311ms)
				ProcessInitializeOnLoadMethodAttributes (35ms)
				AfterProcessingInitializeOnLoad (9ms)
				EditorAssembliesLoaded (0ms)
			ExecutionOrderSort2 (0ms)
			AwakeInstancesAfterBackupRestoration (7ms)
Platform modules already initialized, skipping
========================================================================
Worker process is ready to serve import requests
Launched and connected shader compiler UnityShaderCompiler.exe after 0.07 seconds
Refreshing native plugins compatible for Editor in 2.26 ms, found 3 plugins.
Preloading 0 native plugins for Editor in 0.00 ms.
Unloading 3649 Unused Serialized files (Serialized files now loaded: 0)
Unloading 109 unused Assets / (19.1 MB). Loaded Objects now: 4043.
Memory consumption went from 181.3 MB to 162.3 MB.
Total: 14.087400 ms (FindLiveObjects: 0.667700 ms CreateObjectMapping: 0.300100 ms MarkObjects: 4.581700 ms  DeleteObjects: 8.534300 ms)

AssetImportParameters requested are different than current active one (requested -> active):
  custom:video-decoder-ogg-theora: a1e56fd34408186e4bbccfd4996cb3dc -> 
  custom:container-muxer-webm: aa71ff27fc2769a1b78a27578f13a17b -> 
  custom:container-demuxer-webm: 4f35f7cbe854078d1ac9338744f61a02 -> 
  custom:video-encoder-webm-vp8: eb34c28f22e8b96e1ab97ce403110664 -> 
  custom:audio-encoder-webm-vorbis: bf7c407c2cedff20999df2af8eb42d56 -> 
  custom:framework-win-MediaFoundation: 216162199b28c13a410421893ffa2e32 -> 
  custom:container-demuxer-ogg: 62fdf1f143b41e24485cea50d1cbac27 -> 
  custom:video-decoder-webm-vp8: 9c59270c3fd7afecdb556c50c9e8de78 -> 
  custom:audio-decoder-ogg-vorbis: bf7c407c2cedff20999df2af8eb42d56 -> 
========================================================================
Received Prepare
Registering precompiled user dll's ...
Registered in 0.008903 seconds.
Begin MonoManager ReloadAssembly
Symbol file LoadedFromMemory doesn't match image C:\Users\WarmHeartedSnowman\Documents\PR_GAME\Pr num_3\Day 3\Library\PackageCache\com.unity.visualscripting@1.7.8\Editor\VisualScripting.Core\Dependencies\YamlDotNet\Unity.VisualScripting.YamlDotNet.dll
Symbol file LoadedFromMemory doesn't match image C:\Users\WarmHeartedSnowman\Documents\PR_GAME\Pr num_3\Day 3\Library\PackageCache\com.unity.visualscripting@1.7.8\Editor\VisualScripting.Core\Dependencies\DotNetZip\Unity.VisualScripting.IonicZip.dll
Native extension for WindowsStandalone target not found
Native extension for WebGL target not found
Refreshing native plugins compatible for Editor in 1.83 ms, found 3 plugins.
Preloading 0 native plugins for Editor in 0.00 ms.
Mono: successfully reloaded assembly
- Completed reload, in  1.195 seconds
Domain Reload Profiling:
	ReloadAssembly (1196ms)
		BeginReloadAssembly (159ms)
			ExecutionOrderSort (0ms)
			DisableScriptedObjects (5ms)
			BackupInstance (0ms)
			ReleaseScriptingObjects (0ms)
			CreateAndSetChildDomain (44ms)
		EndReloadAssembly (910ms)
			LoadAssemblies (100ms)
			RebuildTransferFunctionScriptingTraits (0ms)
			SetupTypeCache (296ms)
			ReleaseScriptCaches (2ms)
			RebuildScriptCaches (56ms)
			SetupLoadedEditorAssemblies (409ms)
				LogAssemblyErrors (0ms)
				InitializePlatformSupportModulesInManaged (19ms)
				SetLoadedEditorAssemblies (1ms)
				RefreshPlugins (2ms)
				BeforeProcessingInitializeOnLoad (83ms)
				ProcessInitializeOnLoadAttributes (263ms)
				ProcessInitializeOnLoadMethodAttributes (32ms)
				AfterProcessingInitializeOnLoad (9ms)
				EditorAssembliesLoaded (0ms)
			ExecutionOrderSort2 (0ms)
			AwakeInstancesAfterBackupRestoration (7ms)
Platform modules already initialized, skipping
Refreshing native plugins compatible for Editor in 5.17 ms, found 3 plugins.
Preloading 0 native plugins for Editor in 0.00 ms.
Unloading 3576 Unused Serialized files (Serialized files now loaded: 0)
Unloading 102 unused Assets / (19.0 MB). Loaded Objects now: 4046.
Memory consumption went from 174.3 MB to 155.2 MB.
Total: 14.426200 ms (FindLiveObjects: 0.530700 ms CreateObjectMapping: 0.207900 ms MarkObjects: 3.977000 ms  DeleteObjects: 9.708000 ms)

AssetImportParameters requested are different than current active one (requested -> active):
  custom:video-decoder-ogg-theora: a1e56fd34408186e4bbccfd4996cb3dc -> 
  custom:container-muxer-webm: aa71ff27fc2769a1b78a27578f13a17b -> 
  custom:container-demuxer-webm: 4f35f7cbe854078d1ac9338744f61a02 -> 
  custom:video-encoder-webm-vp8: eb34c28f22e8b96e1ab97ce403110664 -> 
  custom:audio-encoder-webm-vorbis: bf7c407c2cedff20999df2af8eb42d56 -> 
  custom:framework-win-MediaFoundation: 216162199b28c13a410421893ffa2e32 -> 
  custom:container-demuxer-ogg: 62fdf1f143b41e24485cea50d1cbac27 -> 
  custom:video-decoder-webm-vp8: 9c59270c3fd7afecdb556c50c9e8de78 -> 
  custom:audio-decoder-ogg-vorbis: bf7c407c2cedff20999df2af8eb42d56 -> 
========================================================================
Received Prepare
Registering precompiled user dll's ...
Registered in 0.007074 seconds.
Begin MonoManager ReloadAssembly
Symbol file LoadedFromMemory doesn't match image C:\Users\WarmHeartedSnowman\Documents\PR_GAME\Pr num_3\Day 3\Library\PackageCache\com.unity.visualscripting@1.7.8\Editor\VisualScripting.Core\Dependencies\YamlDotNet\Unity.VisualScripting.YamlDotNet.dll
Symbol file LoadedFromMemory doesn't match image C:\Users\WarmHeartedSnowman\Documents\PR_GAME\Pr num_3\Day 3\Library\PackageCache\com.unity.visualscripting@1.7.8\Editor\VisualScripting.Core\Dependencies\DotNetZip\Unity.VisualScripting.IonicZip.dll
Native extension for WindowsStandalone target not found
Native extension for WebGL target not found
Refreshing native plugins compatible for Editor in 1.22 ms, found 3 plugins.
Preloading 0 native plugins for Editor in 0.00 ms.
Mono: successfully reloaded assembly
- Completed reload, in  1.170 seconds
Domain Reload Profiling:
	ReloadAssembly (1171ms)
		BeginReloadAssembly (154ms)
			ExecutionOrderSort (0ms)
			DisableScriptedObjects (7ms)
			BackupInstance (0ms)
			ReleaseScriptingObjects (0ms)
			CreateAndSetChildDomain (46ms)
		EndReloadAssembly (907ms)
			LoadAssemblies (94ms)
			RebuildTransferFunctionScriptingTraits (0ms)
			SetupTypeCache (310ms)
			ReleaseScriptCaches (1ms)
			RebuildScriptCaches (47ms)
			SetupLoadedEditorAssemblies (407ms)
				LogAssemblyErrors (0ms)
				InitializePlatformSupportModulesInManaged (17ms)
				SetLoadedEditorAssemblies (1ms)
				RefreshPlugins (1ms)
				BeforeProcessingInitializeOnLoad (78ms)
				ProcessInitializeOnLoadAttributes (271ms)
				ProcessInitializeOnLoadMethodAttributes (30ms)
				AfterProcessingInitializeOnLoad (9ms)
				EditorAssembliesLoaded (0ms)
			ExecutionOrderSort2 (0ms)
			AwakeInstancesAfterBackupRestoration (7ms)
Platform modules already initialized, skipping
Refreshing native plugins compatible for Editor in 4.16 ms, found 3 plugins.
Preloading 0 native plugins for Editor in 0.00 ms.
Unloading 3576 Unused Serialized files (Serialized files now loaded: 0)
Unloading 102 unused Assets / (19.0 MB). Loaded Objects now: 4049.
Memory consumption went from 174.3 MB to 155.3 MB.
Total: 14.619500 ms (FindLiveObjects: 0.703000 ms CreateObjectMapping: 0.437700 ms MarkObjects: 3.438300 ms  DeleteObjects: 10.038000 ms)

AssetImportParameters requested are different than current active one (requested -> active):
  custom:video-decoder-ogg-theora: a1e56fd34408186e4bbccfd4996cb3dc -> 
  custom:container-muxer-webm: aa71ff27fc2769a1b78a27578f13a17b -> 
  custom:container-demuxer-webm: 4f35f7cbe854078d1ac9338744f61a02 -> 
  custom:video-encoder-webm-vp8: eb34c28f22e8b96e1ab97ce403110664 -> 
  custom:audio-encoder-webm-vorbis: bf7c407c2cedff20999df2af8eb42d56 -> 
  custom:framework-win-MediaFoundation: 216162199b28c13a410421893ffa2e32 -> 
  custom:container-demuxer-ogg: 62fdf1f143b41e24485cea50d1cbac27 -> 
  custom:video-decoder-webm-vp8: 9c59270c3fd7afecdb556c50c9e8de78 -> 
  custom:audio-decoder-ogg-vorbis: bf7c407c2cedff20999df2af8eb42d56 -> 
========================================================================
Received Import Request.
  Time since last request: 124577.065809 seconds.
  path: Assets/Sample_Assets_PCKGs/GUI Mobile Hyper-Casual/Sprites/Sprites by Menu/In Game-assets/Button Pub Continue.png
  artifactKey: Guid(345443d073f40e04ebeb130c2db0ab0d) Importer(815301076,1909f56bfc062723c751e8b465ee728b)
Start importing Assets/Sample_Assets_PCKGs/GUI Mobile Hyper-Casual/Sprites/Sprites by Menu/In Game-assets/Button Pub Continue.png using Guid(345443d073f40e04ebeb130c2db0ab0d) Importer(815301076,1909f56bfc062723c751e8b465ee728b)  -> (artifact id: 'b13c47abb4683ed5c82bcac1ddba9d19') in 0.169108 seconds 
========================================================================
Received Import Request.
  Time since last request: 89.704606 seconds.
  path: Assets/Art/Sprites/Brick-Blue.png
  artifactKey: Guid(60b929392d39d4a47a3742d5fa2c177c) Importer(815301076,1909f56bfc062723c751e8b465ee728b)
Start importing Assets/Art/Sprites/Brick-Blue.png using Guid(60b929392d39d4a47a3742d5fa2c177c) Importer(815301076,1909f56bfc062723c751e8b465ee728b)  -> (artifact id: '75b5ef930e58de017c0de7a27ac6f326') in 0.037552 seconds 
========================================================================
Received Import Request.
  Time since last request: 120.501457 seconds.
  path: Assets/Level/Prefabs/Brick.prefab
  artifactKey: Guid(3fd3745c16cb9e4448b201507a095c38) Importer(815301076,1909f56bfc062723c751e8b465ee728b)
Start importing Assets/Level/Prefabs/Brick.prefab using Guid(3fd3745c16cb9e4448b201507a095c38) Importer(815301076,1909f56bfc062723c751e8b465ee728b)  -> (artifact id: 'bac2cbf718f1763084881064f66bfb98') in 0.055540 seconds 
========================================================================
Received Import Request.
  Time since last request: 331.508470 seconds.
  path: Assets/Art/Sprites/Brick-Gray.png
  artifactKey: Guid(96a9eed4f590c3c4f8adffaa3ff67ca0) Importer(815301076,1909f56bfc062723c751e8b465ee728b)
Start importing Assets/Art/Sprites/Brick-Gray.png using Guid(96a9eed4f590c3c4f8adffaa3ff67ca0) Importer(815301076,1909f56bfc062723c751e8b465ee728b)  -> (artifact id: 'b4c9aae64e32632b2791eeb36d21e4ea') in 0.023896 seconds 
========================================================================
Received Import Request.
  Time since last request: 5.599576 seconds.
  path: Assets/Art/Sprites/Brick-Green.png
  artifactKey: Guid(04746c611a7a38b46a9fdd8f6570e15a) Importer(815301076,1909f56bfc062723c751e8b465ee728b)
Start importing Assets/Art/Sprites/Brick-Green.png using Guid(04746c611a7a38b46a9fdd8f6570e15a) Importer(815301076,1909f56bfc062723c751e8b465ee728b)  -> (artifact id: '9eaaee29388be98999d60cc081356814') in 0.020883 seconds 
========================================================================
Received Import Request.
  Time since last request: 5.188304 seconds.
  path: Assets/Art/Sprites/Brick-Orange.png
  artifactKey: Guid(f0d1371f4fcd973419b5ccaf0bd81e77) Importer(815301076,1909f56bfc062723c751e8b465ee728b)
Start importing Assets/Art/Sprites/Brick-Orange.png using Guid(f0d1371f4fcd973419b5ccaf0bd81e77) Importer(815301076,1909f56bfc062723c751e8b465ee728b)  -> (artifact id: '249af4c6a1e4d21de5e163924290099c') in 0.022494 seconds 
========================================================================
Received Import Request.
  Time since last request: 0.000027 seconds.
  path: Assets/Art/Sprites/Brick-Yellow.png
  artifactKey: Guid(e0771f6410c7de648a0fa1311f3728db) Importer(815301076,1909f56bfc062723c751e8b465ee728b)
Start importing Assets/Art/Sprites/Brick-Yellow.png using Guid(e0771f6410c7de648a0fa1311f3728db) Importer(815301076,1909f56bfc062723c751e8b465ee728b)  -> (artifact id: '6f956c3125b1efeed299c047a2598e9c') in 0.042333 seconds 
========================================================================
Received Import Request.
  Time since last request: 12.531221 seconds.
  path: Assets/Art/Sprites/Paddle.png
  artifactKey: Guid(67811601f20039e4185e9adcf4487473) Importer(815301076,1909f56bfc062723c751e8b465ee728b)
Start importing Assets/Art/Sprites/Paddle.png using Guid(67811601f20039e4185e9adcf4487473) Importer(815301076,1909f56bfc062723c751e8b465ee728b)  -> (artifact id: '0d211ca53feaac5c34554e870ccf8e2e') in 0.023575 seconds 
========================================================================
Received Import Request.
  Time since last request: 13.481396 seconds.
  path: Assets/Sample_Assets_PCKGs/GUI Mobile Hyper-Casual/Sprites/Items PSD + PNG/Bow/Bow.psd
  artifactKey: Guid(c684ec14a352c8e45aa1610ac2a4ab94) Importer(815301076,1909f56bfc062723c751e8b465ee728b)
Start importing Assets/Sample_Assets_PCKGs/GUI Mobile Hyper-Casual/Sprites/Items PSD + PNG/Bow/Bow.psd using Guid(c684ec14a352c8e45aa1610ac2a4ab94) Importer(815301076,1909f56bfc062723c751e8b465ee728b)  -> (artifact id: 'd3feeb99801ec58b7b9e9140d9306675') in 0.090365 seconds 
========================================================================
Received Import Request.
  Time since last request: 0.000033 seconds.
  path: Assets/Sample_Assets_PCKGs/GUI Mobile Hyper-Casual/Sprites/Items PSD + PNG/Sherif Stars/Bronze.png
  artifactKey: Guid(9954e757621332d4688959482e8e508e) Importer(815301076,1909f56bfc062723c751e8b465ee728b)
Start importing Assets/Sample_Assets_PCKGs/GUI Mobile Hyper-Casual/Sprites/Items PSD + PNG/Sherif Stars/Bronze.png using Guid(9954e757621332d4688959482e8e508e) Importer(815301076,1909f56bfc062723c751e8b465ee728b)  -> (artifact id: '1eaa4ab9de16ffe57ec7f9609d831976') in 0.045140 seconds 
========================================================================
Received Import Request.
  Time since last request: 0.000045 seconds.
  path: Assets/Sample_Assets_PCKGs/GUI Mobile Hyper-Casual/Sprites/Sprites by Menu/Buttons-assets/Button2.png
  artifactKey: Guid(b77e64136c7b1404fbda896112c6c39a) Importer(815301076,1909f56bfc062723c751e8b465ee728b)
Start importing Assets/Sample_Assets_PCKGs/GUI Mobile Hyper-Casual/Sprites/Sprites by Menu/Buttons-assets/Button2.png using Guid(b77e64136c7b1404fbda896112c6c39a) Importer(815301076,1909f56bfc062723c751e8b465ee728b)  -> (artifact id: '8e9befb310b77f7d7e4bf20a505658b9') in 0.042726 seconds 
========================================================================
Received Import Request.
  Time since last request: 0.000023 seconds.
  path: Assets/Sample_Assets_PCKGs/GUI Mobile Hyper-Casual/Sprites/Items PSD + PNG/Bow/Bow Outline.png
  artifactKey: Guid(371051f1ea3639d4fb74067afc5593f5) Importer(815301076,1909f56bfc062723c751e8b465ee728b)
Start importing Assets/Sample_Assets_PCKGs/GUI Mobile Hyper-Casual/Sprites/Items PSD + PNG/Bow/Bow Outline.png using Guid(371051f1ea3639d4fb74067afc5593f5) Importer(815301076,1909f56bfc062723c751e8b465ee728b)  -> (artifact id: '0ebcaf08ecdc577f3bb427a0f38a0037') in 0.049406 seconds 
========================================================================
Received Import Request.
  Time since last request: 0.000036 seconds.
  path: Assets/Sample_Assets_PCKGs/GUI Mobile Hyper-Casual/Sprites/Sprites by Menu/Prize Machine-assets/Case Chest Lock.png
  artifactKey: Guid(935a6df5c719b5b4182de43b9bf3fa05) Importer(815301076,1909f56bfc062723c751e8b465ee728b)
Start importing Assets/Sample_Assets_PCKGs/GUI Mobile Hyper-Casual/Sprites/Sprites by Menu/Prize Machine-assets/Case Chest Lock.png using Guid(935a6df5c719b5b4182de43b9bf3fa05) Importer(815301076,1909f56bfc062723c751e8b465ee728b)  -> (artifact id: '8a851d20989cdc8d0723734e87483dce') in 0.049147 seconds 
========================================================================
Received Import Request.
  Time since last request: 0.000036 seconds.
  path: Assets/Sample_Assets_PCKGs/GUI Mobile Hyper-Casual/Sprites/Sprites by Menu/Home-assets/Case Day 2.png
  artifactKey: Guid(fc35e0867b398054eb3b56a9cf51ebaa) Importer(815301076,1909f56bfc062723c751e8b465ee728b)
Start importing Assets/Sample_Assets_PCKGs/GUI Mobile Hyper-Casual/Sprites/Sprites by Menu/Home-assets/Case Day 2.png using Guid(fc35e0867b398054eb3b56a9cf51ebaa) Importer(815301076,1909f56bfc062723c751e8b465ee728b)  -> (artifact id: 'd63c4c4016840be766292f29c341b0ea') in 0.047876 seconds 
========================================================================
Received Import Request.
  Time since last request: 0.000023 seconds.
  path: Assets/Sample_Assets_PCKGs/GUI Mobile Hyper-Casual/Sprites/Sprites by Menu/Home-assets/Case Day 1.png
  artifactKey: Guid(efff13787579e7649939b29670d40a4b) Importer(815301076,1909f56bfc062723c751e8b465ee728b)
Start importing Assets/Sample_Assets_PCKGs/GUI Mobile Hyper-Casual/Sprites/Sprites by Menu/Home-assets/Case Day 1.png using Guid(efff13787579e7649939b29670d40a4b) Importer(815301076,1909f56bfc062723c751e8b465ee728b)  -> (artifact id: 'b1d3b56d0629647c36aa7affdb7b4189') in 0.036108 seconds 
Editor requested this worker to shutdown with reason: Scaling down because of idle timeout
AssetImportWorker is now disconnected from the server
Process exiting
Exiting without the bug reporter. Application will terminate with return code 0