Using pre-set license
Built from '2021.3/staging' branch; Version is '2021.3.5f1 (40eb3a945986) revision 4254522'; Using compiler version '192829333'; Build Type 'Release'
OS: 'Windows 10  (10.0.19044) 64bit Enterprise' Language: 'en' Physical Memory: 15741 MB
BatchMode: 1, IsHumanControllingUs: 0, StartBugReporterOnCrash: 0, Is64bit: 1, IsPro: 1

COMMAND LINE ARGUMENTS:
C:\Program Files\Unity\Hub\Editor\2021.3.5f1\Editor\Unity.exe
-adb2
-batchMode
-noUpm
-name
AssetImportWorker5
-projectPath
C:/Users/WarmHeartedSnowman/Documents/PR_GAME/Pr num_3/Day 3
-logFile
Logs/AssetImportWorker5.log
-srvPort
50807
Successfully changed project path to: C:/Users/WarmHeartedSnowman/Documents/PR_GAME/Pr num_3/Day 3
C:/Users/WarmHeartedSnowman/Documents/PR_GAME/Pr num_3/Day 3
[UnityMemory] Configuration Parameters - Can be set up in boot.config
    "memorysetup-bucket-allocator-granularity=16"
    "memorysetup-bucket-allocator-bucket-count=8"
    "memorysetup-bucket-allocator-block-size=33554432"
    "memorysetup-bucket-allocator-block-count=8"
    "memorysetup-main-allocator-block-size=16777216"
    "memorysetup-thread-allocator-block-size=16777216"
    "memorysetup-gfx-main-allocator-block-size=16777216"
    "memorysetup-gfx-thread-allocator-block-size=16777216"
    "memorysetup-cache-allocator-block-size=4194304"
    "memorysetup-typetree-allocator-block-size=2097152"
    "memorysetup-profiler-bucket-allocator-granularity=16"
    "memorysetup-profiler-bucket-allocator-bucket-count=8"
    "memorysetup-profiler-bucket-allocator-block-size=33554432"
    "memorysetup-profiler-bucket-allocator-block-count=8"
    "memorysetup-profiler-allocator-block-size=16777216"
    "memorysetup-profiler-editor-allocator-block-size=1048576"
    "memorysetup-temp-allocator-size-main=16777216"
    "memorysetup-job-temp-allocator-block-size=2097152"
    "memorysetup-job-temp-allocator-block-size-background=1048576"
    "memorysetup-job-temp-allocator-reduction-small-platforms=262144"
    "memorysetup-temp-allocator-size-background-worker=32768"
    "memorysetup-temp-allocator-size-job-worker=262144"
    "memorysetup-temp-allocator-size-preload-manager=33554432"
    "memorysetup-temp-allocator-size-nav-mesh-worker=65536"
    "memorysetup-temp-allocator-size-audio-worker=65536"
    "memorysetup-temp-allocator-size-cloud-worker=32768"
    "memorysetup-temp-allocator-size-gi-baking-worker=262144"
    "memorysetup-temp-allocator-size-gfx=262144"
Refreshing native plugins compatible for Editor in 109.93 ms, found 3 plugins.
Preloading 0 native plugins for Editor in 0.00 ms.
Initialize engine version: 2021.3.5f1 (40eb3a945986)
[Subsystems] Discovering subsystems at path C:/Program Files/Unity/Hub/Editor/2021.3.5f1/Editor/Data/Resources/UnitySubsystems
[Subsystems] Discovering subsystems at path C:/Users/WarmHeartedSnowman/Documents/PR_GAME/Pr num_3/Day 3/Assets
GfxDevice: creating device client; threaded=0; jobified=0
Direct3D:
    Version:  Direct3D 11.0 [level 11.1]
    Renderer: NVIDIA GeForce GTX 1650 (ID=0x1f99)
    Vendor:   NVIDIA
    VRAM:     3962 MB
    Driver:   30.0.14.7219
Initialize mono
Mono path[0] = 'C:/Program Files/Unity/Hub/Editor/2021.3.5f1/Editor/Data/Managed'
Mono path[1] = 'C:/Program Files/Unity/Hub/Editor/2021.3.5f1/Editor/Data/MonoBleedingEdge/lib/mono/unityjit-win32'
Mono config path = 'C:/Program Files/Unity/Hub/Editor/2021.3.5f1/Editor/Data/MonoBleedingEdge/etc'
Using monoOptions --debugger-agent=transport=dt_socket,embedding=1,server=y,suspend=n,address=127.0.0.1:56192
Begin MonoManager ReloadAssembly
Registering precompiled unity dll's ...
Register platform support module: C:/Program Files/Unity/Hub/Editor/2021.3.5f1/Editor/Data/PlaybackEngines/WebGLSupport/UnityEditor.WebGL.Extensions.dll
Register platform support module: C:/Program Files/Unity/Hub/Editor/2021.3.5f1/Editor/Data/PlaybackEngines/WindowsStandaloneSupport/UnityEditor.WindowsStandalone.Extensions.dll
Registered in 0.007063 seconds.
Native extension for WindowsStandalone target not found
Native extension for WebGL target not found
Refreshing native plugins compatible for Editor in 108.77 ms, found 3 plugins.
Preloading 0 native plugins for Editor in 0.00 ms.
Mono: successfully reloaded assembly
- Completed reload, in  0.651 seconds
Domain Reload Profiling:
	ReloadAssembly (651ms)
		BeginReloadAssembly (65ms)
			ExecutionOrderSort (0ms)
			DisableScriptedObjects (0ms)
			BackupInstance (0ms)
			ReleaseScriptingObjects (0ms)
			CreateAndSetChildDomain (1ms)
		EndReloadAssembly (481ms)
			LoadAssemblies (63ms)
			RebuildTransferFunctionScriptingTraits (0ms)
			SetupTypeCache (103ms)
			ReleaseScriptCaches (0ms)
			RebuildScriptCaches (26ms)
			SetupLoadedEditorAssemblies (295ms)
				LogAssemblyErrors (0ms)
				InitializePlatformSupportModulesInManaged (9ms)
				SetLoadedEditorAssemblies (0ms)
				RefreshPlugins (109ms)
				BeforeProcessingInitializeOnLoad (1ms)
				ProcessInitializeOnLoadAttributes (133ms)
				ProcessInitializeOnLoadMethodAttributes (43ms)
				AfterProcessingInitializeOnLoad (0ms)
				EditorAssembliesLoaded (0ms)
			ExecutionOrderSort2 (0ms)
			AwakeInstancesAfterBackupRestoration (0ms)
Platform modules already initialized, skipping
Registering precompiled user dll's ...
Registered in 0.007529 seconds.
Begin MonoManager ReloadAssembly
Symbol file LoadedFromMemory doesn't match image C:\Users\WarmHeartedSnowman\Documents\PR_GAME\Pr num_3\Day 3\Library\PackageCache\com.unity.visualscripting@1.7.8\Editor\VisualScripting.Core\Dependencies\YamlDotNet\Unity.VisualScripting.YamlDotNet.dll
Symbol file LoadedFromMemory doesn't match image C:\Users\WarmHeartedSnowman\Documents\PR_GAME\Pr num_3\Day 3\Library\PackageCache\com.unity.visualscripting@1.7.8\Editor\VisualScripting.Core\Dependencies\DotNetZip\Unity.VisualScripting.IonicZip.dll
Native extension for WindowsStandalone target not found
Native extension for WebGL target not found
Refreshing native plugins compatible for Editor in 1.05 ms, found 3 plugins.
Preloading 0 native plugins for Editor in 0.00 ms.
Mono: successfully reloaded assembly
- Completed reload, in  0.995 seconds
Domain Reload Profiling:
	ReloadAssembly (996ms)
		BeginReloadAssembly (100ms)
			ExecutionOrderSort (0ms)
			DisableScriptedObjects (5ms)
			BackupInstance (0ms)
			ReleaseScriptingObjects (0ms)
			CreateAndSetChildDomain (19ms)
		EndReloadAssembly (786ms)
			LoadAssemblies (77ms)
			RebuildTransferFunctionScriptingTraits (0ms)
			SetupTypeCache (248ms)
			ReleaseScriptCaches (1ms)
			RebuildScriptCaches (48ms)
			SetupLoadedEditorAssemblies (372ms)
				LogAssemblyErrors (0ms)
				InitializePlatformSupportModulesInManaged (6ms)
				SetLoadedEditorAssemblies (0ms)
				RefreshPlugins (1ms)
				BeforeProcessingInitializeOnLoad (85ms)
				ProcessInitializeOnLoadAttributes (243ms)
				ProcessInitializeOnLoadMethodAttributes (27ms)
				AfterProcessingInitializeOnLoad (8ms)
				EditorAssembliesLoaded (0ms)
			ExecutionOrderSort2 (0ms)
			AwakeInstancesAfterBackupRestoration (7ms)
Platform modules already initialized, skipping
========================================================================
Worker process is ready to serve import requests
Launched and connected shader compiler UnityShaderCompiler.exe after 0.05 seconds
Refreshing native plugins compatible for Editor in 1.02 ms, found 3 plugins.
Preloading 0 native plugins for Editor in 0.00 ms.
Unloading 3651 Unused Serialized files (Serialized files now loaded: 0)
Unloading 109 unused Assets / (19.1 MB). Loaded Objects now: 4045.
Memory consumption went from 181.4 MB to 162.3 MB.
Total: 9.665800 ms (FindLiveObjects: 0.435800 ms CreateObjectMapping: 0.181800 ms MarkObjects: 2.648100 ms  DeleteObjects: 6.398000 ms)

AssetImportParameters requested are different than current active one (requested -> active):
  custom:video-decoder-ogg-theora: a1e56fd34408186e4bbccfd4996cb3dc -> 
  custom:container-muxer-webm: aa71ff27fc2769a1b78a27578f13a17b -> 
  custom:container-demuxer-webm: 4f35f7cbe854078d1ac9338744f61a02 -> 
  custom:video-encoder-webm-vp8: eb34c28f22e8b96e1ab97ce403110664 -> 
  custom:audio-encoder-webm-vorbis: bf7c407c2cedff20999df2af8eb42d56 -> 
  custom:framework-win-MediaFoundation: 216162199b28c13a410421893ffa2e32 -> 
  custom:container-demuxer-ogg: 62fdf1f143b41e24485cea50d1cbac27 -> 
  custom:video-decoder-webm-vp8: 9c59270c3fd7afecdb556c50c9e8de78 -> 
  custom:audio-decoder-ogg-vorbis: bf7c407c2cedff20999df2af8eb42d56 -> 
========================================================================
Received Prepare
Registering precompiled user dll's ...
Registered in 0.006934 seconds.
Begin MonoManager ReloadAssembly
Symbol file LoadedFromMemory doesn't match image C:\Users\WarmHeartedSnowman\Documents\PR_GAME\Pr num_3\Day 3\Library\PackageCache\com.unity.visualscripting@1.7.8\Editor\VisualScripting.Core\Dependencies\YamlDotNet\Unity.VisualScripting.YamlDotNet.dll
Symbol file LoadedFromMemory doesn't match image C:\Users\WarmHeartedSnowman\Documents\PR_GAME\Pr num_3\Day 3\Library\PackageCache\com.unity.visualscripting@1.7.8\Editor\VisualScripting.Core\Dependencies\DotNetZip\Unity.VisualScripting.IonicZip.dll
Native extension for WindowsStandalone target not found
Native extension for WebGL target not found
Refreshing native plugins compatible for Editor in 1.29 ms, found 3 plugins.
Preloading 0 native plugins for Editor in 0.00 ms.
Mono: successfully reloaded assembly
- Completed reload, in  0.997 seconds
Domain Reload Profiling:
	ReloadAssembly (997ms)
		BeginReloadAssembly (138ms)
			ExecutionOrderSort (0ms)
			DisableScriptedObjects (5ms)
			BackupInstance (0ms)
			ReleaseScriptingObjects (0ms)
			CreateAndSetChildDomain (40ms)
		EndReloadAssembly (759ms)
			LoadAssemblies (86ms)
			RebuildTransferFunctionScriptingTraits (0ms)
			SetupTypeCache (267ms)
			ReleaseScriptCaches (1ms)
			RebuildScriptCaches (44ms)
			SetupLoadedEditorAssemblies (324ms)
				LogAssemblyErrors (0ms)
				InitializePlatformSupportModulesInManaged (16ms)
				SetLoadedEditorAssemblies (0ms)
				RefreshPlugins (1ms)
				BeforeProcessingInitializeOnLoad (72ms)
				ProcessInitializeOnLoadAttributes (197ms)
				ProcessInitializeOnLoadMethodAttributes (28ms)
				AfterProcessingInitializeOnLoad (9ms)
				EditorAssembliesLoaded (0ms)
			ExecutionOrderSort2 (0ms)
			AwakeInstancesAfterBackupRestoration (6ms)
Platform modules already initialized, skipping
Refreshing native plugins compatible for Editor in 2.70 ms, found 3 plugins.
Preloading 0 native plugins for Editor in 0.00 ms.
Unloading 3578 Unused Serialized files (Serialized files now loaded: 0)
Unloading 102 unused Assets / (19.0 MB). Loaded Objects now: 4048.
Memory consumption went from 174.4 MB to 155.3 MB.
Total: 9.743200 ms (FindLiveObjects: 0.357000 ms CreateObjectMapping: 0.091400 ms MarkObjects: 2.642100 ms  DeleteObjects: 6.650500 ms)

AssetImportParameters requested are different than current active one (requested -> active):
  custom:video-decoder-ogg-theora: a1e56fd34408186e4bbccfd4996cb3dc -> 
  custom:container-muxer-webm: aa71ff27fc2769a1b78a27578f13a17b -> 
  custom:container-demuxer-webm: 4f35f7cbe854078d1ac9338744f61a02 -> 
  custom:video-encoder-webm-vp8: eb34c28f22e8b96e1ab97ce403110664 -> 
  custom:audio-encoder-webm-vorbis: bf7c407c2cedff20999df2af8eb42d56 -> 
  custom:framework-win-MediaFoundation: 216162199b28c13a410421893ffa2e32 -> 
  custom:container-demuxer-ogg: 62fdf1f143b41e24485cea50d1cbac27 -> 
  custom:video-decoder-webm-vp8: 9c59270c3fd7afecdb556c50c9e8de78 -> 
  custom:audio-decoder-ogg-vorbis: bf7c407c2cedff20999df2af8eb42d56 -> 
========================================================================
Received Prepare
Registering precompiled user dll's ...
Registered in 0.008076 seconds.
Begin MonoManager ReloadAssembly
Symbol file LoadedFromMemory doesn't match image C:\Users\WarmHeartedSnowman\Documents\PR_GAME\Pr num_3\Day 3\Library\PackageCache\com.unity.visualscripting@1.7.8\Editor\VisualScripting.Core\Dependencies\YamlDotNet\Unity.VisualScripting.YamlDotNet.dll
Symbol file LoadedFromMemory doesn't match image C:\Users\WarmHeartedSnowman\Documents\PR_GAME\Pr num_3\Day 3\Library\PackageCache\com.unity.visualscripting@1.7.8\Editor\VisualScripting.Core\Dependencies\DotNetZip\Unity.VisualScripting.IonicZip.dll
Native extension for WindowsStandalone target not found
Native extension for WebGL target not found
Refreshing native plugins compatible for Editor in 1.09 ms, found 3 plugins.
Preloading 0 native plugins for Editor in 0.00 ms.
Mono: successfully reloaded assembly
- Completed reload, in  0.939 seconds
Domain Reload Profiling:
	ReloadAssembly (940ms)
		BeginReloadAssembly (135ms)
			ExecutionOrderSort (0ms)
			DisableScriptedObjects (5ms)
			BackupInstance (0ms)
			ReleaseScriptingObjects (0ms)
			CreateAndSetChildDomain (35ms)
		EndReloadAssembly (712ms)
			LoadAssemblies (92ms)
			RebuildTransferFunctionScriptingTraits (0ms)
			SetupTypeCache (247ms)
			ReleaseScriptCaches (1ms)
			RebuildScriptCaches (43ms)
			SetupLoadedEditorAssemblies (299ms)
				LogAssemblyErrors (0ms)
				InitializePlatformSupportModulesInManaged (14ms)
				SetLoadedEditorAssemblies (0ms)
				RefreshPlugins (1ms)
				BeforeProcessingInitializeOnLoad (65ms)
				ProcessInitializeOnLoadAttributes (185ms)
				ProcessInitializeOnLoadMethodAttributes (26ms)
				AfterProcessingInitializeOnLoad (7ms)
				EditorAssembliesLoaded (0ms)
			ExecutionOrderSort2 (0ms)
			AwakeInstancesAfterBackupRestoration (6ms)
Platform modules already initialized, skipping
Refreshing native plugins compatible for Editor in 2.60 ms, found 3 plugins.
Preloading 0 native plugins for Editor in 0.00 ms.
Unloading 3578 Unused Serialized files (Serialized files now loaded: 0)
Unloading 102 unused Assets / (19.0 MB). Loaded Objects now: 4051.
Memory consumption went from 174.4 MB to 155.3 MB.
Total: 9.413000 ms (FindLiveObjects: 0.433900 ms CreateObjectMapping: 0.112900 ms MarkObjects: 2.369600 ms  DeleteObjects: 6.494800 ms)

AssetImportParameters requested are different than current active one (requested -> active):
  custom:video-decoder-ogg-theora: a1e56fd34408186e4bbccfd4996cb3dc -> 
  custom:container-muxer-webm: aa71ff27fc2769a1b78a27578f13a17b -> 
  custom:container-demuxer-webm: 4f35f7cbe854078d1ac9338744f61a02 -> 
  custom:video-encoder-webm-vp8: eb34c28f22e8b96e1ab97ce403110664 -> 
  custom:audio-encoder-webm-vorbis: bf7c407c2cedff20999df2af8eb42d56 -> 
  custom:framework-win-MediaFoundation: 216162199b28c13a410421893ffa2e32 -> 
  custom:container-demuxer-ogg: 62fdf1f143b41e24485cea50d1cbac27 -> 
  custom:video-decoder-webm-vp8: 9c59270c3fd7afecdb556c50c9e8de78 -> 
  custom:audio-decoder-ogg-vorbis: bf7c407c2cedff20999df2af8eb42d56 -> 
========================================================================
Received Prepare
Registering precompiled user dll's ...
Registered in 0.008025 seconds.
Begin MonoManager ReloadAssembly
Symbol file LoadedFromMemory doesn't match image C:\Users\WarmHeartedSnowman\Documents\PR_GAME\Pr num_3\Day 3\Library\PackageCache\com.unity.visualscripting@1.7.8\Editor\VisualScripting.Core\Dependencies\YamlDotNet\Unity.VisualScripting.YamlDotNet.dll
Symbol file LoadedFromMemory doesn't match image C:\Users\WarmHeartedSnowman\Documents\PR_GAME\Pr num_3\Day 3\Library\PackageCache\com.unity.visualscripting@1.7.8\Editor\VisualScripting.Core\Dependencies\DotNetZip\Unity.VisualScripting.IonicZip.dll
Native extension for WindowsStandalone target not found
Native extension for WebGL target not found
Refreshing native plugins compatible for Editor in 1.21 ms, found 3 plugins.
Preloading 0 native plugins for Editor in 0.00 ms.
Mono: successfully reloaded assembly
- Completed reload, in  1.046 seconds
Domain Reload Profiling:
	ReloadAssembly (1047ms)
		BeginReloadAssembly (141ms)
			ExecutionOrderSort (0ms)
			DisableScriptedObjects (5ms)
			BackupInstance (0ms)
			ReleaseScriptingObjects (0ms)
			CreateAndSetChildDomain (41ms)
		EndReloadAssembly (796ms)
			LoadAssemblies (81ms)
			RebuildTransferFunctionScriptingTraits (0ms)
			SetupTypeCache (254ms)
			ReleaseScriptCaches (1ms)
			RebuildScriptCaches (59ms)
			SetupLoadedEditorAssemblies (335ms)
				LogAssemblyErrors (0ms)
				InitializePlatformSupportModulesInManaged (16ms)
				SetLoadedEditorAssemblies (0ms)
				RefreshPlugins (1ms)
				BeforeProcessingInitializeOnLoad (72ms)
				ProcessInitializeOnLoadAttributes (210ms)
				ProcessInitializeOnLoadMethodAttributes (28ms)
				AfterProcessingInitializeOnLoad (8ms)
				EditorAssembliesLoaded (0ms)
			ExecutionOrderSort2 (0ms)
			AwakeInstancesAfterBackupRestoration (6ms)
Platform modules already initialized, skipping
Refreshing native plugins compatible for Editor in 2.88 ms, found 3 plugins.
Preloading 0 native plugins for Editor in 0.00 ms.
Unloading 3578 Unused Serialized files (Serialized files now loaded: 0)
Unloading 102 unused Assets / (19.0 MB). Loaded Objects now: 4054.
Memory consumption went from 174.4 MB to 155.3 MB.
Total: 10.557900 ms (FindLiveObjects: 0.424600 ms CreateObjectMapping: 0.084300 ms MarkObjects: 2.753100 ms  DeleteObjects: 7.293900 ms)

AssetImportParameters requested are different than current active one (requested -> active):
  custom:video-decoder-ogg-theora: a1e56fd34408186e4bbccfd4996cb3dc -> 
  custom:container-muxer-webm: aa71ff27fc2769a1b78a27578f13a17b -> 
  custom:container-demuxer-webm: 4f35f7cbe854078d1ac9338744f61a02 -> 
  custom:video-encoder-webm-vp8: eb34c28f22e8b96e1ab97ce403110664 -> 
  custom:audio-encoder-webm-vorbis: bf7c407c2cedff20999df2af8eb42d56 -> 
  custom:framework-win-MediaFoundation: 216162199b28c13a410421893ffa2e32 -> 
  custom:container-demuxer-ogg: 62fdf1f143b41e24485cea50d1cbac27 -> 
  custom:video-decoder-webm-vp8: 9c59270c3fd7afecdb556c50c9e8de78 -> 
  custom:audio-decoder-ogg-vorbis: bf7c407c2cedff20999df2af8eb42d56 -> 
========================================================================
Received Prepare
Registering precompiled user dll's ...
Registered in 0.008959 seconds.
Begin MonoManager ReloadAssembly
Symbol file LoadedFromMemory doesn't match image C:\Users\WarmHeartedSnowman\Documents\PR_GAME\Pr num_3\Day 3\Library\PackageCache\com.unity.visualscripting@1.7.8\Editor\VisualScripting.Core\Dependencies\YamlDotNet\Unity.VisualScripting.YamlDotNet.dll
Symbol file LoadedFromMemory doesn't match image C:\Users\WarmHeartedSnowman\Documents\PR_GAME\Pr num_3\Day 3\Library\PackageCache\com.unity.visualscripting@1.7.8\Editor\VisualScripting.Core\Dependencies\DotNetZip\Unity.VisualScripting.IonicZip.dll
Native extension for WindowsStandalone target not found
Native extension for WebGL target not found
Refreshing native plugins compatible for Editor in 1.09 ms, found 3 plugins.
Preloading 0 native plugins for Editor in 0.00 ms.
Mono: successfully reloaded assembly
- Completed reload, in  0.942 seconds
Domain Reload Profiling:
	ReloadAssembly (943ms)
		BeginReloadAssembly (132ms)
			ExecutionOrderSort (0ms)
			DisableScriptedObjects (5ms)
			BackupInstance (0ms)
			ReleaseScriptingObjects (0ms)
			CreateAndSetChildDomain (39ms)
		EndReloadAssembly (715ms)
			LoadAssemblies (87ms)
			RebuildTransferFunctionScriptingTraits (0ms)
			SetupTypeCache (252ms)
			ReleaseScriptCaches (1ms)
			RebuildScriptCaches (41ms)
			SetupLoadedEditorAssemblies (298ms)
				LogAssemblyErrors (0ms)
				InitializePlatformSupportModulesInManaged (13ms)
				SetLoadedEditorAssemblies (0ms)
				RefreshPlugins (1ms)
				BeforeProcessingInitializeOnLoad (67ms)
				ProcessInitializeOnLoadAttributes (183ms)
				ProcessInitializeOnLoadMethodAttributes (25ms)
				AfterProcessingInitializeOnLoad (9ms)
				EditorAssembliesLoaded (0ms)
			ExecutionOrderSort2 (0ms)
			AwakeInstancesAfterBackupRestoration (6ms)
Platform modules already initialized, skipping
Refreshing native plugins compatible for Editor in 2.51 ms, found 3 plugins.
Preloading 0 native plugins for Editor in 0.00 ms.
Unloading 3578 Unused Serialized files (Serialized files now loaded: 0)
Unloading 102 unused Assets / (19.0 MB). Loaded Objects now: 4057.
Memory consumption went from 174.4 MB to 155.4 MB.
Total: 10.113200 ms (FindLiveObjects: 0.433700 ms CreateObjectMapping: 0.170500 ms MarkObjects: 2.699500 ms  DeleteObjects: 6.806300 ms)

AssetImportParameters requested are different than current active one (requested -> active):
  custom:video-decoder-ogg-theora: a1e56fd34408186e4bbccfd4996cb3dc -> 
  custom:container-muxer-webm: aa71ff27fc2769a1b78a27578f13a17b -> 
  custom:container-demuxer-webm: 4f35f7cbe854078d1ac9338744f61a02 -> 
  custom:video-encoder-webm-vp8: eb34c28f22e8b96e1ab97ce403110664 -> 
  custom:audio-encoder-webm-vorbis: bf7c407c2cedff20999df2af8eb42d56 -> 
  custom:framework-win-MediaFoundation: 216162199b28c13a410421893ffa2e32 -> 
  custom:container-demuxer-ogg: 62fdf1f143b41e24485cea50d1cbac27 -> 
  custom:video-decoder-webm-vp8: 9c59270c3fd7afecdb556c50c9e8de78 -> 
  custom:audio-decoder-ogg-vorbis: bf7c407c2cedff20999df2af8eb42d56 -> 
========================================================================
Received Prepare
Registering precompiled user dll's ...
Registered in 0.007027 seconds.
Begin MonoManager ReloadAssembly
Symbol file LoadedFromMemory doesn't match image C:\Users\WarmHeartedSnowman\Documents\PR_GAME\Pr num_3\Day 3\Library\PackageCache\com.unity.visualscripting@1.7.8\Editor\VisualScripting.Core\Dependencies\YamlDotNet\Unity.VisualScripting.YamlDotNet.dll
Symbol file LoadedFromMemory doesn't match image C:\Users\WarmHeartedSnowman\Documents\PR_GAME\Pr num_3\Day 3\Library\PackageCache\com.unity.visualscripting@1.7.8\Editor\VisualScripting.Core\Dependencies\DotNetZip\Unity.VisualScripting.IonicZip.dll
Native extension for WindowsStandalone target not found
Native extension for WebGL target not found
Refreshing native plugins compatible for Editor in 1.37 ms, found 3 plugins.
Preloading 0 native plugins for Editor in 0.00 ms.
Mono: successfully reloaded assembly
- Completed reload, in  0.984 seconds
Domain Reload Profiling:
	ReloadAssembly (984ms)
		BeginReloadAssembly (130ms)
			ExecutionOrderSort (0ms)
			DisableScriptedObjects (5ms)
			BackupInstance (0ms)
			ReleaseScriptingObjects (0ms)
			CreateAndSetChildDomain (34ms)
		EndReloadAssembly (763ms)
			LoadAssemblies (90ms)
			RebuildTransferFunctionScriptingTraits (0ms)
			SetupTypeCache (252ms)
			ReleaseScriptCaches (1ms)
			RebuildScriptCaches (44ms)
			SetupLoadedEditorAssemblies (332ms)
				LogAssemblyErrors (0ms)
				InitializePlatformSupportModulesInManaged (16ms)
				SetLoadedEditorAssemblies (0ms)
				RefreshPlugins (1ms)
				BeforeProcessingInitializeOnLoad (73ms)
				ProcessInitializeOnLoadAttributes (209ms)
				ProcessInitializeOnLoadMethodAttributes (25ms)
				AfterProcessingInitializeOnLoad (7ms)
				EditorAssembliesLoaded (0ms)
			ExecutionOrderSort2 (0ms)
			AwakeInstancesAfterBackupRestoration (6ms)
Platform modules already initialized, skipping
Refreshing native plugins compatible for Editor in 2.99 ms, found 3 plugins.
Preloading 0 native plugins for Editor in 0.00 ms.
Unloading 3578 Unused Serialized files (Serialized files now loaded: 0)
Unloading 102 unused Assets / (19.0 MB). Loaded Objects now: 4060.
Memory consumption went from 174.4 MB to 155.4 MB.
Total: 10.953900 ms (FindLiveObjects: 0.352900 ms CreateObjectMapping: 0.090100 ms MarkObjects: 2.598100 ms  DeleteObjects: 7.910600 ms)

AssetImportParameters requested are different than current active one (requested -> active):
  custom:video-decoder-ogg-theora: a1e56fd34408186e4bbccfd4996cb3dc -> 
  custom:container-muxer-webm: aa71ff27fc2769a1b78a27578f13a17b -> 
  custom:container-demuxer-webm: 4f35f7cbe854078d1ac9338744f61a02 -> 
  custom:video-encoder-webm-vp8: eb34c28f22e8b96e1ab97ce403110664 -> 
  custom:audio-encoder-webm-vorbis: bf7c407c2cedff20999df2af8eb42d56 -> 
  custom:framework-win-MediaFoundation: 216162199b28c13a410421893ffa2e32 -> 
  custom:container-demuxer-ogg: 62fdf1f143b41e24485cea50d1cbac27 -> 
  custom:video-decoder-webm-vp8: 9c59270c3fd7afecdb556c50c9e8de78 -> 
  custom:audio-decoder-ogg-vorbis: bf7c407c2cedff20999df2af8eb42d56 -> 
========================================================================
Received Prepare
Registering precompiled user dll's ...
Registered in 0.007301 seconds.
Begin MonoManager ReloadAssembly
Symbol file LoadedFromMemory doesn't match image C:\Users\WarmHeartedSnowman\Documents\PR_GAME\Pr num_3\Day 3\Library\PackageCache\com.unity.visualscripting@1.7.8\Editor\VisualScripting.Core\Dependencies\YamlDotNet\Unity.VisualScripting.YamlDotNet.dll
Symbol file LoadedFromMemory doesn't match image C:\Users\WarmHeartedSnowman\Documents\PR_GAME\Pr num_3\Day 3\Library\PackageCache\com.unity.visualscripting@1.7.8\Editor\VisualScripting.Core\Dependencies\DotNetZip\Unity.VisualScripting.IonicZip.dll
Native extension for WindowsStandalone target not found
Native extension for WebGL target not found
Refreshing native plugins compatible for Editor in 1.20 ms, found 3 plugins.
Preloading 0 native plugins for Editor in 0.00 ms.
Mono: successfully reloaded assembly
- Completed reload, in  0.993 seconds
Domain Reload Profiling:
	ReloadAssembly (993ms)
		BeginReloadAssembly (132ms)
			ExecutionOrderSort (0ms)
			DisableScriptedObjects (5ms)
			BackupInstance (0ms)
			ReleaseScriptingObjects (0ms)
			CreateAndSetChildDomain (37ms)
		EndReloadAssembly (766ms)
			LoadAssemblies (89ms)
			RebuildTransferFunctionScriptingTraits (0ms)
			SetupTypeCache (240ms)
			ReleaseScriptCaches (2ms)
			RebuildScriptCaches (40ms)
			SetupLoadedEditorAssemblies (354ms)
				LogAssemblyErrors (0ms)
				InitializePlatformSupportModulesInManaged (14ms)
				SetLoadedEditorAssemblies (0ms)
				RefreshPlugins (1ms)
				BeforeProcessingInitializeOnLoad (72ms)
				ProcessInitializeOnLoadAttributes (233ms)
				ProcessInitializeOnLoadMethodAttributes (26ms)
				AfterProcessingInitializeOnLoad (8ms)
				EditorAssembliesLoaded (0ms)
			ExecutionOrderSort2 (0ms)
			AwakeInstancesAfterBackupRestoration (6ms)
Platform modules already initialized, skipping
Refreshing native plugins compatible for Editor in 2.49 ms, found 3 plugins.
Preloading 0 native plugins for Editor in 0.00 ms.
Unloading 3578 Unused Serialized files (Serialized files now loaded: 0)
Unloading 102 unused Assets / (19.0 MB). Loaded Objects now: 4063.
Memory consumption went from 174.4 MB to 155.4 MB.
Total: 10.053700 ms (FindLiveObjects: 0.330100 ms CreateObjectMapping: 0.088300 ms MarkObjects: 2.540200 ms  DeleteObjects: 7.093300 ms)

AssetImportParameters requested are different than current active one (requested -> active):
  custom:video-decoder-ogg-theora: a1e56fd34408186e4bbccfd4996cb3dc -> 
  custom:container-muxer-webm: aa71ff27fc2769a1b78a27578f13a17b -> 
  custom:container-demuxer-webm: 4f35f7cbe854078d1ac9338744f61a02 -> 
  custom:video-encoder-webm-vp8: eb34c28f22e8b96e1ab97ce403110664 -> 
  custom:audio-encoder-webm-vorbis: bf7c407c2cedff20999df2af8eb42d56 -> 
  custom:framework-win-MediaFoundation: 216162199b28c13a410421893ffa2e32 -> 
  custom:container-demuxer-ogg: 62fdf1f143b41e24485cea50d1cbac27 -> 
  custom:video-decoder-webm-vp8: 9c59270c3fd7afecdb556c50c9e8de78 -> 
  custom:audio-decoder-ogg-vorbis: bf7c407c2cedff20999df2af8eb42d56 -> 
========================================================================
Received Prepare
Registering precompiled user dll's ...
Registered in 0.008721 seconds.
Begin MonoManager ReloadAssembly
Symbol file LoadedFromMemory doesn't match image C:\Users\WarmHeartedSnowman\Documents\PR_GAME\Pr num_3\Day 3\Library\PackageCache\com.unity.visualscripting@1.7.8\Editor\VisualScripting.Core\Dependencies\YamlDotNet\Unity.VisualScripting.YamlDotNet.dll
Symbol file LoadedFromMemory doesn't match image C:\Users\WarmHeartedSnowman\Documents\PR_GAME\Pr num_3\Day 3\Library\PackageCache\com.unity.visualscripting@1.7.8\Editor\VisualScripting.Core\Dependencies\DotNetZip\Unity.VisualScripting.IonicZip.dll
Native extension for WindowsStandalone target not found
Native extension for WebGL target not found
Refreshing native plugins compatible for Editor in 1.07 ms, found 3 plugins.
Preloading 0 native plugins for Editor in 0.00 ms.
Mono: successfully reloaded assembly
- Completed reload, in  0.964 seconds
Domain Reload Profiling:
	ReloadAssembly (965ms)
		BeginReloadAssembly (126ms)
			ExecutionOrderSort (0ms)
			DisableScriptedObjects (5ms)
			BackupInstance (0ms)
			ReleaseScriptingObjects (0ms)
			CreateAndSetChildDomain (35ms)
		EndReloadAssembly (744ms)
			LoadAssemblies (84ms)
			RebuildTransferFunctionScriptingTraits (0ms)
			SetupTypeCache (246ms)
			ReleaseScriptCaches (1ms)
			RebuildScriptCaches (40ms)
			SetupLoadedEditorAssemblies (327ms)
				LogAssemblyErrors (0ms)
				InitializePlatformSupportModulesInManaged (16ms)
				SetLoadedEditorAssemblies (1ms)
				RefreshPlugins (1ms)
				BeforeProcessingInitializeOnLoad (75ms)
				ProcessInitializeOnLoadAttributes (198ms)
				ProcessInitializeOnLoadMethodAttributes (28ms)
				AfterProcessingInitializeOnLoad (9ms)
				EditorAssembliesLoaded (0ms)
			ExecutionOrderSort2 (0ms)
			AwakeInstancesAfterBackupRestoration (6ms)
Platform modules already initialized, skipping
Refreshing native plugins compatible for Editor in 2.68 ms, found 3 plugins.
Preloading 0 native plugins for Editor in 0.00 ms.
Unloading 3578 Unused Serialized files (Serialized files now loaded: 0)
Unloading 102 unused Assets / (19.0 MB). Loaded Objects now: 4066.
Memory consumption went from 174.4 MB to 155.4 MB.
Total: 10.357600 ms (FindLiveObjects: 0.364200 ms CreateObjectMapping: 0.089300 ms MarkObjects: 2.397800 ms  DeleteObjects: 7.503900 ms)

AssetImportParameters requested are different than current active one (requested -> active):
  custom:video-decoder-ogg-theora: a1e56fd34408186e4bbccfd4996cb3dc -> 
  custom:container-muxer-webm: aa71ff27fc2769a1b78a27578f13a17b -> 
  custom:container-demuxer-webm: 4f35f7cbe854078d1ac9338744f61a02 -> 
  custom:video-encoder-webm-vp8: eb34c28f22e8b96e1ab97ce403110664 -> 
  custom:audio-encoder-webm-vorbis: bf7c407c2cedff20999df2af8eb42d56 -> 
  custom:framework-win-MediaFoundation: 216162199b28c13a410421893ffa2e32 -> 
  custom:container-demuxer-ogg: 62fdf1f143b41e24485cea50d1cbac27 -> 
  custom:video-decoder-webm-vp8: 9c59270c3fd7afecdb556c50c9e8de78 -> 
  custom:audio-decoder-ogg-vorbis: bf7c407c2cedff20999df2af8eb42d56 -> 
========================================================================
Received Prepare
Registering precompiled user dll's ...
Registered in 0.006907 seconds.
Begin MonoManager ReloadAssembly
Symbol file LoadedFromMemory doesn't match image C:\Users\WarmHeartedSnowman\Documents\PR_GAME\Pr num_3\Day 3\Library\PackageCache\com.unity.visualscripting@1.7.8\Editor\VisualScripting.Core\Dependencies\YamlDotNet\Unity.VisualScripting.YamlDotNet.dll
Symbol file LoadedFromMemory doesn't match image C:\Users\WarmHeartedSnowman\Documents\PR_GAME\Pr num_3\Day 3\Library\PackageCache\com.unity.visualscripting@1.7.8\Editor\VisualScripting.Core\Dependencies\DotNetZip\Unity.VisualScripting.IonicZip.dll
Native extension for WindowsStandalone target not found
Native extension for WebGL target not found
Refreshing native plugins compatible for Editor in 1.11 ms, found 3 plugins.
Preloading 0 native plugins for Editor in 0.00 ms.
Mono: successfully reloaded assembly
- Completed reload, in  0.937 seconds
Domain Reload Profiling:
	ReloadAssembly (937ms)
		BeginReloadAssembly (124ms)
			ExecutionOrderSort (0ms)
			DisableScriptedObjects (5ms)
			BackupInstance (0ms)
			ReleaseScriptingObjects (0ms)
			CreateAndSetChildDomain (33ms)
		EndReloadAssembly (715ms)
			LoadAssemblies (82ms)
			RebuildTransferFunctionScriptingTraits (0ms)
			SetupTypeCache (235ms)
			ReleaseScriptCaches (1ms)
			RebuildScriptCaches (40ms)
			SetupLoadedEditorAssemblies (315ms)
				LogAssemblyErrors (0ms)
				InitializePlatformSupportModulesInManaged (14ms)
				SetLoadedEditorAssemblies (0ms)
				RefreshPlugins (1ms)
				BeforeProcessingInitializeOnLoad (68ms)
				ProcessInitializeOnLoadAttributes (196ms)
				ProcessInitializeOnLoadMethodAttributes (29ms)
				AfterProcessingInitializeOnLoad (7ms)
				EditorAssembliesLoaded (0ms)
			ExecutionOrderSort2 (0ms)
			AwakeInstancesAfterBackupRestoration (6ms)
Platform modules already initialized, skipping
Refreshing native plugins compatible for Editor in 2.94 ms, found 3 plugins.
Preloading 0 native plugins for Editor in 0.00 ms.
Unloading 3578 Unused Serialized files (Serialized files now loaded: 0)
Unloading 102 unused Assets / (19.0 MB). Loaded Objects now: 4069.
Memory consumption went from 174.4 MB to 155.4 MB.
Total: 11.243700 ms (FindLiveObjects: 0.358100 ms CreateObjectMapping: 0.132000 ms MarkObjects: 2.879000 ms  DeleteObjects: 7.872500 ms)

AssetImportParameters requested are different than current active one (requested -> active):
  custom:video-decoder-ogg-theora: a1e56fd34408186e4bbccfd4996cb3dc -> 
  custom:container-muxer-webm: aa71ff27fc2769a1b78a27578f13a17b -> 
  custom:container-demuxer-webm: 4f35f7cbe854078d1ac9338744f61a02 -> 
  custom:video-encoder-webm-vp8: eb34c28f22e8b96e1ab97ce403110664 -> 
  custom:audio-encoder-webm-vorbis: bf7c407c2cedff20999df2af8eb42d56 -> 
  custom:framework-win-MediaFoundation: 216162199b28c13a410421893ffa2e32 -> 
  custom:container-demuxer-ogg: 62fdf1f143b41e24485cea50d1cbac27 -> 
  custom:video-decoder-webm-vp8: 9c59270c3fd7afecdb556c50c9e8de78 -> 
  custom:audio-decoder-ogg-vorbis: bf7c407c2cedff20999df2af8eb42d56 -> 
========================================================================
Received Import Request.
  Time since last request: 269675.715533 seconds.
  path: Assets/Sample_Assets_PCKGs/PolygonPrototype/Models/Materials/Arms.mat
  artifactKey: Guid(63c46b4edfe043e438db851546036952) Importer(815301076,1909f56bfc062723c751e8b465ee728b)
Start importing Assets/Sample_Assets_PCKGs/PolygonPrototype/Models/Materials/Arms.mat using Guid(63c46b4edfe043e438db851546036952) Importer(815301076,1909f56bfc062723c751e8b465ee728b)  -> (artifact id: '8e344ed65c0c52ab01548817a33af1e9') in 0.227655 seconds 
========================================================================
Received Import Request.
  Time since last request: 0.000032 seconds.
  path: Assets/Sample_Full_PCKGs/Epic Toon FX/Materials/Clouds/cloud_2x2_hard.mat
  artifactKey: Guid(d386c5d9fb941e845b73fe6da5491ef2) Importer(815301076,1909f56bfc062723c751e8b465ee728b)
Start importing Assets/Sample_Full_PCKGs/Epic Toon FX/Materials/Clouds/cloud_2x2_hard.mat using Guid(d386c5d9fb941e845b73fe6da5491ef2) Importer(815301076,1909f56bfc062723c751e8b465ee728b)  -> (artifact id: '9ea9949da69ace4d05caed4d99e9bdad') in 0.026413 seconds 
========================================================================
Received Import Request.
  Time since last request: 0.000039 seconds.
  path: Assets/Sample_Full_PCKGs/Epic Toon FX/Materials/Misc/aura_vertical_soft.mat
  artifactKey: Guid(9d5f3d715091cd34e97ba2941c6fb73f) Importer(815301076,1909f56bfc062723c751e8b465ee728b)
Start importing Assets/Sample_Full_PCKGs/Epic Toon FX/Materials/Misc/aura_vertical_soft.mat using Guid(9d5f3d715091cd34e97ba2941c6fb73f) Importer(815301076,1909f56bfc062723c751e8b465ee728b)  -> (artifact id: '281c6abbde5fb5d7e9839df0579300e2') in 0.029600 seconds 
========================================================================
Received Import Request.
  Time since last request: 0.000023 seconds.
  path: Assets/Sample_Full_PCKGs/Epic Toon FX/Materials/Clouds/cloud.mat
  artifactKey: Guid(642935fefeb39414eb8a00e2ccc983a5) Importer(815301076,1909f56bfc062723c751e8b465ee728b)
Start importing Assets/Sample_Full_PCKGs/Epic Toon FX/Materials/Clouds/cloud.mat using Guid(642935fefeb39414eb8a00e2ccc983a5) Importer(815301076,1909f56bfc062723c751e8b465ee728b)  -> (artifact id: '5a56121809314533e496bd239bdc2fb8') in 0.027195 seconds 
========================================================================
Received Import Request.
  Time since last request: 0.000032 seconds.
  path: Assets/Sample_Full_PCKGs/Epic Toon FX/Materials/Fire/candle.mat
  artifactKey: Guid(7b4e313edccbf2042b7b119e69e4d6b9) Importer(815301076,1909f56bfc062723c751e8b465ee728b)
Start importing Assets/Sample_Full_PCKGs/Epic Toon FX/Materials/Fire/candle.mat using Guid(7b4e313edccbf2042b7b119e69e4d6b9) Importer(815301076,1909f56bfc062723c751e8b465ee728b)  -> (artifact id: '17e848f408687963bc1a47c63eb5b261') in 0.033754 seconds 
========================================================================
Received Import Request.
  Time since last request: 0.000026 seconds.
  path: Assets/Sample_Full_PCKGs/Epic Toon FX/Materials/Clouds/cloud_soft.mat
  artifactKey: Guid(c1254d407233159489f0bfdd68ac2975) Importer(815301076,1909f56bfc062723c751e8b465ee728b)
Start importing Assets/Sample_Full_PCKGs/Epic Toon FX/Materials/Clouds/cloud_soft.mat using Guid(c1254d407233159489f0bfdd68ac2975) Importer(815301076,1909f56bfc062723c751e8b465ee728b)  -> (artifact id: 'a6303464ffdd41eb494e4c04627de4ac') in 0.028280 seconds 
========================================================================
Received Import Request.
  Time since last request: 0.000026 seconds.
  path: Assets/Sample_Full_PCKGs/Epic Toon FX/Materials/Misc/aura_punch.mat
  artifactKey: Guid(11f7450de8b6c8c4d9a3fa39b78c143b) Importer(815301076,1909f56bfc062723c751e8b465ee728b)
Start importing Assets/Sample_Full_PCKGs/Epic Toon FX/Materials/Misc/aura_punch.mat using Guid(11f7450de8b6c8c4d9a3fa39b78c143b) Importer(815301076,1909f56bfc062723c751e8b465ee728b)  -> (artifact id: 'be6a48541414b62b99b38aaed8804145') in 0.028144 seconds 
========================================================================
Received Import Request.
  Time since last request: 0.000026 seconds.
  path: Assets/Sample_Full_PCKGs/Epic Toon FX/Materials/Geometric/circle_additive.mat
  artifactKey: Guid(4bf10d94145fd6c4187c18de0af92e43) Importer(815301076,1909f56bfc062723c751e8b465ee728b)
Start importing Assets/Sample_Full_PCKGs/Epic Toon FX/Materials/Geometric/circle_additive.mat using Guid(4bf10d94145fd6c4187c18de0af92e43) Importer(815301076,1909f56bfc062723c751e8b465ee728b)  -> (artifact id: '461cb09ad8c390c981ea145724d9155a') in 0.028995 seconds 
========================================================================
Received Import Request.
  Time since last request: 0.000034 seconds.
  path: Assets/Sample_Full_PCKGs/Epic Toon FX/Materials/Geometric/circlecurve_magic.mat
  artifactKey: Guid(6eb991e61c0314441bebec3f82ff5838) Importer(815301076,1909f56bfc062723c751e8b465ee728b)
Start importing Assets/Sample_Full_PCKGs/Epic Toon FX/Materials/Geometric/circlecurve_magic.mat using Guid(6eb991e61c0314441bebec3f82ff5838) Importer(815301076,1909f56bfc062723c751e8b465ee728b)  -> (artifact id: 'cf16b8fccaae23729b96fa1fb5a20f87') in 0.030903 seconds 
========================================================================
Received Import Request.
  Time since last request: 0.000050 seconds.
  path: Assets/Sample_Full_PCKGs/Epic Toon FX/Materials/Geometric/circlecurve.mat
  artifactKey: Guid(e9edc2d464bda70448a5f572f7c7d5be) Importer(815301076,1909f56bfc062723c751e8b465ee728b)
Start importing Assets/Sample_Full_PCKGs/Epic Toon FX/Materials/Geometric/circlecurve.mat using Guid(e9edc2d464bda70448a5f572f7c7d5be) Importer(815301076,1909f56bfc062723c751e8b465ee728b)  -> (artifact id: '7e82e223b171e6008fd11c1a724ede92') in 0.024309 seconds 
========================================================================
Received Import Request.
  Time since last request: 0.000024 seconds.
  path: Assets/Sample_Full_PCKGs/Epic Toon FX/Materials/Fire/candle_soft.mat
  artifactKey: Guid(fa8a93d50e2f83b428d329d3aea4da8b) Importer(815301076,1909f56bfc062723c751e8b465ee728b)
Start importing Assets/Sample_Full_PCKGs/Epic Toon FX/Materials/Fire/candle_soft.mat using Guid(fa8a93d50e2f83b428d329d3aea4da8b) Importer(815301076,1909f56bfc062723c751e8b465ee728b)  -> (artifact id: 'fa1b6f77ee42e53d462a91f77d1a0f18') in 0.027584 seconds 
========================================================================
Received Import Request.
  Time since last request: 0.000033 seconds.
  path: Assets/Sample_Full_PCKGs/Epic Toon FX/Materials/Magic/aura_slam.mat
  artifactKey: Guid(8d784517dc53a6f48a9ae9297190962d) Importer(815301076,1909f56bfc062723c751e8b465ee728b)
Start importing Assets/Sample_Full_PCKGs/Epic Toon FX/Materials/Magic/aura_slam.mat using Guid(8d784517dc53a6f48a9ae9297190962d) Importer(815301076,1909f56bfc062723c751e8b465ee728b)  -> (artifact id: '036dcbd83cca69d6dbe7374e6c563af8') in 0.028380 seconds 
========================================================================
Received Import Request.
  Time since last request: 0.000031 seconds.
  path: Assets/Sample_Full_PCKGs/Epic Toon FX/Materials/Bubbles/bubble_round3.mat
  artifactKey: Guid(3d0bdb19affdc5741b6d457ee719ed02) Importer(815301076,1909f56bfc062723c751e8b465ee728b)
Start importing Assets/Sample_Full_PCKGs/Epic Toon FX/Materials/Bubbles/bubble_round3.mat using Guid(3d0bdb19affdc5741b6d457ee719ed02) Importer(815301076,1909f56bfc062723c751e8b465ee728b)  -> (artifact id: '58921060431e03a1f4e8fb00fcee3a8b') in 0.030764 seconds 
========================================================================
Received Import Request.
  Time since last request: 0.000031 seconds.
  path: Assets/Sample_Assets_PCKGs/PolygonPrototype/Models/Materials/Character.mat
  artifactKey: Guid(a260213968ed1494cbac8b5161dcb39c) Importer(815301076,1909f56bfc062723c751e8b465ee728b)
Start importing Assets/Sample_Assets_PCKGs/PolygonPrototype/Models/Materials/Character.mat using Guid(a260213968ed1494cbac8b5161dcb39c) Importer(815301076,1909f56bfc062723c751e8b465ee728b)  -> (artifact id: 'ee4359b8761a986983ce10178ad39a91') in 0.016724 seconds 
========================================================================
Received Import Request.
  Time since last request: 0.000025 seconds.
  path: Assets/Sample_Full_PCKGs/Epic Toon FX/Materials/Bubbles/bubble_soap.mat
  artifactKey: Guid(3be8ddfefd82d4c46aacf35c0e709d9d) Importer(815301076,1909f56bfc062723c751e8b465ee728b)
Start importing Assets/Sample_Full_PCKGs/Epic Toon FX/Materials/Bubbles/bubble_soap.mat using Guid(3be8ddfefd82d4c46aacf35c0e709d9d) Importer(815301076,1909f56bfc062723c751e8b465ee728b)  -> (artifact id: '47cffec54c155c98f0f3a11660cababa') in 0.029085 seconds 
========================================================================
Received Import Request.
  Time since last request: 0.000032 seconds.
  path: Assets/Sample_Full_PCKGs/Epic Toon FX/Models/Materials/ARPG FX.mat
  artifactKey: Guid(74de05281675eb44996737617c141caf) Importer(815301076,1909f56bfc062723c751e8b465ee728b)
Start importing Assets/Sample_Full_PCKGs/Epic Toon FX/Models/Materials/ARPG FX.mat using Guid(74de05281675eb44996737617c141caf) Importer(815301076,1909f56bfc062723c751e8b465ee728b)  -> (artifact id: '78cd3fd1205f4a7bc5c49994de453f5b') in 0.022704 seconds 
========================================================================
Received Import Request.
  Time since last request: 0.000039 seconds.
  path: Assets/Sample_Full_PCKGs/Epic Toon FX/Materials/Clouds/cloud_2x2_softshadow.mat
  artifactKey: Guid(99d9ee837f624b148ab1ef0bde5f16a7) Importer(815301076,1909f56bfc062723c751e8b465ee728b)
Start importing Assets/Sample_Full_PCKGs/Epic Toon FX/Materials/Clouds/cloud_2x2_softshadow.mat using Guid(99d9ee837f624b148ab1ef0bde5f16a7) Importer(815301076,1909f56bfc062723c751e8b465ee728b)  -> (artifact id: '5692b91d0a22b2f07d0c60aceaea9cb9') in 0.030641 seconds 
========================================================================
Received Import Request.
  Time since last request: 0.532950 seconds.
  path: Assets/Sample_Full_PCKGs/Epic Toon FX/Materials/Confetti/confetti_blur.mat
  artifactKey: Guid(fc4293af39df9df4ca4f1aab29b95913) Importer(815301076,1909f56bfc062723c751e8b465ee728b)
Start importing Assets/Sample_Full_PCKGs/Epic Toon FX/Materials/Confetti/confetti_blur.mat using Guid(fc4293af39df9df4ca4f1aab29b95913) Importer(815301076,1909f56bfc062723c751e8b465ee728b)  -> (artifact id: '8853e7689f46b85cb5cf3a87ee9b36c5') in 0.030373 seconds 
========================================================================
Received Import Request.
  Time since last request: 0.000029 seconds.
  path: Assets/Sample_Full_PCKGs/Epic Toon FX/Materials/Emoticons/cute.mat
  artifactKey: Guid(e88618311069cbf478df53e497ac1522) Importer(815301076,1909f56bfc062723c751e8b465ee728b)
Start importing Assets/Sample_Full_PCKGs/Epic Toon FX/Materials/Emoticons/cute.mat using Guid(e88618311069cbf478df53e497ac1522) Importer(815301076,1909f56bfc062723c751e8b465ee728b)  -> (artifact id: '83c2fdaefdc574a9832094cd7c7fda02') in 0.029900 seconds 
========================================================================
Received Import Request.
  Time since last request: 0.000027 seconds.
  path: Assets/Sample_Full_PCKGs/Epic Toon FX/Materials/Geometric/drop.mat
  artifactKey: Guid(905e6862ab8669349a39d55c5727be31) Importer(815301076,1909f56bfc062723c751e8b465ee728b)
Start importing Assets/Sample_Full_PCKGs/Epic Toon FX/Materials/Geometric/drop.mat using Guid(905e6862ab8669349a39d55c5727be31) Importer(815301076,1909f56bfc062723c751e8b465ee728b)  -> (artifact id: '6da6f6b8d0b9bff79e7715cfecdf89f9') in 0.027308 seconds 
========================================================================
Received Import Request.
  Time since last request: 0.000022 seconds.
  path: Assets/Sample_Full_PCKGs/Epic Toon FX/Materials/Misc/explosion_spritesheet_2x2.mat
  artifactKey: Guid(4c750fbc95c4cde4fa7c0d3bf1d74e73) Importer(815301076,1909f56bfc062723c751e8b465ee728b)
Start importing Assets/Sample_Full_PCKGs/Epic Toon FX/Materials/Misc/explosion_spritesheet_2x2.mat using Guid(4c750fbc95c4cde4fa7c0d3bf1d74e73) Importer(815301076,1909f56bfc062723c751e8b465ee728b)  -> (artifact id: 'e1e9b99b4bc28e965ad50001fb5c016d') in 0.031996 seconds 
========================================================================
Received Import Request.
  Time since last request: 0.000046 seconds.
  path: Assets/Sample_Full_PCKGs/Epic Toon FX/Materials/Misc/evil_spirit2.mat
  artifactKey: Guid(128516913a7f29b4a8d3193a94475a34) Importer(815301076,1909f56bfc062723c751e8b465ee728b)
Start importing Assets/Sample_Full_PCKGs/Epic Toon FX/Materials/Misc/evil_spirit2.mat using Guid(128516913a7f29b4a8d3193a94475a34) Importer(815301076,1909f56bfc062723c751e8b465ee728b)  -> (artifact id: '10500646cfaa643118b61e7d64a18e99') in 0.027209 seconds 
========================================================================
Received Import Request.
  Time since last request: 0.000031 seconds.
  path: Assets/Sample_Full_PCKGs/Epic Toon FX/Materials/Fire/fire_ground_softest3x3.mat
  artifactKey: Guid(5edf226ac70c7b34caa8d18d2be01582) Importer(815301076,1909f56bfc062723c751e8b465ee728b)
Start importing Assets/Sample_Full_PCKGs/Epic Toon FX/Materials/Fire/fire_ground_softest3x3.mat using Guid(5edf226ac70c7b34caa8d18d2be01582) Importer(815301076,1909f56bfc062723c751e8b465ee728b)  -> (artifact id: 'c37215312ce2f9b5294e49ee6e97dd45') in 0.026846 seconds 
========================================================================
Received Import Request.
  Time since last request: 0.000026 seconds.
  path: Assets/Sample_Full_PCKGs/Toony Colors Pro/Editor/Fonts/Roboto/Roboto-Bold.ttf
  artifactKey: Guid(26a32e627fb084948ad18b8af0f356b7) Importer(815301076,1909f56bfc062723c751e8b465ee728b)
Start importing Assets/Sample_Full_PCKGs/Toony Colors Pro/Editor/Fonts/Roboto/Roboto-Bold.ttf using Guid(26a32e627fb084948ad18b8af0f356b7) Importer(815301076,1909f56bfc062723c751e8b465ee728b)  -> (artifact id: '9c5ca88a4080cc11329860cc616e5523') in 0.052029 seconds 
========================================================================
Received Import Request.
  Time since last request: 0.000028 seconds.
  path: Assets/Sample_Full_PCKGs/Epic Toon FX/Materials/Glows/glow4.mat
  artifactKey: Guid(e7f9d6fa459a42d48b4c8285dc69cf12) Importer(815301076,1909f56bfc062723c751e8b465ee728b)
Start importing Assets/Sample_Full_PCKGs/Epic Toon FX/Materials/Glows/glow4.mat using Guid(e7f9d6fa459a42d48b4c8285dc69cf12) Importer(815301076,1909f56bfc062723c751e8b465ee728b)  -> (artifact id: 'e7bb4c7cb6b3fe14eeed03d808fee146') in 0.027730 seconds 
========================================================================
Received Import Request.
  Time since last request: 0.000028 seconds.
  path: Assets/Sample_Full_PCKGs/Epic Toon FX/Materials/Emoticons/heart.mat
  artifactKey: Guid(c323c469010ce0c41a09102dee553d32) Importer(815301076,1909f56bfc062723c751e8b465ee728b)
Start importing Assets/Sample_Full_PCKGs/Epic Toon FX/Materials/Emoticons/heart.mat using Guid(c323c469010ce0c41a09102dee553d32) Importer(815301076,1909f56bfc062723c751e8b465ee728b)  -> (artifact id: 'b397aa9638cd161ee9ad4d4b675a8b8f') in 0.027761 seconds 
========================================================================
Received Import Request.
  Time since last request: 0.000027 seconds.
  path: Assets/Sample_Full_PCKGs/Epic Toon FX/Materials/Misc/lightning2.mat
  artifactKey: Guid(14be5e3a1d16be14281688ea50c69c07) Importer(815301076,1909f56bfc062723c751e8b465ee728b)
Start importing Assets/Sample_Full_PCKGs/Epic Toon FX/Materials/Misc/lightning2.mat using Guid(14be5e3a1d16be14281688ea50c69c07) Importer(815301076,1909f56bfc062723c751e8b465ee728b)  -> (artifact id: '957f89ba6ea07ea8604f749e5c6e0e4c') in 0.035305 seconds 
========================================================================
Received Import Request.
  Time since last request: 0.000028 seconds.
  path: Assets/Sample_Full_PCKGs/Epic Toon FX/Materials/Misc/ice_spikes.mat
  artifactKey: Guid(df49654d9efe3fa4d8511bd148caabf4) Importer(815301076,1909f56bfc062723c751e8b465ee728b)
Start importing Assets/Sample_Full_PCKGs/Epic Toon FX/Materials/Misc/ice_spikes.mat using Guid(df49654d9efe3fa4d8511bd148caabf4) Importer(815301076,1909f56bfc062723c751e8b465ee728b)  -> (artifact id: 'ec538a0f1b0ade14a8bf78e1edad5e89') in 0.029619 seconds 
========================================================================
Received Import Request.
  Time since last request: 0.000039 seconds.
  path: Assets/Sample_Full_PCKGs/Epic Toon FX/Materials/Glows/lightray3.mat
  artifactKey: Guid(15dffb989e1e0f2428eff569b0f2176e) Importer(815301076,1909f56bfc062723c751e8b465ee728b)
Start importing Assets/Sample_Full_PCKGs/Epic Toon FX/Materials/Glows/lightray3.mat using Guid(15dffb989e1e0f2428eff569b0f2176e) Importer(815301076,1909f56bfc062723c751e8b465ee728b)  -> (artifact id: '3f61c591a0bf5654a3f4d97b63efa446') in 0.028361 seconds 
========================================================================
Received Import Request.
  Time since last request: 0.000034 seconds.
  path: Assets/Sample_Full_PCKGs/Epic Toon FX/Materials/Misc/grab1.mat
  artifactKey: Guid(77478f55d3312d54180320d311f35fea) Importer(815301076,1909f56bfc062723c751e8b465ee728b)
Start importing Assets/Sample_Full_PCKGs/Epic Toon FX/Materials/Misc/grab1.mat using Guid(77478f55d3312d54180320d311f35fea) Importer(815301076,1909f56bfc062723c751e8b465ee728b)  -> (artifact id: '70e766d00467de69a6a28092bc304945') in 0.028645 seconds 
========================================================================
Received Import Request.
  Time since last request: 0.000031 seconds.
  path: Assets/Sample_Full_PCKGs/Epic Toon FX/Materials/Misc/healing.mat
  artifactKey: Guid(54cefa110e6b9d1499678d82a2e0efcf) Importer(815301076,1909f56bfc062723c751e8b465ee728b)
Start importing Assets/Sample_Full_PCKGs/Epic Toon FX/Materials/Misc/healing.mat using Guid(54cefa110e6b9d1499678d82a2e0efcf) Importer(815301076,1909f56bfc062723c751e8b465ee728b)  -> (artifact id: '8bb140b5e2acb9b42ef7f784701c5bb7') in 0.029549 seconds 
========================================================================
Received Import Request.
  Time since last request: 0.000033 seconds.
  path: Assets/Sample_Full_PCKGs/Epic Toon FX/Materials/Emoticons/kiss.mat
  artifactKey: Guid(e54cd343eedf57440bc34a1625a6a552) Importer(815301076,1909f56bfc062723c751e8b465ee728b)
Start importing Assets/Sample_Full_PCKGs/Epic Toon FX/Materials/Emoticons/kiss.mat using Guid(e54cd343eedf57440bc34a1625a6a552) Importer(815301076,1909f56bfc062723c751e8b465ee728b)  -> (artifact id: 'af74c9f42385e8dd418dec07d7591137') in 0.030445 seconds 
========================================================================
Received Import Request.
  Time since last request: 0.000023 seconds.
  path: Assets/Sample_Full_PCKGs/Epic Toon FX/Materials/Fire/fire_soft_blank.mat
  artifactKey: Guid(b959bc17e57e2354c8b6cb7fa2bd0504) Importer(815301076,1909f56bfc062723c751e8b465ee728b)
Start importing Assets/Sample_Full_PCKGs/Epic Toon FX/Materials/Fire/fire_soft_blank.mat using Guid(b959bc17e57e2354c8b6cb7fa2bd0504) Importer(815301076,1909f56bfc062723c751e8b465ee728b)  -> (artifact id: '30537f646e855f17c271d064f2dbb6f2') in 0.029710 seconds 
========================================================================
Received Import Request.
  Time since last request: 0.000023 seconds.
  path: Assets/Sample_Full_PCKGs/Epic Toon FX/Materials/Misc/lightning1.mat
  artifactKey: Guid(d2485172a88e2bc4b87dae8b6b1a8dfc) Importer(815301076,1909f56bfc062723c751e8b465ee728b)
Start importing Assets/Sample_Full_PCKGs/Epic Toon FX/Materials/Misc/lightning1.mat using Guid(d2485172a88e2bc4b87dae8b6b1a8dfc) Importer(815301076,1909f56bfc062723c751e8b465ee728b)  -> (artifact id: '7c6650cc6f562db2d4cbd998760cd71f') in 0.037883 seconds 
========================================================================
Received Import Request.
  Time since last request: 0.000026 seconds.
  path: Assets/Sample_Full_PCKGs/Epic Toon FX/Materials/Misc/explosion.mat
  artifactKey: Guid(d85e59baa6fff034a8557b9a4df53ca0) Importer(815301076,1909f56bfc062723c751e8b465ee728b)
Start importing Assets/Sample_Full_PCKGs/Epic Toon FX/Materials/Misc/explosion.mat using Guid(d85e59baa6fff034a8557b9a4df53ca0) Importer(815301076,1909f56bfc062723c751e8b465ee728b)  -> (artifact id: '7165398257361755cd7ad814fbd3e1d4') in 0.039723 seconds 
========================================================================
Received Import Request.
  Time since last request: 0.000041 seconds.
  path: Assets/Sample_Full_PCKGs/Epic Toon FX/Materials/Emoticons/drool.mat
  artifactKey: Guid(d7f8f80b5b5817244a09e7fbf657da56) Importer(815301076,1909f56bfc062723c751e8b465ee728b)
Start importing Assets/Sample_Full_PCKGs/Epic Toon FX/Materials/Emoticons/drool.mat using Guid(d7f8f80b5b5817244a09e7fbf657da56) Importer(815301076,1909f56bfc062723c751e8b465ee728b)  -> (artifact id: 'f8e96dfa66e872d255f18c12d90157d4') in 0.031008 seconds 
========================================================================
Received Import Request.
  Time since last request: 0.000028 seconds.
  path: Assets/Sample_Full_PCKGs/Epic Toon FX/Materials/Glows/glowALPHABLEND.mat
  artifactKey: Guid(aee7f230a05bc8644854344e7c55f328) Importer(815301076,1909f56bfc062723c751e8b465ee728b)
Start importing Assets/Sample_Full_PCKGs/Epic Toon FX/Materials/Glows/glowALPHABLEND.mat using Guid(aee7f230a05bc8644854344e7c55f328) Importer(815301076,1909f56bfc062723c751e8b465ee728b)  -> (artifact id: '08ae8dea955c78c0d7b88c23898214c2') in 0.028525 seconds 
========================================================================
Received Import Request.
  Time since last request: 0.000035 seconds.
  path: Assets/Sample_Full_PCKGs/Epic Toon FX/Materials/Fire/fire_ground_soft3x3.mat
  artifactKey: Guid(de48d840badcfea4cac095f9ad2e92f2) Importer(815301076,1909f56bfc062723c751e8b465ee728b)
Start importing Assets/Sample_Full_PCKGs/Epic Toon FX/Materials/Fire/fire_ground_soft3x3.mat using Guid(de48d840badcfea4cac095f9ad2e92f2) Importer(815301076,1909f56bfc062723c751e8b465ee728b)  -> (artifact id: '2b050e82b004b4d03de1798f92976713') in 0.029700 seconds 
========================================================================
Received Import Request.
  Time since last request: 0.000028 seconds.
  path: Assets/Sample_Full_PCKGs/Epic Toon FX/Materials/Glows/glow3.mat
  artifactKey: Guid(2645e491dc8702e4c9cdada625df1bb0) Importer(815301076,1909f56bfc062723c751e8b465ee728b)
Start importing Assets/Sample_Full_PCKGs/Epic Toon FX/Materials/Glows/glow3.mat using Guid(2645e491dc8702e4c9cdada625df1bb0) Importer(815301076,1909f56bfc062723c751e8b465ee728b)  -> (artifact id: 'cfcee68b595a18ca7640d5fcc8b379da') in 0.028460 seconds 
========================================================================
Received Import Request.
  Time since last request: 0.000041 seconds.
  path: Assets/Sample_Full_PCKGs/Epic Toon FX/Materials/Hearts/heart.mat
  artifactKey: Guid(db608f6f11761e6409b8ea41aaa6adda) Importer(815301076,1909f56bfc062723c751e8b465ee728b)
Start importing Assets/Sample_Full_PCKGs/Epic Toon FX/Materials/Hearts/heart.mat using Guid(db608f6f11761e6409b8ea41aaa6adda) Importer(815301076,1909f56bfc062723c751e8b465ee728b)  -> (artifact id: '93004ba1bc31e30172e089f64c2c39c3') in 0.026404 seconds 
========================================================================
Received Import Request.
  Time since last request: 0.000027 seconds.
  path: Assets/Art/Materials/Ground.mat
  artifactKey: Guid(674a0f16029611a418702481c3b1d5ca) Importer(815301076,1909f56bfc062723c751e8b465ee728b)
Start importing Assets/Art/Materials/Ground.mat using Guid(674a0f16029611a418702481c3b1d5ca) Importer(815301076,1909f56bfc062723c751e8b465ee728b)  -> (artifact id: 'c01e0f4167048c59d4db47ad1315b2ba') in 0.017314 seconds 
========================================================================
Received Import Request.
  Time since last request: 0.000024 seconds.
  path: Assets/Sample_Full_PCKGs/Epic Toon FX/Materials/Emoticons/happy.mat
  artifactKey: Guid(d12b019f745e4c749b58d4ece3615fae) Importer(815301076,1909f56bfc062723c751e8b465ee728b)
Start importing Assets/Sample_Full_PCKGs/Epic Toon FX/Materials/Emoticons/happy.mat using Guid(d12b019f745e4c749b58d4ece3615fae) Importer(815301076,1909f56bfc062723c751e8b465ee728b)  -> (artifact id: 'c39ea6a7d0a0cb9ed11624598e550904') in 0.030063 seconds 
========================================================================
Received Import Request.
  Time since last request: 0.000033 seconds.
  path: Assets/Sample_Full_PCKGs/Epic Toon FX/Materials/Misc/evil_spirit.mat
  artifactKey: Guid(d0a013cf4059c97419da65dc3619d49b) Importer(815301076,1909f56bfc062723c751e8b465ee728b)
Start importing Assets/Sample_Full_PCKGs/Epic Toon FX/Materials/Misc/evil_spirit.mat using Guid(d0a013cf4059c97419da65dc3619d49b) Importer(815301076,1909f56bfc062723c751e8b465ee728b)  -> (artifact id: 'dcc4378bafb123393d8f3ed190e1f117') in 0.032380 seconds 
========================================================================
Received Import Request.
  Time since last request: 0.000042 seconds.
  path: Assets/Sample_Full_PCKGs/Epic Toon FX/Materials/Emoticons/laughsweatdrop.mat
  artifactKey: Guid(5a1f696c767421147bad0bc8af0b60e6) Importer(815301076,1909f56bfc062723c751e8b465ee728b)
Start importing Assets/Sample_Full_PCKGs/Epic Toon FX/Materials/Emoticons/laughsweatdrop.mat using Guid(5a1f696c767421147bad0bc8af0b60e6) Importer(815301076,1909f56bfc062723c751e8b465ee728b)  -> (artifact id: 'b6764e0c3768fba33172afda6d3cfa68') in 0.029820 seconds 
========================================================================
Received Import Request.
  Time since last request: 0.000025 seconds.
  path: Assets/Sample_Assets_PCKGs/PolygonPrototype/Models/Materials/lambert4SG4.mat
  artifactKey: Guid(905ebc06b3b6dbc4f9cef4af52e4d418) Importer(815301076,1909f56bfc062723c751e8b465ee728b)
Start importing Assets/Sample_Assets_PCKGs/PolygonPrototype/Models/Materials/lambert4SG4.mat using Guid(905ebc06b3b6dbc4f9cef4af52e4d418) Importer(815301076,1909f56bfc062723c751e8b465ee728b)  -> (artifact id: '0847ed9b9893e1be3d94af2a61c07ed0') in 0.014755 seconds 
========================================================================
Received Import Request.
  Time since last request: 0.000029 seconds.
  path: Assets/Sample_Full_PCKGs/Epic Toon FX/Demo/Materials/dev_half.mat
  artifactKey: Guid(71ad8ec8c8649bc47bb009bf8f6acd38) Importer(815301076,1909f56bfc062723c751e8b465ee728b)
Start importing Assets/Sample_Full_PCKGs/Epic Toon FX/Demo/Materials/dev_half.mat using Guid(71ad8ec8c8649bc47bb009bf8f6acd38) Importer(815301076,1909f56bfc062723c751e8b465ee728b)  -> (artifact id: 'f2d443a5bede7413d91b123aca92d8f2') in 0.022054 seconds 
========================================================================
Received Import Request.
  Time since last request: 0.000028 seconds.
  path: Assets/Sample_Full_PCKGs/Epic Toon FX/Materials/Glows/lightray.mat
  artifactKey: Guid(bc14231efc40c384ea470e5c723215de) Importer(815301076,1909f56bfc062723c751e8b465ee728b)
Start importing Assets/Sample_Full_PCKGs/Epic Toon FX/Materials/Glows/lightray.mat using Guid(bc14231efc40c384ea470e5c723215de) Importer(815301076,1909f56bfc062723c751e8b465ee728b)  -> (artifact id: 'b81bb1cd3ab2b081d6344a6cb4ee56c9') in 0.027124 seconds 
========================================================================
Received Import Request.
  Time since last request: 0.000022 seconds.
  path: Assets/Sample_Full_PCKGs/Toony Colors Pro/Editor/Fonts/Roboto/Roboto-Medium.ttf
  artifactKey: Guid(fbfe696d18b99b946afae6126b37c025) Importer(815301076,1909f56bfc062723c751e8b465ee728b)
Start importing Assets/Sample_Full_PCKGs/Toony Colors Pro/Editor/Fonts/Roboto/Roboto-Medium.ttf using Guid(fbfe696d18b99b946afae6126b37c025) Importer(815301076,1909f56bfc062723c751e8b465ee728b)  -> (artifact id: 'ffa5d1d006609bdcaccc7901acbe7903') in 0.027080 seconds 
========================================================================
Received Import Request.
  Time since last request: 0.000032 seconds.
  path: Assets/Sample_Full_PCKGs/Epic Toon FX/Materials/Magic/magic_blast.mat
  artifactKey: Guid(31fb1039be526b1458d0533f38b7380f) Importer(815301076,1909f56bfc062723c751e8b465ee728b)
Start importing Assets/Sample_Full_PCKGs/Epic Toon FX/Materials/Magic/magic_blast.mat using Guid(31fb1039be526b1458d0533f38b7380f) Importer(815301076,1909f56bfc062723c751e8b465ee728b)  -> (artifact id: 'a48a1bd42cc36875187d05ee8454e1a8') in 0.029850 seconds 
========================================================================
Received Import Request.
  Time since last request: 0.000034 seconds.
  path: Assets/Sample_Full_PCKGs/Epic Toon FX/Materials/Glows/lightray2.mat
  artifactKey: Guid(d63774db53e2fee4b84a72da1c9f1096) Importer(815301076,1909f56bfc062723c751e8b465ee728b)
Start importing Assets/Sample_Full_PCKGs/Epic Toon FX/Materials/Glows/lightray2.mat using Guid(d63774db53e2fee4b84a72da1c9f1096) Importer(815301076,1909f56bfc062723c751e8b465ee728b)  -> (artifact id: '5aa82ffb7109b70c399a989e72987f13') in 0.031630 seconds 
========================================================================
Received Import Request.
  Time since last request: 0.000037 seconds.
  path: Assets/Sample_Full_PCKGs/Epic Toon FX/Materials/Shield/etfx_shield2.mat
  artifactKey: Guid(43a9eafdbf18e9c4ca51ae50f35ec175) Importer(815301076,1909f56bfc062723c751e8b465ee728b)
Start importing Assets/Sample_Full_PCKGs/Epic Toon FX/Materials/Shield/etfx_shield2.mat using Guid(43a9eafdbf18e9c4ca51ae50f35ec175) Importer(815301076,1909f56bfc062723c751e8b465ee728b)  -> (artifact id: 'c012a4451305933e59c6b0b53a6263d7') in 0.031377 seconds 
========================================================================
Received Import Request.
  Time since last request: 0.000036 seconds.
  path: Assets/Sample_Full_PCKGs/Epic Toon FX/Materials/Glows/glow2.mat
  artifactKey: Guid(b29e688b444288148ad46d4aae66cffc) Importer(815301076,1909f56bfc062723c751e8b465ee728b)
Start importing Assets/Sample_Full_PCKGs/Epic Toon FX/Materials/Glows/glow2.mat using Guid(b29e688b444288148ad46d4aae66cffc) Importer(815301076,1909f56bfc062723c751e8b465ee728b)  -> (artifact id: '60a1b87a201d815813f7c7c16e656833') in 0.027421 seconds 
========================================================================
Received Import Request.
  Time since last request: 0.000025 seconds.
  path: Assets/Sample_Full_PCKGs/Epic Toon FX/Materials/Hearts/heart2.mat
  artifactKey: Guid(4e47fdfe66dd2a046986da0de1ef7495) Importer(815301076,1909f56bfc062723c751e8b465ee728b)
Start importing Assets/Sample_Full_PCKGs/Epic Toon FX/Materials/Hearts/heart2.mat using Guid(4e47fdfe66dd2a046986da0de1ef7495) Importer(815301076,1909f56bfc062723c751e8b465ee728b)  -> (artifact id: '6da61201395f079cdde233fdafc6807f') in 0.027693 seconds 
========================================================================
Received Import Request.
  Time since last request: 0.000030 seconds.
  path: Assets/Sample_Full_PCKGs/Epic Toon FX/Demo/Materials/dev.mat
  artifactKey: Guid(5f96383263013ab439e00cec0f0d2255) Importer(815301076,1909f56bfc062723c751e8b465ee728b)
Start importing Assets/Sample_Full_PCKGs/Epic Toon FX/Demo/Materials/dev.mat using Guid(5f96383263013ab439e00cec0f0d2255) Importer(815301076,1909f56bfc062723c751e8b465ee728b)  -> (artifact id: '17b9f11be854fb76883ec2ee7b483e84') in 0.022399 seconds 
========================================================================
Received Import Request.
  Time since last request: 0.000027 seconds.
  path: Assets/Sample_Full_PCKGs/Epic Toon FX/Materials/Fire/fire_soft_blank_additive.mat
  artifactKey: Guid(9991708de0e9fac438dc04d0161723ec) Importer(815301076,1909f56bfc062723c751e8b465ee728b)
Start importing Assets/Sample_Full_PCKGs/Epic Toon FX/Materials/Fire/fire_soft_blank_additive.mat using Guid(9991708de0e9fac438dc04d0161723ec) Importer(815301076,1909f56bfc062723c751e8b465ee728b)  -> (artifact id: '429fefe2a0daef82d35104d4e12e7643') in 0.022314 seconds 
========================================================================
Received Import Request.
  Time since last request: 0.000029 seconds.
  path: Assets/Sample_Full_PCKGs/Epic Toon FX/Materials/Magic/magic_orb2.mat
  artifactKey: Guid(1bafc7aca6a15ce4a92553883cdf5612) Importer(815301076,1909f56bfc062723c751e8b465ee728b)
Start importing Assets/Sample_Full_PCKGs/Epic Toon FX/Materials/Magic/magic_orb2.mat using Guid(1bafc7aca6a15ce4a92553883cdf5612) Importer(815301076,1909f56bfc062723c751e8b465ee728b)  -> (artifact id: '3cd97c539368112a0ce3a4e36f3edb33') in 0.028734 seconds 
========================================================================
Received Import Request.
  Time since last request: 0.000037 seconds.
  path: Assets/Sample_Full_PCKGs/Epic Toon FX/Materials/Glows/glow.mat
  artifactKey: Guid(e653836c30661fe419b8992e230ca189) Importer(815301076,1909f56bfc062723c751e8b465ee728b)
Start importing Assets/Sample_Full_PCKGs/Epic Toon FX/Materials/Glows/glow.mat using Guid(e653836c30661fe419b8992e230ca189) Importer(815301076,1909f56bfc062723c751e8b465ee728b)  -> (artifact id: 'c91c546c4857067635fe3e07c383ffba') in 0.026741 seconds 
========================================================================
Received Import Request.
  Time since last request: 0.113950 seconds.
  path: Assets/Sample_Full_PCKGs/Epic Toon FX/Models/Materials/Material #30.mat
  artifactKey: Guid(97b6160b06b26df48ae689a05bb6ba9e) Importer(815301076,1909f56bfc062723c751e8b465ee728b)
Start importing Assets/Sample_Full_PCKGs/Epic Toon FX/Models/Materials/Material #30.mat using Guid(97b6160b06b26df48ae689a05bb6ba9e) Importer(815301076,1909f56bfc062723c751e8b465ee728b)  -> (artifact id: '8cc871dfe583b49aeef3d46425888d2d') in 0.020351 seconds 
========================================================================
Received Import Request.
  Time since last request: 0.000037 seconds.
  path: Assets/Sample_Full_PCKGs/Epic Toon FX/Models/Materials/No Name.mat
  artifactKey: Guid(0bf6431e11fe5c346811a3a38920fe7b) Importer(815301076,1909f56bfc062723c751e8b465ee728b)
Start importing Assets/Sample_Full_PCKGs/Epic Toon FX/Models/Materials/No Name.mat using Guid(0bf6431e11fe5c346811a3a38920fe7b) Importer(815301076,1909f56bfc062723c751e8b465ee728b)  -> (artifact id: 'b3ed4a88785c645967918e2b02e9e271') in 0.020360 seconds 
========================================================================
Received Import Request.
  Time since last request: 0.000025 seconds.
  path: Assets/Sample_Assets_PCKGs/BOXOPHOBIC/Polyverse Skies/Core/Meshes/Materials/Moons.mat
  artifactKey: Guid(bd0a27ef0d99dd9458f949b5e782917a) Importer(815301076,1909f56bfc062723c751e8b465ee728b)
Start importing Assets/Sample_Assets_PCKGs/BOXOPHOBIC/Polyverse Skies/Core/Meshes/Materials/Moons.mat using Guid(bd0a27ef0d99dd9458f949b5e782917a) Importer(815301076,1909f56bfc062723c751e8b465ee728b)  -> (artifact id: '7cf8081d80238d0f3122cc9882d4d056') in 0.017198 seconds 
========================================================================
Received Prepare
Registering precompiled user dll's ...
Registered in 0.009192 seconds.
Begin MonoManager ReloadAssembly
Symbol file LoadedFromMemory doesn't match image C:\Users\WarmHeartedSnowman\Documents\PR_GAME\Pr num_3\Day 3\Library\PackageCache\com.unity.visualscripting@1.7.8\Editor\VisualScripting.Core\Dependencies\YamlDotNet\Unity.VisualScripting.YamlDotNet.dll
Symbol file LoadedFromMemory doesn't match image C:\Users\WarmHeartedSnowman\Documents\PR_GAME\Pr num_3\Day 3\Library\PackageCache\com.unity.visualscripting@1.7.8\Editor\VisualScripting.Core\Dependencies\DotNetZip\Unity.VisualScripting.IonicZip.dll
Native extension for WindowsStandalone target not found
Native extension for WebGL target not found
Refreshing native plugins compatible for Editor in 1.20 ms, found 3 plugins.
Preloading 0 native plugins for Editor in 0.00 ms.
Mono: successfully reloaded assembly
- Completed reload, in  1.088 seconds
Domain Reload Profiling:
	ReloadAssembly (1088ms)
		BeginReloadAssembly (155ms)
			ExecutionOrderSort (0ms)
			DisableScriptedObjects (4ms)
			BackupInstance (0ms)
			ReleaseScriptingObjects (0ms)
			CreateAndSetChildDomain (56ms)
		EndReloadAssembly (835ms)
			LoadAssemblies (97ms)
			RebuildTransferFunctionScriptingTraits (0ms)
			SetupTypeCache (283ms)
			ReleaseScriptCaches (2ms)
			RebuildScriptCaches (47ms)
			SetupLoadedEditorAssemblies (356ms)
				LogAssemblyErrors (0ms)
				InitializePlatformSupportModulesInManaged (17ms)
				SetLoadedEditorAssemblies (1ms)
				RefreshPlugins (1ms)
				BeforeProcessingInitializeOnLoad (76ms)
				ProcessInitializeOnLoadAttributes (218ms)
				ProcessInitializeOnLoadMethodAttributes (32ms)
				AfterProcessingInitializeOnLoad (11ms)
				EditorAssembliesLoaded (0ms)
			ExecutionOrderSort2 (0ms)
			AwakeInstancesAfterBackupRestoration (7ms)
Platform modules already initialized, skipping
Refreshing native plugins compatible for Editor in 3.30 ms, found 3 plugins.
Preloading 0 native plugins for Editor in 0.00 ms.
Unloading 3578 Unused Serialized files (Serialized files now loaded: 0)
Unloading 102 unused Assets / (19.0 MB). Loaded Objects now: 4116.
Memory consumption went from 179.2 MB to 160.2 MB.
Total: 11.147500 ms (FindLiveObjects: 0.398200 ms CreateObjectMapping: 0.249800 ms MarkObjects: 3.001600 ms  DeleteObjects: 7.495300 ms)

AssetImportParameters requested are different than current active one (requested -> active):
  custom:video-decoder-ogg-theora: a1e56fd34408186e4bbccfd4996cb3dc -> 
  custom:container-muxer-webm: aa71ff27fc2769a1b78a27578f13a17b -> 
  custom:container-demuxer-webm: 4f35f7cbe854078d1ac9338744f61a02 -> 
  custom:video-encoder-webm-vp8: eb34c28f22e8b96e1ab97ce403110664 -> 
  custom:audio-encoder-webm-vorbis: bf7c407c2cedff20999df2af8eb42d56 -> 
  custom:framework-win-MediaFoundation: 216162199b28c13a410421893ffa2e32 -> 
  custom:container-demuxer-ogg: 62fdf1f143b41e24485cea50d1cbac27 -> 
  custom:video-decoder-webm-vp8: 9c59270c3fd7afecdb556c50c9e8de78 -> 
  custom:audio-decoder-ogg-vorbis: bf7c407c2cedff20999df2af8eb42d56 -> 
========================================================================
Received Import Request.
  Time since last request: 39.194183 seconds.
  path: Assets/Sample_Full_PCKGs/Toony Colors Pro/Demo TCP2/SG Demo Assets/PBS/TCP2_Demo_Robot_SketchPBS.mat
  artifactKey: Guid(587dbc9bf44c86444b11e63d142e1514) Importer(815301076,1909f56bfc062723c751e8b465ee728b)
Start importing Assets/Sample_Full_PCKGs/Toony Colors Pro/Demo TCP2/SG Demo Assets/PBS/TCP2_Demo_Robot_SketchPBS.mat using Guid(587dbc9bf44c86444b11e63d142e1514) Importer(815301076,1909f56bfc062723c751e8b465ee728b)  -> (artifact id: 'ed631fc786ff2c9a87e0be59878ba416') in 0.448692 seconds 
========================================================================
Received Import Request.
  Time since last request: 0.000044 seconds.
  path: Assets/Sample_Full_PCKGs/Toony Colors Pro/Demo TCP2/TCP2 Demo Assets/Cubemaps/TCP2_Demo_Sky_Yokohama.mat
  artifactKey: Guid(85b297024495e4645803112b8f339791) Importer(815301076,1909f56bfc062723c751e8b465ee728b)
Start importing Assets/Sample_Full_PCKGs/Toony Colors Pro/Demo TCP2/TCP2 Demo Assets/Cubemaps/TCP2_Demo_Sky_Yokohama.mat using Guid(85b297024495e4645803112b8f339791) Importer(815301076,1909f56bfc062723c751e8b465ee728b)  -> (artifact id: '1bfc2999ab726f26c0be53919362d132') in 0.141767 seconds 
========================================================================
Received Import Request.
  Time since last request: 0.000049 seconds.
  path: Assets/Sample_Full_PCKGs/Toony Colors Pro/Demo TCP2/TCP2 Demo Assets/Cubemaps/TCP2_Demo_Sky_NissiBeach.mat
  artifactKey: Guid(fb95f05b10db1474ab6b72e4916bdfd1) Importer(815301076,1909f56bfc062723c751e8b465ee728b)
Start importing Assets/Sample_Full_PCKGs/Toony Colors Pro/Demo TCP2/TCP2 Demo Assets/Cubemaps/TCP2_Demo_Sky_NissiBeach.mat using Guid(fb95f05b10db1474ab6b72e4916bdfd1) Importer(815301076,1909f56bfc062723c751e8b465ee728b)  -> (artifact id: '06de45e0a891e15f317d0427285f1aa1') in 0.082552 seconds 
========================================================================
Received Import Request.
  Time since last request: 0.000044 seconds.
  path: Assets/Sample_Full_PCKGs/Toony Colors Pro/Demo TCP2/Cat Demo Assets/Materials/UnityChan/TCP2_Demo_UnityChan style2 flat skin.mat
  artifactKey: Guid(2deaa891e08049740b53bd21cc2142c1) Importer(815301076,1909f56bfc062723c751e8b465ee728b)
Start importing Assets/Sample_Full_PCKGs/Toony Colors Pro/Demo TCP2/Cat Demo Assets/Materials/UnityChan/TCP2_Demo_UnityChan style2 flat skin.mat using Guid(2deaa891e08049740b53bd21cc2142c1) Importer(815301076,1909f56bfc062723c751e8b465ee728b)  -> (artifact id: '1775480f372ae2d0af2ff306c13fbc19') in 0.184746 seconds 
Editor requested this worker to shutdown with reason: Scaling down because of idle timeout
AssetImportWorker is now disconnected from the server
Process exiting
Exiting without the bug reporter. Application will terminate with return code 0