Using pre-set license
Built from '2021.3/staging' branch; Version is '2021.3.5f1 (40eb3a945986) revision 4254522'; Using compiler version '192829333'; Build Type 'Release'
OS: 'Windows 10  (10.0.19044) 64bit Enterprise' Language: 'en' Physical Memory: 15741 MB
BatchMode: 1, IsHumanControllingUs: 0, StartBugReporterOnCrash: 0, Is64bit: 1, IsPro: 1

COMMAND LINE ARGUMENTS:
C:\Program Files\Unity\Hub\Editor\2021.3.5f1\Editor\Unity.exe
-adb2
-batchMode
-noUpm
-name
AssetImportWorker4
-projectPath
C:/Users/WarmHeartedSnowman/Documents/PR_GAME/Pr num_3/Day 3
-logFile
Logs/AssetImportWorker4.log
-srvPort
63961
Successfully changed project path to: C:/Users/WarmHeartedSnowman/Documents/PR_GAME/Pr num_3/Day 3
C:/Users/WarmHeartedSnowman/Documents/PR_GAME/Pr num_3/Day 3
[UnityMemory] Configuration Parameters - Can be set up in boot.config
    "memorysetup-bucket-allocator-granularity=16"
    "memorysetup-bucket-allocator-bucket-count=8"
    "memorysetup-bucket-allocator-block-size=33554432"
    "memorysetup-bucket-allocator-block-count=8"
    "memorysetup-main-allocator-block-size=16777216"
    "memorysetup-thread-allocator-block-size=16777216"
    "memorysetup-gfx-main-allocator-block-size=16777216"
    "memorysetup-gfx-thread-allocator-block-size=16777216"
    "memorysetup-cache-allocator-block-size=4194304"
    "memorysetup-typetree-allocator-block-size=2097152"
    "memorysetup-profiler-bucket-allocator-granularity=16"
    "memorysetup-profiler-bucket-allocator-bucket-count=8"
    "memorysetup-profiler-bucket-allocator-block-size=33554432"
    "memorysetup-profiler-bucket-allocator-block-count=8"
    "memorysetup-profiler-allocator-block-size=16777216"
    "memorysetup-profiler-editor-allocator-block-size=1048576"
    "memorysetup-temp-allocator-size-main=16777216"
    "memorysetup-job-temp-allocator-block-size=2097152"
    "memorysetup-job-temp-allocator-block-size-background=1048576"
    "memorysetup-job-temp-allocator-reduction-small-platforms=262144"
    "memorysetup-temp-allocator-size-background-worker=32768"
    "memorysetup-temp-allocator-size-job-worker=262144"
    "memorysetup-temp-allocator-size-preload-manager=33554432"
    "memorysetup-temp-allocator-size-nav-mesh-worker=65536"
    "memorysetup-temp-allocator-size-audio-worker=65536"
    "memorysetup-temp-allocator-size-cloud-worker=32768"
    "memorysetup-temp-allocator-size-gi-baking-worker=262144"
    "memorysetup-temp-allocator-size-gfx=262144"
Refreshing native plugins compatible for Editor in 130.24 ms, found 3 plugins.
Preloading 0 native plugins for Editor in 0.00 ms.
Initialize engine version: 2021.3.5f1 (40eb3a945986)
[Subsystems] Discovering subsystems at path C:/Program Files/Unity/Hub/Editor/2021.3.5f1/Editor/Data/Resources/UnitySubsystems
[Subsystems] Discovering subsystems at path C:/Users/WarmHeartedSnowman/Documents/PR_GAME/Pr num_3/Day 3/Assets
GfxDevice: creating device client; threaded=0; jobified=0
Direct3D:
    Version:  Direct3D 11.0 [level 11.1]
    Renderer: NVIDIA GeForce GTX 1650 (ID=0x1f99)
    Vendor:   NVIDIA
    VRAM:     3962 MB
    Driver:   30.0.14.7219
Initialize mono
Mono path[0] = 'C:/Program Files/Unity/Hub/Editor/2021.3.5f1/Editor/Data/Managed'
Mono path[1] = 'C:/Program Files/Unity/Hub/Editor/2021.3.5f1/Editor/Data/MonoBleedingEdge/lib/mono/unityjit-win32'
Mono config path = 'C:/Program Files/Unity/Hub/Editor/2021.3.5f1/Editor/Data/MonoBleedingEdge/etc'
Using monoOptions --debugger-agent=transport=dt_socket,embedding=1,server=y,suspend=n,address=127.0.0.1:56012
Begin MonoManager ReloadAssembly
Registering precompiled unity dll's ...
Register platform support module: C:/Program Files/Unity/Hub/Editor/2021.3.5f1/Editor/Data/PlaybackEngines/WebGLSupport/UnityEditor.WebGL.Extensions.dll
Register platform support module: C:/Program Files/Unity/Hub/Editor/2021.3.5f1/Editor/Data/PlaybackEngines/WindowsStandaloneSupport/UnityEditor.WindowsStandalone.Extensions.dll
Registered in 0.008641 seconds.
Native extension for WindowsStandalone target not found
Native extension for WebGL target not found
Refreshing native plugins compatible for Editor in 118.83 ms, found 3 plugins.
Preloading 0 native plugins for Editor in 0.00 ms.
Mono: successfully reloaded assembly
- Completed reload, in  0.765 seconds
Domain Reload Profiling:
	ReloadAssembly (766ms)
		BeginReloadAssembly (74ms)
			ExecutionOrderSort (0ms)
			DisableScriptedObjects (0ms)
			BackupInstance (0ms)
			ReleaseScriptingObjects (0ms)
			CreateAndSetChildDomain (1ms)
		EndReloadAssembly (582ms)
			LoadAssemblies (72ms)
			RebuildTransferFunctionScriptingTraits (0ms)
			SetupTypeCache (138ms)
			ReleaseScriptCaches (0ms)
			RebuildScriptCaches (38ms)
			SetupLoadedEditorAssemblies (333ms)
				LogAssemblyErrors (0ms)
				InitializePlatformSupportModulesInManaged (11ms)
				SetLoadedEditorAssemblies (0ms)
				RefreshPlugins (119ms)
				BeforeProcessingInitializeOnLoad (1ms)
				ProcessInitializeOnLoadAttributes (148ms)
				ProcessInitializeOnLoadMethodAttributes (53ms)
				AfterProcessingInitializeOnLoad (0ms)
				EditorAssembliesLoaded (0ms)
			ExecutionOrderSort2 (0ms)
			AwakeInstancesAfterBackupRestoration (0ms)
Platform modules already initialized, skipping
Registering precompiled user dll's ...
Registered in 0.010955 seconds.
Begin MonoManager ReloadAssembly
Symbol file LoadedFromMemory doesn't match image C:\Users\WarmHeartedSnowman\Documents\PR_GAME\Pr num_3\Day 3\Library\PackageCache\com.unity.visualscripting@1.7.8\Editor\VisualScripting.Core\Dependencies\YamlDotNet\Unity.VisualScripting.YamlDotNet.dll
Symbol file LoadedFromMemory doesn't match image C:\Users\WarmHeartedSnowman\Documents\PR_GAME\Pr num_3\Day 3\Library\PackageCache\com.unity.visualscripting@1.7.8\Editor\VisualScripting.Core\Dependencies\DotNetZip\Unity.VisualScripting.IonicZip.dll
Native extension for WindowsStandalone target not found
Native extension for WebGL target not found
Refreshing native plugins compatible for Editor in 2.32 ms, found 3 plugins.
Preloading 0 native plugins for Editor in 0.00 ms.
Mono: successfully reloaded assembly
- Completed reload, in  1.438 seconds
Domain Reload Profiling:
	ReloadAssembly (1439ms)
		BeginReloadAssembly (115ms)
			ExecutionOrderSort (0ms)
			DisableScriptedObjects (7ms)
			BackupInstance (0ms)
			ReleaseScriptingObjects (0ms)
			CreateAndSetChildDomain (20ms)
		EndReloadAssembly (1184ms)
			LoadAssemblies (86ms)
			RebuildTransferFunctionScriptingTraits (0ms)
			SetupTypeCache (365ms)
			ReleaseScriptCaches (1ms)
			RebuildScriptCaches (80ms)
			SetupLoadedEditorAssemblies (575ms)
				LogAssemblyErrors (0ms)
				InitializePlatformSupportModulesInManaged (11ms)
				SetLoadedEditorAssemblies (1ms)
				RefreshPlugins (2ms)
				BeforeProcessingInitializeOnLoad (127ms)
				ProcessInitializeOnLoadAttributes (385ms)
				ProcessInitializeOnLoadMethodAttributes (40ms)
				AfterProcessingInitializeOnLoad (8ms)
				EditorAssembliesLoaded (0ms)
			ExecutionOrderSort2 (0ms)
			AwakeInstancesAfterBackupRestoration (8ms)
Platform modules already initialized, skipping
========================================================================
Worker process is ready to serve import requests
database is locked
Failed to delete database file Library/ShaderCache.db
Launched and connected shader compiler UnityShaderCompiler.exe after 0.07 seconds
Refreshing native plugins compatible for Editor in 1.50 ms, found 3 plugins.
Preloading 0 native plugins for Editor in 0.00 ms.
Unloading 3650 Unused Serialized files (Serialized files now loaded: 0)
Unloading 109 unused Assets / (19.1 MB). Loaded Objects now: 4044.
Memory consumption went from 181.5 MB to 162.4 MB.
Total: 11.326900 ms (FindLiveObjects: 0.454300 ms CreateObjectMapping: 0.179800 ms MarkObjects: 3.477100 ms  DeleteObjects: 7.213600 ms)

AssetImportParameters requested are different than current active one (requested -> active):
  custom:video-decoder-ogg-theora: a1e56fd34408186e4bbccfd4996cb3dc -> 
  custom:container-muxer-webm: aa71ff27fc2769a1b78a27578f13a17b -> 
  custom:container-demuxer-webm: 4f35f7cbe854078d1ac9338744f61a02 -> 
  custom:video-encoder-webm-vp8: eb34c28f22e8b96e1ab97ce403110664 -> 
  custom:audio-encoder-webm-vorbis: bf7c407c2cedff20999df2af8eb42d56 -> 
  custom:framework-win-MediaFoundation: 216162199b28c13a410421893ffa2e32 -> 
  custom:container-demuxer-ogg: 62fdf1f143b41e24485cea50d1cbac27 -> 
  custom:video-decoder-webm-vp8: 9c59270c3fd7afecdb556c50c9e8de78 -> 
  custom:audio-decoder-ogg-vorbis: bf7c407c2cedff20999df2af8eb42d56 -> 
========================================================================
Received Import Request.
  Time since last request: 123306.365026 seconds.
  path: Assets/Sample_Assets_PCKGs/GUI Mobile Hyper-Casual/Sprites/Items PSD + PNG/Hourglass/White.png
  artifactKey: Guid(5bd6f78905861a547b57637883ea1329) Importer(815301076,1909f56bfc062723c751e8b465ee728b)
Start importing Assets/Sample_Assets_PCKGs/GUI Mobile Hyper-Casual/Sprites/Items PSD + PNG/Hourglass/White.png using Guid(5bd6f78905861a547b57637883ea1329) Importer(815301076,1909f56bfc062723c751e8b465ee728b)  -> (artifact id: 'b0543d140fb092858422504610414ad8') in 0.149293 seconds 
========================================================================
Received Import Request.
  Time since last request: 0.000042 seconds.
  path: Assets/Sample_Assets_PCKGs/GUI Mobile Hyper-Casual/Sprites/Sprites by Menu/Buttons-assets/Purple Button Next.png
  artifactKey: Guid(0a97b2887f605024390309d9df946d48) Importer(815301076,1909f56bfc062723c751e8b465ee728b)
Start importing Assets/Sample_Assets_PCKGs/GUI Mobile Hyper-Casual/Sprites/Sprites by Menu/Buttons-assets/Purple Button Next.png using Guid(0a97b2887f605024390309d9df946d48) Importer(815301076,1909f56bfc062723c751e8b465ee728b)  -> (artifact id: 'c9c0d3022cc1e9ec9eabbc1f66312233') in 0.037714 seconds 
========================================================================
Received Import Request.
  Time since last request: 0.000032 seconds.
  path: Assets/Sample_Assets_PCKGs/GUI Mobile Hyper-Casual/Sprites/Sprites by Menu/Win-assets/Background Purple.png
  artifactKey: Guid(e8137ccfd2767aa42809bf354608420e) Importer(815301076,1909f56bfc062723c751e8b465ee728b)
Start importing Assets/Sample_Assets_PCKGs/GUI Mobile Hyper-Casual/Sprites/Sprites by Menu/Win-assets/Background Purple.png using Guid(e8137ccfd2767aa42809bf354608420e) Importer(815301076,1909f56bfc062723c751e8b465ee728b)  -> (artifact id: '5072c56093e3b0b8145daefae86bab3f') in 0.060017 seconds 
========================================================================
Received Import Request.
  Time since last request: 0.000031 seconds.
  path: Assets/Sample_Assets_PCKGs/GUI Mobile Hyper-Casual/Sprites/Items PSD + PNG/Potion/Potion2/Purple.png
  artifactKey: Guid(08befa1b168e28049a6b94ed5ae40bd5) Importer(815301076,1909f56bfc062723c751e8b465ee728b)
Start importing Assets/Sample_Assets_PCKGs/GUI Mobile Hyper-Casual/Sprites/Items PSD + PNG/Potion/Potion2/Purple.png using Guid(08befa1b168e28049a6b94ed5ae40bd5) Importer(815301076,1909f56bfc062723c751e8b465ee728b)  -> (artifact id: 'b823f2d3863a9557c02391b77aef9bcf') in 0.045563 seconds 
========================================================================
Received Import Request.
  Time since last request: 0.000056 seconds.
  path: Assets/Sample_Assets_PCKGs/GUI Mobile Hyper-Casual/Sprites/Items PSD + PNG/Diamonds/Diamond 2/Outline.png
  artifactKey: Guid(7b58bcbd5cea8de4bb14fd6e47742a57) Importer(815301076,1909f56bfc062723c751e8b465ee728b)
Start importing Assets/Sample_Assets_PCKGs/GUI Mobile Hyper-Casual/Sprites/Items PSD + PNG/Diamonds/Diamond 2/Outline.png using Guid(7b58bcbd5cea8de4bb14fd6e47742a57) Importer(815301076,1909f56bfc062723c751e8b465ee728b)  -> (artifact id: '70ade79acc93aea563ea3a7b9d72a514') in 0.033502 seconds 
========================================================================
Received Import Request.
  Time since last request: 0.000028 seconds.
  path: Assets/Sample_Assets_PCKGs/GUI Mobile Hyper-Casual/Sprites/Sprites by Menu/In Game-assets/Background Rectangle Progress Bar.png
  artifactKey: Guid(06e3d25b5cb2418409a5a6036e2d3ae9) Importer(815301076,1909f56bfc062723c751e8b465ee728b)
Start importing Assets/Sample_Assets_PCKGs/GUI Mobile Hyper-Casual/Sprites/Sprites by Menu/In Game-assets/Background Rectangle Progress Bar.png using Guid(06e3d25b5cb2418409a5a6036e2d3ae9) Importer(815301076,1909f56bfc062723c751e8b465ee728b)  -> (artifact id: '566c66f3eda394ea1fd342840a1136a5') in 0.025712 seconds 
========================================================================
Received Import Request.
  Time since last request: 0.000026 seconds.
  path: Assets/Sample_Assets_PCKGs/GUI Mobile Hyper-Casual/Sprites/Items PSD + PNG/Token/Token.psd
  artifactKey: Guid(48c423ee441c5da46ab17b416bb7e3e8) Importer(815301076,1909f56bfc062723c751e8b465ee728b)
Start importing Assets/Sample_Assets_PCKGs/GUI Mobile Hyper-Casual/Sprites/Items PSD + PNG/Token/Token.psd using Guid(48c423ee441c5da46ab17b416bb7e3e8) Importer(815301076,1909f56bfc062723c751e8b465ee728b)  -> (artifact id: '52df89a0c7a431114cc48994108922d0') in 0.042567 seconds 
========================================================================
Received Import Request.
  Time since last request: 0.000034 seconds.
  path: Assets/Sample_Assets_PCKGs/GUI Mobile Hyper-Casual/Sprites/Items PSD + PNG/Flag/White.png
  artifactKey: Guid(ff3dab5b19702d7448eeaa9a10e59db9) Importer(815301076,1909f56bfc062723c751e8b465ee728b)
Start importing Assets/Sample_Assets_PCKGs/GUI Mobile Hyper-Casual/Sprites/Items PSD + PNG/Flag/White.png using Guid(ff3dab5b19702d7448eeaa9a10e59db9) Importer(815301076,1909f56bfc062723c751e8b465ee728b)  -> (artifact id: 'b216a17d7b72ee3ed1c6e5600c19039d') in 0.038580 seconds 
========================================================================
Received Import Request.
  Time since last request: 0.000031 seconds.
  path: Assets/Sample_Assets_PCKGs/GUI Mobile Hyper-Casual/Sprites/Emojis PNG/PNG/Set Emojis-assets/16.png
  artifactKey: Guid(67b5c520997d48e4ea4b7efdebbb57e7) Importer(815301076,1909f56bfc062723c751e8b465ee728b)
Start importing Assets/Sample_Assets_PCKGs/GUI Mobile Hyper-Casual/Sprites/Emojis PNG/PNG/Set Emojis-assets/16.png using Guid(67b5c520997d48e4ea4b7efdebbb57e7) Importer(815301076,1909f56bfc062723c751e8b465ee728b)  -> (artifact id: 'bf2380076e4e42f628a6bb7e005d91f0') in 0.043390 seconds 
========================================================================
Received Import Request.
  Time since last request: 0.000046 seconds.
  path: Assets/Sample_Assets_PCKGs/GUI Mobile Hyper-Casual/Sprites/Sprites by Menu/In Game-assets/100c.png
  artifactKey: Guid(bafdcfb8288258542bb1c6643e182b33) Importer(815301076,1909f56bfc062723c751e8b465ee728b)
Start importing Assets/Sample_Assets_PCKGs/GUI Mobile Hyper-Casual/Sprites/Sprites by Menu/In Game-assets/100c.png using Guid(bafdcfb8288258542bb1c6643e182b33) Importer(815301076,1909f56bfc062723c751e8b465ee728b)  -> (artifact id: '6aa210ea12f5067aa7e5f718e77aa97c') in 0.032950 seconds 
========================================================================
Received Import Request.
  Time since last request: 0.000037 seconds.
  path: Assets/Sample_Assets_PCKGs/GUI Mobile Hyper-Casual/Sprites/Sprites by Menu/Buttons-assets/Purple Button Claim.png
  artifactKey: Guid(c4331bb414f561844a2f235b04e04404) Importer(815301076,1909f56bfc062723c751e8b465ee728b)
Start importing Assets/Sample_Assets_PCKGs/GUI Mobile Hyper-Casual/Sprites/Sprites by Menu/Buttons-assets/Purple Button Claim.png using Guid(c4331bb414f561844a2f235b04e04404) Importer(815301076,1909f56bfc062723c751e8b465ee728b)  -> (artifact id: '135378eb3037f61755168beafe451b62') in 0.039233 seconds 
========================================================================
Received Import Request.
  Time since last request: 0.000029 seconds.
  path: Assets/Sample_Assets_PCKGs/GUI Mobile Hyper-Casual/Sprites/Items PSD + PNG/Bolt/Green.png
  artifactKey: Guid(cdb369a06c30aae46a3994833428a7cf) Importer(815301076,1909f56bfc062723c751e8b465ee728b)
Start importing Assets/Sample_Assets_PCKGs/GUI Mobile Hyper-Casual/Sprites/Items PSD + PNG/Bolt/Green.png using Guid(cdb369a06c30aae46a3994833428a7cf) Importer(815301076,1909f56bfc062723c751e8b465ee728b)  -> (artifact id: '6004755b6f84ed21a760ccb982bb762e') in 0.039779 seconds 
========================================================================
Received Import Request.
  Time since last request: 0.000032 seconds.
  path: Assets/Sample_Assets_PCKGs/GUI Mobile Hyper-Casual/Sprites/Sprites by Menu/In Game-assets/Radial Shine White.png
  artifactKey: Guid(fc92dc49be713e141a07cc4ec6ef58d2) Importer(815301076,1909f56bfc062723c751e8b465ee728b)
Start importing Assets/Sample_Assets_PCKGs/GUI Mobile Hyper-Casual/Sprites/Sprites by Menu/In Game-assets/Radial Shine White.png using Guid(fc92dc49be713e141a07cc4ec6ef58d2) Importer(815301076,1909f56bfc062723c751e8b465ee728b)  -> (artifact id: 'cae5726eba579ee6e929e6b3de484bd3') in 0.067965 seconds 
========================================================================
Received Import Request.
  Time since last request: 0.000025 seconds.
  path: Assets/Sample_Assets_PCKGs/GUI Mobile Hyper-Casual/Sprites/Sprites by Menu/Win-assets/Background Progress Bar Level Win.png
  artifactKey: Guid(aefd2cdbc6b4f6f4ba37e8c612870f0b) Importer(815301076,1909f56bfc062723c751e8b465ee728b)
Start importing Assets/Sample_Assets_PCKGs/GUI Mobile Hyper-Casual/Sprites/Sprites by Menu/Win-assets/Background Progress Bar Level Win.png using Guid(aefd2cdbc6b4f6f4ba37e8c612870f0b) Importer(815301076,1909f56bfc062723c751e8b465ee728b)  -> (artifact id: '1c142c4abf1289b39ec81c7f088efcbc') in 0.042115 seconds 
========================================================================
Received Import Request.
  Time since last request: 0.000035 seconds.
  path: Assets/Sample_Assets_PCKGs/GUI Mobile Hyper-Casual/Sprites/Items PSD + PNG/Potion/Potion2/Potion 1.psd
  artifactKey: Guid(62df1c43ea7e6dd4f8b6074c3c7b0f98) Importer(815301076,1909f56bfc062723c751e8b465ee728b)
Start importing Assets/Sample_Assets_PCKGs/GUI Mobile Hyper-Casual/Sprites/Items PSD + PNG/Potion/Potion2/Potion 1.psd using Guid(62df1c43ea7e6dd4f8b6074c3c7b0f98) Importer(815301076,1909f56bfc062723c751e8b465ee728b)  -> (artifact id: 'cc4942850a076cca3a848f9cc1664e77') in 0.042727 seconds 
========================================================================
Received Import Request.
  Time since last request: 0.000056 seconds.
  path: Assets/Sample_Assets_PCKGs/GUI Mobile Hyper-Casual/Sprites/Items PSD + PNG/Heart/White.png
  artifactKey: Guid(5a048fec5424fbf449daf9e6c0e4e0de) Importer(815301076,1909f56bfc062723c751e8b465ee728b)
Start importing Assets/Sample_Assets_PCKGs/GUI Mobile Hyper-Casual/Sprites/Items PSD + PNG/Heart/White.png using Guid(5a048fec5424fbf449daf9e6c0e4e0de) Importer(815301076,1909f56bfc062723c751e8b465ee728b)  -> (artifact id: '0c262aa6a539e37f377a17fc878132ee') in 0.038125 seconds 
========================================================================
Received Import Request.
  Time since last request: 0.000033 seconds.
  path: Assets/Sample_Assets_PCKGs/GUI Mobile Hyper-Casual/Sprites/Sprites by Menu/In Game-assets/Background tuto.png
  artifactKey: Guid(c97273a5e6cc0f245afcbf0afed64adf) Importer(815301076,1909f56bfc062723c751e8b465ee728b)
Start importing Assets/Sample_Assets_PCKGs/GUI Mobile Hyper-Casual/Sprites/Sprites by Menu/In Game-assets/Background tuto.png using Guid(c97273a5e6cc0f245afcbf0afed64adf) Importer(815301076,1909f56bfc062723c751e8b465ee728b)  -> (artifact id: 'a6cf57c9e231c25d57e6c3197efa454d') in 0.043980 seconds 
========================================================================
Received Import Request.
  Time since last request: 0.000043 seconds.
  path: Assets/Sample_Assets_PCKGs/GUI Mobile Hyper-Casual/Sprites/Items PSD + PNG/Stars/Red.png
  artifactKey: Guid(c953c4403257dd645ad419a1ac2c15bf) Importer(815301076,1909f56bfc062723c751e8b465ee728b)
Start importing Assets/Sample_Assets_PCKGs/GUI Mobile Hyper-Casual/Sprites/Items PSD + PNG/Stars/Red.png using Guid(c953c4403257dd645ad419a1ac2c15bf) Importer(815301076,1909f56bfc062723c751e8b465ee728b)  -> (artifact id: 'f762cccb2a8255a30984a1eaf6568cd7') in 0.038058 seconds 
========================================================================
Received Import Request.
  Time since last request: 0.000028 seconds.
  path: Assets/Sample_Assets_PCKGs/GUI Mobile Hyper-Casual/Sprites/Items PSD + PNG/Icon Club/Red.png
  artifactKey: Guid(292993e6765686943be14f56be69700f) Importer(815301076,1909f56bfc062723c751e8b465ee728b)
Start importing Assets/Sample_Assets_PCKGs/GUI Mobile Hyper-Casual/Sprites/Items PSD + PNG/Icon Club/Red.png using Guid(292993e6765686943be14f56be69700f) Importer(815301076,1909f56bfc062723c751e8b465ee728b)  -> (artifact id: 'e42dc7ae944652062235ee39cc60ef35') in 0.038306 seconds 
========================================================================
Received Import Request.
  Time since last request: 0.000033 seconds.
  path: Assets/Sample_Assets_PCKGs/GUI Mobile Hyper-Casual/Sprites/Items PSD + PNG/Pills/Red - Yellow.png
  artifactKey: Guid(fb8378349b0e07548819881f000993b0) Importer(815301076,1909f56bfc062723c751e8b465ee728b)
Start importing Assets/Sample_Assets_PCKGs/GUI Mobile Hyper-Casual/Sprites/Items PSD + PNG/Pills/Red - Yellow.png using Guid(fb8378349b0e07548819881f000993b0) Importer(815301076,1909f56bfc062723c751e8b465ee728b)  -> (artifact id: '1aeb6bb3c6928c3c84f2c8ea40889114') in 0.041281 seconds 
========================================================================
Received Import Request.
  Time since last request: 0.000031 seconds.
  path: Assets/Sample_Assets_PCKGs/GUI Mobile Hyper-Casual/Sprites/Items PSD + PNG/Diamonds/Diamonds/Blue.png
  artifactKey: Guid(3c41c27f428992745bf9c6885c9eacb2) Importer(815301076,1909f56bfc062723c751e8b465ee728b)
Start importing Assets/Sample_Assets_PCKGs/GUI Mobile Hyper-Casual/Sprites/Items PSD + PNG/Diamonds/Diamonds/Blue.png using Guid(3c41c27f428992745bf9c6885c9eacb2) Importer(815301076,1909f56bfc062723c751e8b465ee728b)  -> (artifact id: '7802f5326f56773d10f23a94b163becb') in 0.039857 seconds 
========================================================================
Received Import Request.
  Time since last request: 0.000042 seconds.
  path: Assets/Sample_Assets_PCKGs/GUI Mobile Hyper-Casual/Sprites/Items PSD + PNG/TV/Outline.png
  artifactKey: Guid(f22ed3a2fb84e3f44b30d17523b2e296) Importer(815301076,1909f56bfc062723c751e8b465ee728b)
Start importing Assets/Sample_Assets_PCKGs/GUI Mobile Hyper-Casual/Sprites/Items PSD + PNG/TV/Outline.png using Guid(f22ed3a2fb84e3f44b30d17523b2e296) Importer(815301076,1909f56bfc062723c751e8b465ee728b)  -> (artifact id: 'f19a02a8df90dfbdb0231e9ed37fcc74') in 0.038327 seconds 
========================================================================
Received Import Request.
  Time since last request: 0.000021 seconds.
  path: Assets/Sample_Assets_PCKGs/GUI Mobile Hyper-Casual/Sprites/Sprites by Menu/In Game-assets/Square Green.png
  artifactKey: Guid(c266f27f9276f474d8b03b03b765a342) Importer(815301076,1909f56bfc062723c751e8b465ee728b)
Start importing Assets/Sample_Assets_PCKGs/GUI Mobile Hyper-Casual/Sprites/Sprites by Menu/In Game-assets/Square Green.png using Guid(c266f27f9276f474d8b03b03b765a342) Importer(815301076,1909f56bfc062723c751e8b465ee728b)  -> (artifact id: 'ef80c32a5aea04d120820bccb9532aa5') in 0.036125 seconds 
========================================================================
Received Import Request.
  Time since last request: 0.000035 seconds.
  path: Assets/Sample_Assets_PCKGs/GUI Mobile Hyper-Casual/Sprites/Items PSD + PNG/Radial Shine/Multi Radial.png
  artifactKey: Guid(851708e76e95ee54d9630fdf486235a9) Importer(815301076,1909f56bfc062723c751e8b465ee728b)
Start importing Assets/Sample_Assets_PCKGs/GUI Mobile Hyper-Casual/Sprites/Items PSD + PNG/Radial Shine/Multi Radial.png using Guid(851708e76e95ee54d9630fdf486235a9) Importer(815301076,1909f56bfc062723c751e8b465ee728b)  -> (artifact id: '9c6d5c8371eb4b1a647e6ff79e6ce733') in 0.157903 seconds 
========================================================================
Received Import Request.
  Time since last request: 0.000030 seconds.
  path: Assets/Sample_Assets_PCKGs/GUI Mobile Hyper-Casual/Sprites/Items PSD + PNG/Potion/Potion/Yellow.png
  artifactKey: Guid(50d3ccda069ab6a4fb7752a8b6961e43) Importer(815301076,1909f56bfc062723c751e8b465ee728b)
Start importing Assets/Sample_Assets_PCKGs/GUI Mobile Hyper-Casual/Sprites/Items PSD + PNG/Potion/Potion/Yellow.png using Guid(50d3ccda069ab6a4fb7752a8b6961e43) Importer(815301076,1909f56bfc062723c751e8b465ee728b)  -> (artifact id: '320e4960771d6c23876163ef009c1cb9') in 0.040814 seconds 
========================================================================
Received Import Request.
  Time since last request: 0.000054 seconds.
  path: Assets/Sample_Assets_PCKGs/GUI Mobile Hyper-Casual/Sprites/Sprites by Menu/Buttons-assets/Green Button Continue.png
  artifactKey: Guid(6ba2a62783c8a3e42943a53eaa43d258) Importer(815301076,1909f56bfc062723c751e8b465ee728b)
Start importing Assets/Sample_Assets_PCKGs/GUI Mobile Hyper-Casual/Sprites/Sprites by Menu/Buttons-assets/Green Button Continue.png using Guid(6ba2a62783c8a3e42943a53eaa43d258) Importer(815301076,1909f56bfc062723c751e8b465ee728b)  -> (artifact id: 'c117f5a00fc1f2fd77c313e9eae4749f') in 0.033274 seconds 
========================================================================
Received Import Request.
  Time since last request: 0.000031 seconds.
  path: Assets/Sample_Assets_PCKGs/GUI Mobile Hyper-Casual/Sprites/Sprites by Menu/Prize Machine-assets/PRIZE MACHINE.png
  artifactKey: Guid(22e40ed50dfcbf74ca734b97bc024d28) Importer(815301076,1909f56bfc062723c751e8b465ee728b)
Start importing Assets/Sample_Assets_PCKGs/GUI Mobile Hyper-Casual/Sprites/Sprites by Menu/Prize Machine-assets/PRIZE MACHINE.png using Guid(22e40ed50dfcbf74ca734b97bc024d28) Importer(815301076,1909f56bfc062723c751e8b465ee728b)  -> (artifact id: '1438218d759870b38a342e88c16d0e22') in 0.037623 seconds 
========================================================================
Received Import Request.
  Time since last request: 0.000032 seconds.
  path: Assets/Sample_Assets_PCKGs/GUI Mobile Hyper-Casual/Sprites/Sprites by Menu/Buttons-assets/Green Button Go.png
  artifactKey: Guid(788d992ac879a89469757bd41420e238) Importer(815301076,1909f56bfc062723c751e8b465ee728b)
Start importing Assets/Sample_Assets_PCKGs/GUI Mobile Hyper-Casual/Sprites/Sprites by Menu/Buttons-assets/Green Button Go.png using Guid(788d992ac879a89469757bd41420e238) Importer(815301076,1909f56bfc062723c751e8b465ee728b)  -> (artifact id: '9758ec2c5e93970c0c9d759faee1834c') in 0.037709 seconds 
========================================================================
Received Import Request.
  Time since last request: 0.000042 seconds.
  path: Assets/Sample_Assets_PCKGs/GUI Mobile Hyper-Casual/Sprites/Items PSD + PNG/Badge/White.png
  artifactKey: Guid(193394f4d2301054b9154e8ecff0623f) Importer(815301076,1909f56bfc062723c751e8b465ee728b)
Start importing Assets/Sample_Assets_PCKGs/GUI Mobile Hyper-Casual/Sprites/Items PSD + PNG/Badge/White.png using Guid(193394f4d2301054b9154e8ecff0623f) Importer(815301076,1909f56bfc062723c751e8b465ee728b)  -> (artifact id: '6915f2d54d6a4971321e5076b91c66e5') in 0.044469 seconds 
========================================================================
Received Import Request.
  Time since last request: 0.000023 seconds.
  path: Assets/Sample_Assets_PCKGs/GUI Mobile Hyper-Casual/Sprites/Sprites by Menu/Buttons-assets/Pub Yellow Button Open.png
  artifactKey: Guid(37cda49eb47c1da41bcf972c88e6b5aa) Importer(815301076,1909f56bfc062723c751e8b465ee728b)
Start importing Assets/Sample_Assets_PCKGs/GUI Mobile Hyper-Casual/Sprites/Sprites by Menu/Buttons-assets/Pub Yellow Button Open.png using Guid(37cda49eb47c1da41bcf972c88e6b5aa) Importer(815301076,1909f56bfc062723c751e8b465ee728b)  -> (artifact id: '7e294d4ed81ea4b180edf650899957bc') in 0.034826 seconds 
========================================================================
Received Import Request.
  Time since last request: 0.000036 seconds.
  path: Assets/Sample_Assets_PCKGs/GUI Mobile Hyper-Casual/Sprites/Items PSD + PNG/Ball/Outline.png
  artifactKey: Guid(d2cef90d2d71cfb4e9a72d6590c92ebe) Importer(815301076,1909f56bfc062723c751e8b465ee728b)
Start importing Assets/Sample_Assets_PCKGs/GUI Mobile Hyper-Casual/Sprites/Items PSD + PNG/Ball/Outline.png using Guid(d2cef90d2d71cfb4e9a72d6590c92ebe) Importer(815301076,1909f56bfc062723c751e8b465ee728b)  -> (artifact id: 'a97022d81c6b8617353d97932d5a0929') in 0.035348 seconds 
========================================================================
Received Import Request.
  Time since last request: 0.000039 seconds.
  path: Assets/Sample_Assets_PCKGs/GUI Mobile Hyper-Casual/Sprites/Sprites by Menu/Win-assets/Rewards icon.png
  artifactKey: Guid(b445eadd4bbe558478af346a8a4a8490) Importer(815301076,1909f56bfc062723c751e8b465ee728b)
Start importing Assets/Sample_Assets_PCKGs/GUI Mobile Hyper-Casual/Sprites/Sprites by Menu/Win-assets/Rewards icon.png using Guid(b445eadd4bbe558478af346a8a4a8490) Importer(815301076,1909f56bfc062723c751e8b465ee728b)  -> (artifact id: '9b4b1831edbd0ca453b76df044a5e762') in 0.035972 seconds 
========================================================================
Received Import Request.
  Time since last request: 0.000050 seconds.
  path: Assets/Sample_Assets_PCKGs/GUI Mobile Hyper-Casual/Sprites/Emojis PNG/PNG/Set Emojis-assets/12.png
  artifactKey: Guid(4071c70e9c546ba42b50accba370c1b2) Importer(815301076,1909f56bfc062723c751e8b465ee728b)
Start importing Assets/Sample_Assets_PCKGs/GUI Mobile Hyper-Casual/Sprites/Emojis PNG/PNG/Set Emojis-assets/12.png using Guid(4071c70e9c546ba42b50accba370c1b2) Importer(815301076,1909f56bfc062723c751e8b465ee728b)  -> (artifact id: 'b1b9ab1560dfc766674df89dd5171daf') in 0.041593 seconds 
========================================================================
Received Import Request.
  Time since last request: 0.000045 seconds.
  path: Assets/Sample_Assets_PCKGs/GUI Mobile Hyper-Casual/Sprites/Sprites by Menu/In Game-assets/Square Blue.png
  artifactKey: Guid(829212c20ba2ea642ac6037415712f87) Importer(815301076,1909f56bfc062723c751e8b465ee728b)
Start importing Assets/Sample_Assets_PCKGs/GUI Mobile Hyper-Casual/Sprites/Sprites by Menu/In Game-assets/Square Blue.png using Guid(829212c20ba2ea642ac6037415712f87) Importer(815301076,1909f56bfc062723c751e8b465ee728b)  -> (artifact id: '4a5787bb94ad0060654c9155b487d1cf') in 0.026887 seconds 
========================================================================
Received Import Request.
  Time since last request: 0.000029 seconds.
  path: Assets/Sample_Assets_PCKGs/GUI Mobile Hyper-Casual/Sprites/Emojis PNG/PNG/Set Emojis-assets/20.png
  artifactKey: Guid(f2c11389488cdc64f9acc5ac8ee0cda4) Importer(815301076,1909f56bfc062723c751e8b465ee728b)
Start importing Assets/Sample_Assets_PCKGs/GUI Mobile Hyper-Casual/Sprites/Emojis PNG/PNG/Set Emojis-assets/20.png using Guid(f2c11389488cdc64f9acc5ac8ee0cda4) Importer(815301076,1909f56bfc062723c751e8b465ee728b)  -> (artifact id: '49cf01f3d8e8783a3560d8fd0214ecfa') in 0.043934 seconds 
========================================================================
Received Import Request.
  Time since last request: 0.000036 seconds.
  path: Assets/Sample_Assets_PCKGs/GUI Mobile Hyper-Casual/Sprites/Items PSD + PNG/Gun/White.png
  artifactKey: Guid(c81bc15ead06baf4fb0cf1eb50f808fd) Importer(815301076,1909f56bfc062723c751e8b465ee728b)
Start importing Assets/Sample_Assets_PCKGs/GUI Mobile Hyper-Casual/Sprites/Items PSD + PNG/Gun/White.png using Guid(c81bc15ead06baf4fb0cf1eb50f808fd) Importer(815301076,1909f56bfc062723c751e8b465ee728b)  -> (artifact id: 'e70a43fc83ef93e94eb461439ac61a3f') in 0.042081 seconds 
========================================================================
Received Import Request.
  Time since last request: 0.000045 seconds.
  path: Assets/Sample_Assets_PCKGs/GUI Mobile Hyper-Casual/Sprites/Items PSD + PNG/Mushroom/Mushroom.png
  artifactKey: Guid(65dc7bc63b3f0154f9d4d489f9a7c781) Importer(815301076,1909f56bfc062723c751e8b465ee728b)
Start importing Assets/Sample_Assets_PCKGs/GUI Mobile Hyper-Casual/Sprites/Items PSD + PNG/Mushroom/Mushroom.png using Guid(65dc7bc63b3f0154f9d4d489f9a7c781) Importer(815301076,1909f56bfc062723c751e8b465ee728b)  -> (artifact id: 'dc63a0f0b0ab781b8019dcd117b03462') in 0.041761 seconds 
========================================================================
Received Import Request.
  Time since last request: 0.000041 seconds.
  path: Assets/Sample_Assets_PCKGs/GUI Mobile Hyper-Casual/Sprites/Items PSD + PNG/Target/Outline.png
  artifactKey: Guid(fcc30a4fd6257d748a19f7cc92d582dd) Importer(815301076,1909f56bfc062723c751e8b465ee728b)
Start importing Assets/Sample_Assets_PCKGs/GUI Mobile Hyper-Casual/Sprites/Items PSD + PNG/Target/Outline.png using Guid(fcc30a4fd6257d748a19f7cc92d582dd) Importer(815301076,1909f56bfc062723c751e8b465ee728b)  -> (artifact id: '9e60bab40a7db392d8960745441ec9e8') in 0.039641 seconds 
========================================================================
Received Import Request.
  Time since last request: 0.000040 seconds.
  path: Assets/Sample_Assets_PCKGs/GUI Mobile Hyper-Casual/Sprites/Emojis PNG/PNG/Set Emojis-assets/27.png
  artifactKey: Guid(695efc9f83f4a3d4c911ad8e747c272d) Importer(815301076,1909f56bfc062723c751e8b465ee728b)
Start importing Assets/Sample_Assets_PCKGs/GUI Mobile Hyper-Casual/Sprites/Emojis PNG/PNG/Set Emojis-assets/27.png using Guid(695efc9f83f4a3d4c911ad8e747c272d) Importer(815301076,1909f56bfc062723c751e8b465ee728b)  -> (artifact id: '0edfd47eeb015fa1af93be3c501b75e5') in 0.046622 seconds 
========================================================================
Received Import Request.
  Time since last request: 0.000028 seconds.
  path: Assets/Sample_Assets_PCKGs/GUI Mobile Hyper-Casual/Sprites/Sprites by Menu/In Game-assets/Rectangle Progress Bar Yellow.png
  artifactKey: Guid(c18e14cdafadc574c8b33cbd5f62c955) Importer(815301076,1909f56bfc062723c751e8b465ee728b)
Start importing Assets/Sample_Assets_PCKGs/GUI Mobile Hyper-Casual/Sprites/Sprites by Menu/In Game-assets/Rectangle Progress Bar Yellow.png using Guid(c18e14cdafadc574c8b33cbd5f62c955) Importer(815301076,1909f56bfc062723c751e8b465ee728b)  -> (artifact id: '73044509bb29a958b627fb3fd9cc3799') in 0.034469 seconds 
========================================================================
Received Import Request.
  Time since last request: 0.000030 seconds.
  path: Assets/Sample_Assets_PCKGs/GUI Mobile Hyper-Casual/Sprites/Items PSD + PNG/Hourglass/Hourglass.png
  artifactKey: Guid(311005a575eeb2743901a4f5e2a7250a) Importer(815301076,1909f56bfc062723c751e8b465ee728b)
Start importing Assets/Sample_Assets_PCKGs/GUI Mobile Hyper-Casual/Sprites/Items PSD + PNG/Hourglass/Hourglass.png using Guid(311005a575eeb2743901a4f5e2a7250a) Importer(815301076,1909f56bfc062723c751e8b465ee728b)  -> (artifact id: '7c749908bc73253123af97ba205e6250') in 0.049684 seconds 
========================================================================
Received Import Request.
  Time since last request: 0.000030 seconds.
  path: Assets/Sample_Assets_PCKGs/GUI Mobile Hyper-Casual/Sprites/Sprites by Menu/Buttons-assets/Pub Blue Button Skip.png
  artifactKey: Guid(33ef6e351262d8244b3ccac0303540d7) Importer(815301076,1909f56bfc062723c751e8b465ee728b)
Start importing Assets/Sample_Assets_PCKGs/GUI Mobile Hyper-Casual/Sprites/Sprites by Menu/Buttons-assets/Pub Blue Button Skip.png using Guid(33ef6e351262d8244b3ccac0303540d7) Importer(815301076,1909f56bfc062723c751e8b465ee728b)  -> (artifact id: 'dfedd6993c75d2b1939301be6e508b65') in 0.040324 seconds 
========================================================================
Received Import Request.
  Time since last request: 0.000031 seconds.
  path: Assets/Sample_Assets_PCKGs/GUI Mobile Hyper-Casual/Sprites/Items PSD + PNG/Diplome/Diplome.png
  artifactKey: Guid(17dcd5aa3079ae544b17fac92fa3dd0f) Importer(815301076,1909f56bfc062723c751e8b465ee728b)
Start importing Assets/Sample_Assets_PCKGs/GUI Mobile Hyper-Casual/Sprites/Items PSD + PNG/Diplome/Diplome.png using Guid(17dcd5aa3079ae544b17fac92fa3dd0f) Importer(815301076,1909f56bfc062723c751e8b465ee728b)  -> (artifact id: 'b083228899f7ccdb3142ab6c31790886') in 0.039562 seconds 
========================================================================
Received Import Request.
  Time since last request: 0.000052 seconds.
  path: Assets/Sample_Assets_PCKGs/GUI Mobile Hyper-Casual/Sprites/Items PSD + PNG/Target/Target.psd
  artifactKey: Guid(b6f9244001b6d19469965eedbd6af7a0) Importer(815301076,1909f56bfc062723c751e8b465ee728b)
Start importing Assets/Sample_Assets_PCKGs/GUI Mobile Hyper-Casual/Sprites/Items PSD + PNG/Target/Target.psd using Guid(b6f9244001b6d19469965eedbd6af7a0) Importer(815301076,1909f56bfc062723c751e8b465ee728b)  -> (artifact id: '4bb30980f0b5b0e16db4ed432fa7768e') in 0.042939 seconds 
========================================================================
Received Import Request.
  Time since last request: 0.000031 seconds.
  path: Assets/Sample_Assets_PCKGs/GUI Mobile Hyper-Casual/Sprites/Items PSD + PNG/Bag/Bag/Bag.psd
  artifactKey: Guid(a9830669123db024aa81651973878c7a) Importer(815301076,1909f56bfc062723c751e8b465ee728b)
Start importing Assets/Sample_Assets_PCKGs/GUI Mobile Hyper-Casual/Sprites/Items PSD + PNG/Bag/Bag/Bag.psd using Guid(a9830669123db024aa81651973878c7a) Importer(815301076,1909f56bfc062723c751e8b465ee728b)  -> (artifact id: 'beff7eb077002d551c56338f3e76562f') in 0.044291 seconds 
========================================================================
Received Import Request.
  Time since last request: 0.000031 seconds.
  path: Assets/Sample_Assets_PCKGs/GUI Mobile Hyper-Casual/Sprites/Items PSD + PNG/Cup/White.png
  artifactKey: Guid(02602b20339f15b4494e05783e2754c5) Importer(815301076,1909f56bfc062723c751e8b465ee728b)
Start importing Assets/Sample_Assets_PCKGs/GUI Mobile Hyper-Casual/Sprites/Items PSD + PNG/Cup/White.png using Guid(02602b20339f15b4494e05783e2754c5) Importer(815301076,1909f56bfc062723c751e8b465ee728b)  -> (artifact id: 'c11d7d318453acdc37ff48053cd7620d') in 0.041096 seconds 
========================================================================
Received Import Request.
  Time since last request: 0.000029 seconds.
  path: Assets/Sample_Assets_PCKGs/GUI Mobile Hyper-Casual/Sprites/Sprites by Menu/In Game-assets/Bar Progress in game Green.png
  artifactKey: Guid(b68c26fc83e8ac643965410660e70bc7) Importer(815301076,1909f56bfc062723c751e8b465ee728b)
Start importing Assets/Sample_Assets_PCKGs/GUI Mobile Hyper-Casual/Sprites/Sprites by Menu/In Game-assets/Bar Progress in game Green.png using Guid(b68c26fc83e8ac643965410660e70bc7) Importer(815301076,1909f56bfc062723c751e8b465ee728b)  -> (artifact id: 'fedfe2e80435a0a7f9d69dafa6511b08') in 0.035199 seconds 
========================================================================
Received Import Request.
  Time since last request: 0.000034 seconds.
  path: Assets/Sample_Assets_PCKGs/GUI Mobile Hyper-Casual/Sprites/Items PSD + PNG/Bomb/Bomb.png
  artifactKey: Guid(6f33133a895fb9b44800f7e6f924b0a0) Importer(815301076,1909f56bfc062723c751e8b465ee728b)
Start importing Assets/Sample_Assets_PCKGs/GUI Mobile Hyper-Casual/Sprites/Items PSD + PNG/Bomb/Bomb.png using Guid(6f33133a895fb9b44800f7e6f924b0a0) Importer(815301076,1909f56bfc062723c751e8b465ee728b)  -> (artifact id: '6450aa7a87ebed3f6e3eac30474250c7') in 0.041572 seconds 
========================================================================
Received Import Request.
  Time since last request: 0.000037 seconds.
  path: Assets/Sample_Assets_PCKGs/GUI Mobile Hyper-Casual/Sprites/Sprites by Menu/In Game-assets/Rectangle Progress Bar purple.png
  artifactKey: Guid(5187d864f570451478bee308838629d5) Importer(815301076,1909f56bfc062723c751e8b465ee728b)
Start importing Assets/Sample_Assets_PCKGs/GUI Mobile Hyper-Casual/Sprites/Sprites by Menu/In Game-assets/Rectangle Progress Bar purple.png using Guid(5187d864f570451478bee308838629d5) Importer(815301076,1909f56bfc062723c751e8b465ee728b)  -> (artifact id: '380946a17b21ea5919deed718dd41959') in 0.029844 seconds 
========================================================================
Received Import Request.
  Time since last request: 0.000037 seconds.
  path: Assets/Sample_Assets_PCKGs/GUI Mobile Hyper-Casual/Sprites/Items PSD + PNG/Icon Club/Icon.psd
  artifactKey: Guid(de8562ddce269924caf4c69770663b3b) Importer(815301076,1909f56bfc062723c751e8b465ee728b)
Start importing Assets/Sample_Assets_PCKGs/GUI Mobile Hyper-Casual/Sprites/Items PSD + PNG/Icon Club/Icon.psd using Guid(de8562ddce269924caf4c69770663b3b) Importer(815301076,1909f56bfc062723c751e8b465ee728b)  -> (artifact id: '3c5ae047b8e51c1f834b269256f99cb2') in 0.040871 seconds 
========================================================================
Received Import Request.
  Time since last request: 0.000027 seconds.
  path: Assets/Sample_Assets_PCKGs/GUI Mobile Hyper-Casual/Sprites/Sprites by Menu/In Game-assets/Outline.png
  artifactKey: Guid(d438d7dfdc9501b4db48485eba0a4ef3) Importer(815301076,1909f56bfc062723c751e8b465ee728b)
Start importing Assets/Sample_Assets_PCKGs/GUI Mobile Hyper-Casual/Sprites/Sprites by Menu/In Game-assets/Outline.png using Guid(d438d7dfdc9501b4db48485eba0a4ef3) Importer(815301076,1909f56bfc062723c751e8b465ee728b)  -> (artifact id: '379149e6b2cd89cb3b8cad04a7ced185') in 0.032761 seconds 
========================================================================
Received Import Request.
  Time since last request: 0.000037 seconds.
  path: Assets/Sample_Assets_PCKGs/GUI Mobile Hyper-Casual/Sprites/Emojis PNG/PNG/Set Emojis-assets/18.png
  artifactKey: Guid(e9567fc2147a5a14799db2b8e6352294) Importer(815301076,1909f56bfc062723c751e8b465ee728b)
Start importing Assets/Sample_Assets_PCKGs/GUI Mobile Hyper-Casual/Sprites/Emojis PNG/PNG/Set Emojis-assets/18.png using Guid(e9567fc2147a5a14799db2b8e6352294) Importer(815301076,1909f56bfc062723c751e8b465ee728b)  -> (artifact id: 'c0161a1947ba0ddedd669fd780912352') in 0.043885 seconds 
========================================================================
Received Import Request.
  Time since last request: 0.000056 seconds.
  path: Assets/Sample_Assets_PCKGs/GUI Mobile Hyper-Casual/Sprites/Sprites by Menu/In Game-assets/Square Yellow.png
  artifactKey: Guid(9278c45dc5427aa4d91a1f94680cf28f) Importer(815301076,1909f56bfc062723c751e8b465ee728b)
Start importing Assets/Sample_Assets_PCKGs/GUI Mobile Hyper-Casual/Sprites/Sprites by Menu/In Game-assets/Square Yellow.png using Guid(9278c45dc5427aa4d91a1f94680cf28f) Importer(815301076,1909f56bfc062723c751e8b465ee728b)  -> (artifact id: '45c06285996f2e1453c3c70ccf94be5e') in 0.029763 seconds 
========================================================================
Received Import Request.
  Time since last request: 0.000022 seconds.
  path: Assets/Sample_Assets_PCKGs/GUI Mobile Hyper-Casual/Sprites/Items PSD + PNG/Mushroom/White.png
  artifactKey: Guid(bbafaa80ed8e62543a37a370376f3a4f) Importer(815301076,1909f56bfc062723c751e8b465ee728b)
Start importing Assets/Sample_Assets_PCKGs/GUI Mobile Hyper-Casual/Sprites/Items PSD + PNG/Mushroom/White.png using Guid(bbafaa80ed8e62543a37a370376f3a4f) Importer(815301076,1909f56bfc062723c751e8b465ee728b)  -> (artifact id: '1b508a3e74f23fdb8ffe3d367ae776b8') in 0.040822 seconds 
========================================================================
Received Import Request.
  Time since last request: 0.000033 seconds.
  path: Assets/Sample_Assets_PCKGs/GUI Mobile Hyper-Casual/Sprites/Sprites by Menu/Buttons-assets/Pub Blue Button Claim.png
  artifactKey: Guid(3d5aea77e56b99b4d9e837124a5ee21f) Importer(815301076,1909f56bfc062723c751e8b465ee728b)
Start importing Assets/Sample_Assets_PCKGs/GUI Mobile Hyper-Casual/Sprites/Sprites by Menu/Buttons-assets/Pub Blue Button Claim.png using Guid(3d5aea77e56b99b4d9e837124a5ee21f) Importer(815301076,1909f56bfc062723c751e8b465ee728b)  -> (artifact id: '848c4e9e607ea6c9216b6c90c5523948') in 0.035358 seconds 
========================================================================
Received Import Request.
  Time since last request: 0.000059 seconds.
  path: Assets/Sample_Assets_PCKGs/GUI Mobile Hyper-Casual/Sprites/Sprites by Menu/In Game-assets/200.png
  artifactKey: Guid(d1a82258925cdae438906f35a062c7a7) Importer(815301076,1909f56bfc062723c751e8b465ee728b)
Start importing Assets/Sample_Assets_PCKGs/GUI Mobile Hyper-Casual/Sprites/Sprites by Menu/In Game-assets/200.png using Guid(d1a82258925cdae438906f35a062c7a7) Importer(815301076,1909f56bfc062723c751e8b465ee728b)  -> (artifact id: '7a20133b7b7b926f944b25902cad944b') in 0.039286 seconds 
========================================================================
Received Import Request.
  Time since last request: 0.000035 seconds.
  path: Assets/Sample_Assets_PCKGs/GUI Mobile Hyper-Casual/Sprites/Sprites by Menu/Buttons-assets/Purple Button Skip.png
  artifactKey: Guid(a8023ca46de518043a09430f84c63a89) Importer(815301076,1909f56bfc062723c751e8b465ee728b)
Start importing Assets/Sample_Assets_PCKGs/GUI Mobile Hyper-Casual/Sprites/Sprites by Menu/Buttons-assets/Purple Button Skip.png using Guid(a8023ca46de518043a09430f84c63a89) Importer(815301076,1909f56bfc062723c751e8b465ee728b)  -> (artifact id: 'b98848fa087a8a6cce899c99a80040b3') in 0.033235 seconds 
========================================================================
Received Import Request.
  Time since last request: 0.000024 seconds.
  path: Assets/Sample_Assets_PCKGs/GUI Mobile Hyper-Casual/Sprites/Sprites by Menu/Home-assets/Yellow Square.png
  artifactKey: Guid(448da1362e1336540b9e48db487816ee) Importer(815301076,1909f56bfc062723c751e8b465ee728b)
Start importing Assets/Sample_Assets_PCKGs/GUI Mobile Hyper-Casual/Sprites/Sprites by Menu/Home-assets/Yellow Square.png using Guid(448da1362e1336540b9e48db487816ee) Importer(815301076,1909f56bfc062723c751e8b465ee728b)  -> (artifact id: '261ad2b3d0c9a0cd4b8f17db0947d532') in 0.033548 seconds 
========================================================================
Received Import Request.
  Time since last request: 0.000036 seconds.
  path: Assets/Sample_Assets_PCKGs/GUI Mobile Hyper-Casual/Sprites/Items PSD + PNG/Stars/White.png
  artifactKey: Guid(91f17bb4536267a41b59359a852e9ad3) Importer(815301076,1909f56bfc062723c751e8b465ee728b)
Start importing Assets/Sample_Assets_PCKGs/GUI Mobile Hyper-Casual/Sprites/Items PSD + PNG/Stars/White.png using Guid(91f17bb4536267a41b59359a852e9ad3) Importer(815301076,1909f56bfc062723c751e8b465ee728b)  -> (artifact id: 'e3bd9bccdfebfb419de682a5ff17a345') in 0.041693 seconds 
========================================================================
Received Import Request.
  Time since last request: 0.000029 seconds.
  path: Assets/Sample_Assets_PCKGs/GUI Mobile Hyper-Casual/Sprites/Items PSD + PNG/Icon Club/Green.png
  artifactKey: Guid(cb603e1e9f7c97347a72fb5628188d91) Importer(815301076,1909f56bfc062723c751e8b465ee728b)
Start importing Assets/Sample_Assets_PCKGs/GUI Mobile Hyper-Casual/Sprites/Items PSD + PNG/Icon Club/Green.png using Guid(cb603e1e9f7c97347a72fb5628188d91) Importer(815301076,1909f56bfc062723c751e8b465ee728b)  -> (artifact id: '7c9cc0875b4a28cd71148b5ce9c9c6fe') in 0.047915 seconds 
========================================================================
Received Import Request.
  Time since last request: 0.000056 seconds.
  path: Assets/Sample_Assets_PCKGs/GUI Mobile Hyper-Casual/Sprites/Items PSD + PNG/Store/Store.psd
  artifactKey: Guid(f0b47fbf26cb6ef4687dfff189d771c8) Importer(815301076,1909f56bfc062723c751e8b465ee728b)
Start importing Assets/Sample_Assets_PCKGs/GUI Mobile Hyper-Casual/Sprites/Items PSD + PNG/Store/Store.psd using Guid(f0b47fbf26cb6ef4687dfff189d771c8) Importer(815301076,1909f56bfc062723c751e8b465ee728b)  -> (artifact id: '567be08b036599c3ab204619b3bb7dd8') in 0.039645 seconds 
========================================================================
Received Import Request.
  Time since last request: 25.195992 seconds.
  path: Assets/Sample_Assets_PCKGs/GUI Mobile Hyper-Casual/Sprites/Sprites by Menu/Buttons-assets/Blue Buton OK.png
  artifactKey: Guid(f0f7474323b7de24f8819a2ca4ba2fe3) Importer(815301076,1909f56bfc062723c751e8b465ee728b)
Start importing Assets/Sample_Assets_PCKGs/GUI Mobile Hyper-Casual/Sprites/Sprites by Menu/Buttons-assets/Blue Buton OK.png using Guid(f0f7474323b7de24f8819a2ca4ba2fe3) Importer(815301076,1909f56bfc062723c751e8b465ee728b)  -> (artifact id: 'b4051b258c2d6b4488201462432c2717') in 0.055968 seconds 
========================================================================
Received Import Request.
  Time since last request: 41.352614 seconds.
  path: Assets/Sample_Assets_PCKGs/GUI Mobile Hyper-Casual/Sprites/Items PSD + PNG/TV/TV.psd
  artifactKey: Guid(cd381dbddb87b9e43ad98a813937a078) Importer(815301076,1909f56bfc062723c751e8b465ee728b)
Start importing Assets/Sample_Assets_PCKGs/GUI Mobile Hyper-Casual/Sprites/Items PSD + PNG/TV/TV.psd using Guid(cd381dbddb87b9e43ad98a813937a078) Importer(815301076,1909f56bfc062723c751e8b465ee728b)  -> (artifact id: 'e7124e30dc60f743d6fdbc0d294c5740') in 0.059157 seconds 
========================================================================
Received Import Request.
  Time since last request: 0.000036 seconds.
  path: Assets/Sample_Assets_PCKGs/GUI Mobile Hyper-Casual/Sprites/Items PSD + PNG/Diamonds/Diamonds/White.png
  artifactKey: Guid(ba6d07f994413f5408b3b32c300167a7) Importer(815301076,1909f56bfc062723c751e8b465ee728b)
Start importing Assets/Sample_Assets_PCKGs/GUI Mobile Hyper-Casual/Sprites/Items PSD + PNG/Diamonds/Diamonds/White.png using Guid(ba6d07f994413f5408b3b32c300167a7) Importer(815301076,1909f56bfc062723c751e8b465ee728b)  -> (artifact id: 'ce210cb4a4c2c520bc8ea3f15138ed8b') in 0.050386 seconds 
========================================================================
Received Import Request.
  Time since last request: 0.967899 seconds.
  path: Assets/Sample_Assets_PCKGs/GUI Mobile Hyper-Casual/Sprites/Items PSD + PNG/Store/Store.png
  artifactKey: Guid(80fafa9e5b3a37d4988102d89c0f418a) Importer(815301076,1909f56bfc062723c751e8b465ee728b)
Start importing Assets/Sample_Assets_PCKGs/GUI Mobile Hyper-Casual/Sprites/Items PSD + PNG/Store/Store.png using Guid(80fafa9e5b3a37d4988102d89c0f418a) Importer(815301076,1909f56bfc062723c751e8b465ee728b)  -> (artifact id: 'c6ae99ab8039f67ab85b76720c5cb849') in 0.048960 seconds 
========================================================================
Received Import Request.
  Time since last request: 0.025921 seconds.
  path: Assets/Sample_Assets_PCKGs/GUI Mobile Hyper-Casual/Sprites/Items PSD + PNG/Shield/Orange.png
  artifactKey: Guid(02e22a0fdaf085e419108ab549a53ee4) Importer(815301076,1909f56bfc062723c751e8b465ee728b)
Start importing Assets/Sample_Assets_PCKGs/GUI Mobile Hyper-Casual/Sprites/Items PSD + PNG/Shield/Orange.png using Guid(02e22a0fdaf085e419108ab549a53ee4) Importer(815301076,1909f56bfc062723c751e8b465ee728b)  -> (artifact id: '0f30eb674488b5de4e002b6b20d605f3') in 0.063331 seconds 
========================================================================
Received Import Request.
  Time since last request: 0.000049 seconds.
  path: Assets/Sample_Assets_PCKGs/GUI Mobile Hyper-Casual/Sprites/Items PSD + PNG/Sherif Stars/Grey.png
  artifactKey: Guid(8ead451b56ea2444eafb9c36e8afa313) Importer(815301076,1909f56bfc062723c751e8b465ee728b)
Start importing Assets/Sample_Assets_PCKGs/GUI Mobile Hyper-Casual/Sprites/Items PSD + PNG/Sherif Stars/Grey.png using Guid(8ead451b56ea2444eafb9c36e8afa313) Importer(815301076,1909f56bfc062723c751e8b465ee728b)  -> (artifact id: '2e5393ae3272fb2b38cbe383e0fae50a') in 0.051641 seconds 
========================================================================
Received Import Request.
  Time since last request: 0.000023 seconds.
  path: Assets/Sample_Assets_PCKGs/GUI Mobile Hyper-Casual/Sprites/Items PSD + PNG/Coins/Coin/Coin.psd
  artifactKey: Guid(336ee62f5e878ff4398d27fcedac0744) Importer(815301076,1909f56bfc062723c751e8b465ee728b)
Start importing Assets/Sample_Assets_PCKGs/GUI Mobile Hyper-Casual/Sprites/Items PSD + PNG/Coins/Coin/Coin.psd using Guid(336ee62f5e878ff4398d27fcedac0744) Importer(815301076,1909f56bfc062723c751e8b465ee728b)  -> (artifact id: 'b94424025742779f95d2cf831c6a01aa') in 0.049584 seconds 
========================================================================
Received Import Request.
  Time since last request: 0.000061 seconds.
  path: Assets/Sample_Assets_PCKGs/GUI Mobile Hyper-Casual/Sprites/Items PSD + PNG/Card/Card.psd
  artifactKey: Guid(a9c6c04c2a7ab304fb0c3c7db172c481) Importer(815301076,1909f56bfc062723c751e8b465ee728b)
Start importing Assets/Sample_Assets_PCKGs/GUI Mobile Hyper-Casual/Sprites/Items PSD + PNG/Card/Card.psd using Guid(a9c6c04c2a7ab304fb0c3c7db172c481) Importer(815301076,1909f56bfc062723c751e8b465ee728b)  -> (artifact id: 'c3a534edc46c91429a90cd9bab1cd0d8') in 0.050393 seconds 
========================================================================
Received Import Request.
  Time since last request: 0.000056 seconds.
  path: Assets/Sample_Assets_PCKGs/GUI Mobile Hyper-Casual/Sprites/Items PSD + PNG/Chest/Chest 3.png
  artifactKey: Guid(be2f0726bafd9c84bb0fa1d219c8d1f1) Importer(815301076,1909f56bfc062723c751e8b465ee728b)
Start importing Assets/Sample_Assets_PCKGs/GUI Mobile Hyper-Casual/Sprites/Items PSD + PNG/Chest/Chest 3.png using Guid(be2f0726bafd9c84bb0fa1d219c8d1f1) Importer(815301076,1909f56bfc062723c751e8b465ee728b)  -> (artifact id: '422714a261812fb3357678c2b07ae5ba') in 0.047251 seconds 
========================================================================
Received Import Request.
  Time since last request: 0.000025 seconds.
  path: Assets/Sample_Assets_PCKGs/GUI Mobile Hyper-Casual/Sprites/Items PSD + PNG/Gun/Gun.png
  artifactKey: Guid(bb38e756ae34c274e9e8977a578aa61d) Importer(815301076,1909f56bfc062723c751e8b465ee728b)
Start importing Assets/Sample_Assets_PCKGs/GUI Mobile Hyper-Casual/Sprites/Items PSD + PNG/Gun/Gun.png using Guid(bb38e756ae34c274e9e8977a578aa61d) Importer(815301076,1909f56bfc062723c751e8b465ee728b)  -> (artifact id: 'b9063da3ea4ffd350ad520bec5cad41b') in 0.045753 seconds 
========================================================================
Received Import Request.
  Time since last request: 0.000030 seconds.
  path: Assets/Sample_Assets_PCKGs/GUI Mobile Hyper-Casual/Sprites/Items PSD + PNG/Crown/Crown.png
  artifactKey: Guid(33c5cb9fec6274b4c8fa3a5c103f2afe) Importer(815301076,1909f56bfc062723c751e8b465ee728b)
Start importing Assets/Sample_Assets_PCKGs/GUI Mobile Hyper-Casual/Sprites/Items PSD + PNG/Crown/Crown.png using Guid(33c5cb9fec6274b4c8fa3a5c103f2afe) Importer(815301076,1909f56bfc062723c751e8b465ee728b)  -> (artifact id: 'cb669ec83f0892edd2d7b65bdf8ba69b') in 0.046764 seconds 
========================================================================
Received Import Request.
  Time since last request: 0.000056 seconds.
  path: Assets/Sample_Assets_PCKGs/GUI Mobile Hyper-Casual/Sprites/Items PSD + PNG/Cup/Cup.psd
  artifactKey: Guid(ba9ebea62a17c6f4085c3702cd530ac2) Importer(815301076,1909f56bfc062723c751e8b465ee728b)
Start importing Assets/Sample_Assets_PCKGs/GUI Mobile Hyper-Casual/Sprites/Items PSD + PNG/Cup/Cup.psd using Guid(ba9ebea62a17c6f4085c3702cd530ac2) Importer(815301076,1909f56bfc062723c751e8b465ee728b)  -> (artifact id: '5990162bee430a138bbb474286178234') in 0.049406 seconds 
========================================================================
Received Import Request.
  Time since last request: 0.000038 seconds.
  path: Assets/Sample_Assets_PCKGs/GUI Mobile Hyper-Casual/Sprites/Items PSD + PNG/Badge/Grey.png
  artifactKey: Guid(f6133160a396ab24f9954fa4963ed7d0) Importer(815301076,1909f56bfc062723c751e8b465ee728b)
Start importing Assets/Sample_Assets_PCKGs/GUI Mobile Hyper-Casual/Sprites/Items PSD + PNG/Badge/Grey.png using Guid(f6133160a396ab24f9954fa4963ed7d0) Importer(815301076,1909f56bfc062723c751e8b465ee728b)  -> (artifact id: '69503e21c42143ccc80b4ef205e88b9a') in 0.054577 seconds 
========================================================================
Received Import Request.
  Time since last request: 0.000038 seconds.
  path: Assets/Sample_Assets_PCKGs/GUI Mobile Hyper-Casual/Sprites/Items PSD + PNG/Chest/Chest.psd
  artifactKey: Guid(8d96f46747b04054baa700fbe722a4c7) Importer(815301076,1909f56bfc062723c751e8b465ee728b)
Start importing Assets/Sample_Assets_PCKGs/GUI Mobile Hyper-Casual/Sprites/Items PSD + PNG/Chest/Chest.psd using Guid(8d96f46747b04054baa700fbe722a4c7) Importer(815301076,1909f56bfc062723c751e8b465ee728b)  -> (artifact id: 'e7e55ad7fb974fc9605adf740080534b') in 0.049715 seconds 
========================================================================
Received Import Request.
  Time since last request: 0.000032 seconds.
  path: Assets/Sample_Assets_PCKGs/GUI Mobile Hyper-Casual/Sprites/Items PSD + PNG/Key/Grey Key.png
  artifactKey: Guid(b6517bba989433b4899dc43f9f0f0e3f) Importer(815301076,1909f56bfc062723c751e8b465ee728b)
Start importing Assets/Sample_Assets_PCKGs/GUI Mobile Hyper-Casual/Sprites/Items PSD + PNG/Key/Grey Key.png using Guid(b6517bba989433b4899dc43f9f0f0e3f) Importer(815301076,1909f56bfc062723c751e8b465ee728b)  -> (artifact id: 'cd17dc5f349705d7debe9a8ee1897302') in 0.045058 seconds 
========================================================================
Received Import Request.
  Time since last request: 0.000029 seconds.
  path: Assets/Sample_Assets_PCKGs/GUI Mobile Hyper-Casual/Sprites/Sprites by Menu/Buttons-assets/Button7.png
  artifactKey: Guid(08e32c7de90febf4582d06d65946a591) Importer(815301076,1909f56bfc062723c751e8b465ee728b)
Start importing Assets/Sample_Assets_PCKGs/GUI Mobile Hyper-Casual/Sprites/Sprites by Menu/Buttons-assets/Button7.png using Guid(08e32c7de90febf4582d06d65946a591) Importer(815301076,1909f56bfc062723c751e8b465ee728b)  -> (artifact id: 'b8b099c737ac40d6ca8fba96fa6b6eda') in 0.035184 seconds 
========================================================================
Received Import Request.
  Time since last request: 0.000027 seconds.
  path: Assets/Sample_Assets_PCKGs/GUI Mobile Hyper-Casual/Sprites/Items PSD + PNG/Hand/Hand.psd
  artifactKey: Guid(223065dd9c1c92f4fa7c241ecb44d84f) Importer(815301076,1909f56bfc062723c751e8b465ee728b)
Start importing Assets/Sample_Assets_PCKGs/GUI Mobile Hyper-Casual/Sprites/Items PSD + PNG/Hand/Hand.psd using Guid(223065dd9c1c92f4fa7c241ecb44d84f) Importer(815301076,1909f56bfc062723c751e8b465ee728b)  -> (artifact id: '983d889635b3568b3c03f2e2112c1fa4') in 0.180460 seconds 
========================================================================
Received Import Request.
  Time since last request: 24.781217 seconds.
  path: Assets/MoveCamera.cs
  artifactKey: Guid(9eec15096f0941f479c1ed50eefc76d0) Importer(815301076,1909f56bfc062723c751e8b465ee728b)
Start importing Assets/MoveCamera.cs using Guid(9eec15096f0941f479c1ed50eefc76d0) Importer(815301076,1909f56bfc062723c751e8b465ee728b)  -> (artifact id: '733908e4ec29a15babbf939b1547538a') in 0.009402 seconds 
========================================================================
Received Prepare
Registering precompiled user dll's ...
Registered in 0.008503 seconds.
Begin MonoManager ReloadAssembly
Symbol file LoadedFromMemory doesn't match image C:\Users\WarmHeartedSnowman\Documents\PR_GAME\Pr num_3\Day 3\Library\PackageCache\com.unity.visualscripting@1.7.8\Editor\VisualScripting.Core\Dependencies\YamlDotNet\Unity.VisualScripting.YamlDotNet.dll
Symbol file LoadedFromMemory doesn't match image C:\Users\WarmHeartedSnowman\Documents\PR_GAME\Pr num_3\Day 3\Library\PackageCache\com.unity.visualscripting@1.7.8\Editor\VisualScripting.Core\Dependencies\DotNetZip\Unity.VisualScripting.IonicZip.dll
Native extension for WindowsStandalone target not found
Native extension for WebGL target not found
Refreshing native plugins compatible for Editor in 1.16 ms, found 3 plugins.
Preloading 0 native plugins for Editor in 0.00 ms.
Mono: successfully reloaded assembly
- Completed reload, in  1.204 seconds
Domain Reload Profiling:
	ReloadAssembly (1204ms)
		BeginReloadAssembly (176ms)
			ExecutionOrderSort (0ms)
			DisableScriptedObjects (7ms)
			BackupInstance (0ms)
			ReleaseScriptingObjects (0ms)
			CreateAndSetChildDomain (51ms)
		EndReloadAssembly (888ms)
			LoadAssemblies (119ms)
			RebuildTransferFunctionScriptingTraits (0ms)
			SetupTypeCache (299ms)
			ReleaseScriptCaches (2ms)
			RebuildScriptCaches (52ms)
			SetupLoadedEditorAssemblies (375ms)
				LogAssemblyErrors (0ms)
				InitializePlatformSupportModulesInManaged (19ms)
				SetLoadedEditorAssemblies (0ms)
				RefreshPlugins (1ms)
				BeforeProcessingInitializeOnLoad (73ms)
				ProcessInitializeOnLoadAttributes (237ms)
				ProcessInitializeOnLoadMethodAttributes (34ms)
				AfterProcessingInitializeOnLoad (11ms)
				EditorAssembliesLoaded (0ms)
			ExecutionOrderSort2 (0ms)
			AwakeInstancesAfterBackupRestoration (7ms)
Platform modules already initialized, skipping
Refreshing native plugins compatible for Editor in 6.45 ms, found 3 plugins.
Preloading 0 native plugins for Editor in 0.00 ms.
Unloading 3576 Unused Serialized files (Serialized files now loaded: 0)
Unloading 103 unused Assets / (19.0 MB). Loaded Objects now: 4108.
Memory consumption went from 178.9 MB to 159.9 MB.
Total: 19.865400 ms (FindLiveObjects: 0.789800 ms CreateObjectMapping: 0.495000 ms MarkObjects: 5.596600 ms  DeleteObjects: 12.980700 ms)

AssetImportParameters requested are different than current active one (requested -> active):
  custom:video-decoder-ogg-theora: a1e56fd34408186e4bbccfd4996cb3dc -> 
  custom:container-muxer-webm: aa71ff27fc2769a1b78a27578f13a17b -> 
  custom:container-demuxer-webm: 4f35f7cbe854078d1ac9338744f61a02 -> 
  custom:video-encoder-webm-vp8: eb34c28f22e8b96e1ab97ce403110664 -> 
  custom:audio-encoder-webm-vorbis: bf7c407c2cedff20999df2af8eb42d56 -> 
  custom:framework-win-MediaFoundation: 216162199b28c13a410421893ffa2e32 -> 
  custom:container-demuxer-ogg: 62fdf1f143b41e24485cea50d1cbac27 -> 
  custom:video-decoder-webm-vp8: 9c59270c3fd7afecdb556c50c9e8de78 -> 
  custom:audio-decoder-ogg-vorbis: bf7c407c2cedff20999df2af8eb42d56 -> 
========================================================================
Received Import Request.
  Time since last request: 190.686114 seconds.
  path: Assets/Art/Sprites/Paddle.png
  artifactKey: Guid(67811601f20039e4185e9adcf4487473) Importer(815301076,1909f56bfc062723c751e8b465ee728b)
Start importing Assets/Art/Sprites/Paddle.png using Guid(67811601f20039e4185e9adcf4487473) Importer(815301076,1909f56bfc062723c751e8b465ee728b)  -> (artifact id: '92f719138576c30812da7c53dfbb440f') in 0.080087 seconds 
========================================================================
Received Import Request.
  Time since last request: 31.068362 seconds.
  path: Assets/Sample_Assets_PCKGs/GUI Mobile Hyper-Casual/Sprites/Emojis PNG/PNG/Set Emojis-assets/30.png
  artifactKey: Guid(148afe25a385c354ea5513b05202e9ff) Importer(815301076,1909f56bfc062723c751e8b465ee728b)
Start importing Assets/Sample_Assets_PCKGs/GUI Mobile Hyper-Casual/Sprites/Emojis PNG/PNG/Set Emojis-assets/30.png using Guid(148afe25a385c354ea5513b05202e9ff) Importer(815301076,1909f56bfc062723c751e8b465ee728b)  -> (artifact id: '1ecca4d90323782742ad930c19ad8d81') in 0.048765 seconds 
========================================================================
Received Import Request.
  Time since last request: 265.426544 seconds.
  path: Assets/Art/Sprites/New Project.png
  artifactKey: Guid(555189f8fc220d64887800c2fb6a1b50) Importer(815301076,1909f56bfc062723c751e8b465ee728b)
Start importing Assets/Art/Sprites/New Project.png using Guid(555189f8fc220d64887800c2fb6a1b50) Importer(815301076,1909f56bfc062723c751e8b465ee728b)  -> (artifact id: 'f22e02cf1fd9b0391dc5e078145df4fd') in 0.018185 seconds 
========================================================================
Received Import Request.
  Time since last request: 124.136744 seconds.
  path: Assets/Art/Sprites/New Project.png
  artifactKey: Guid(555189f8fc220d64887800c2fb6a1b50) Importer(815301076,1909f56bfc062723c751e8b465ee728b)
Start importing Assets/Art/Sprites/New Project.png using Guid(555189f8fc220d64887800c2fb6a1b50) Importer(815301076,1909f56bfc062723c751e8b465ee728b)  -> (artifact id: '18d4a6dc213011b5c0388f32409912fc') in 0.025831 seconds 
========================================================================
Received Import Request.
  Time since last request: 5.229921 seconds.
  path: Assets/Sample_Assets_PCKGs/GUI Mobile Hyper-Casual/Sprites/Sprites by Menu/In Game-assets/Bar Progress in game Purple.png
  artifactKey: Guid(4fa7a5bd7885e004e84b2e2980dca235) Importer(815301076,1909f56bfc062723c751e8b465ee728b)
Start importing Assets/Sample_Assets_PCKGs/GUI Mobile Hyper-Casual/Sprites/Sprites by Menu/In Game-assets/Bar Progress in game Purple.png using Guid(4fa7a5bd7885e004e84b2e2980dca235) Importer(815301076,1909f56bfc062723c751e8b465ee728b)  -> (artifact id: 'a36a6be70b849d5a6e4c30fbe1452e26') in 0.067133 seconds 
========================================================================
Received Import Request.
  Time since last request: 0.000034 seconds.
  path: Assets/Sample_Assets_PCKGs/GUI Mobile Hyper-Casual/Sprites/Sprites by Menu/Home-assets/Close Yellow.png
  artifactKey: Guid(5d63e2f130bccc74a8c34bf480357ba2) Importer(815301076,1909f56bfc062723c751e8b465ee728b)
Start importing Assets/Sample_Assets_PCKGs/GUI Mobile Hyper-Casual/Sprites/Sprites by Menu/Home-assets/Close Yellow.png using Guid(5d63e2f130bccc74a8c34bf480357ba2) Importer(815301076,1909f56bfc062723c751e8b465ee728b)  -> (artifact id: '020c08df876fa1c0cbf296bfad4ad4ae') in 0.045114 seconds 
========================================================================
Received Import Request.
  Time since last request: 0.000038 seconds.
  path: Assets/Sample_Assets_PCKGs/GUI Mobile Hyper-Casual/Sprites/Sprites by Menu/Win-assets/LEVEL  COMPLETED_.png
  artifactKey: Guid(b62135fbb0657ac4d81aad1e9fc559c7) Importer(815301076,1909f56bfc062723c751e8b465ee728b)
Start importing Assets/Sample_Assets_PCKGs/GUI Mobile Hyper-Casual/Sprites/Sprites by Menu/Win-assets/LEVEL  COMPLETED_.png using Guid(b62135fbb0657ac4d81aad1e9fc559c7) Importer(815301076,1909f56bfc062723c751e8b465ee728b)  -> (artifact id: 'f6dde785967d673938e78dec3676f67f') in 0.044734 seconds 
========================================================================
Received Import Request.
  Time since last request: 0.000033 seconds.
  path: Assets/Sample_Assets_PCKGs/GUI Mobile Hyper-Casual/Sprites/Items PSD + PNG/Open Book/Open book.psd
  artifactKey: Guid(a3ef4c2d04b723d46a165377405e3194) Importer(815301076,1909f56bfc062723c751e8b465ee728b)
Start importing Assets/Sample_Assets_PCKGs/GUI Mobile Hyper-Casual/Sprites/Items PSD + PNG/Open Book/Open book.psd using Guid(a3ef4c2d04b723d46a165377405e3194) Importer(815301076,1909f56bfc062723c751e8b465ee728b)  -> (artifact id: '63b06c4ec4068ac7bfa1d07324488760') in 0.057992 seconds 
========================================================================
Received Import Request.
  Time since last request: 0.000048 seconds.
  path: Assets/Sample_Assets_PCKGs/GUI Mobile Hyper-Casual/Sprites/Items PSD + PNG/Icon Club/Orange.png
  artifactKey: Guid(8c20c89b876cdc64bbd079069784164c) Importer(815301076,1909f56bfc062723c751e8b465ee728b)
Start importing Assets/Sample_Assets_PCKGs/GUI Mobile Hyper-Casual/Sprites/Items PSD + PNG/Icon Club/Orange.png using Guid(8c20c89b876cdc64bbd079069784164c) Importer(815301076,1909f56bfc062723c751e8b465ee728b)  -> (artifact id: '5dab2f4865bdaa852f1284cf092ba095') in 0.049415 seconds 
========================================================================
Received Import Request.
  Time since last request: 0.000033 seconds.
  path: Assets/Sample_Assets_PCKGs/GUI Mobile Hyper-Casual/Sprites/Items PSD + PNG/Clover/Clover.psd
  artifactKey: Guid(0bef11c0b191bb34fb4e70f78ae817b0) Importer(815301076,1909f56bfc062723c751e8b465ee728b)
Start importing Assets/Sample_Assets_PCKGs/GUI Mobile Hyper-Casual/Sprites/Items PSD + PNG/Clover/Clover.psd using Guid(0bef11c0b191bb34fb4e70f78ae817b0) Importer(815301076,1909f56bfc062723c751e8b465ee728b)  -> (artifact id: 'bbc54c512000a717609055a0a9b073b0') in 0.055708 seconds 
========================================================================
Received Import Request.
  Time since last request: 0.000027 seconds.
  path: Assets/Sample_Assets_PCKGs/GUI Mobile Hyper-Casual/Sprites/Items PSD + PNG/Pills/Blue - Turquoise.png
  artifactKey: Guid(de199857230bfb34ca937ee584b85f8c) Importer(815301076,1909f56bfc062723c751e8b465ee728b)
Start importing Assets/Sample_Assets_PCKGs/GUI Mobile Hyper-Casual/Sprites/Items PSD + PNG/Pills/Blue - Turquoise.png using Guid(de199857230bfb34ca937ee584b85f8c) Importer(815301076,1909f56bfc062723c751e8b465ee728b)  -> (artifact id: 'ee7792e45f698664c069d0133934b998') in 0.044870 seconds 
========================================================================
Received Import Request.
  Time since last request: 0.000038 seconds.
  path: Assets/Sample_Assets_PCKGs/GUI Mobile Hyper-Casual/Sprites/Items PSD + PNG/Diamonds/Diamond 2/Blue.png
  artifactKey: Guid(66f5cbf92c0336e47a073c33e5e0a8e0) Importer(815301076,1909f56bfc062723c751e8b465ee728b)
Start importing Assets/Sample_Assets_PCKGs/GUI Mobile Hyper-Casual/Sprites/Items PSD + PNG/Diamonds/Diamond 2/Blue.png using Guid(66f5cbf92c0336e47a073c33e5e0a8e0) Importer(815301076,1909f56bfc062723c751e8b465ee728b)  -> (artifact id: '8b51f6854e6c7282d7f1424d2dd094d8') in 0.047730 seconds 
========================================================================
Received Import Request.
  Time since last request: 0.000048 seconds.
  path: Assets/Sample_Assets_PCKGs/GUI Mobile Hyper-Casual/Sprites/Items PSD + PNG/Key/Key 2.png
  artifactKey: Guid(0a916d495a98a974ab505cb3ae40d358) Importer(815301076,1909f56bfc062723c751e8b465ee728b)
Start importing Assets/Sample_Assets_PCKGs/GUI Mobile Hyper-Casual/Sprites/Items PSD + PNG/Key/Key 2.png using Guid(0a916d495a98a974ab505cb3ae40d358) Importer(815301076,1909f56bfc062723c751e8b465ee728b)  -> (artifact id: '6fa2f3016e1ae3cdb12491a96c4e800b') in 0.060016 seconds 
========================================================================
Received Import Request.
  Time since last request: 0.000041 seconds.
  path: Assets/Sample_Assets_PCKGs/GUI Mobile Hyper-Casual/Sprites/Sprites by Menu/Home-assets/Close Background Customize.png
  artifactKey: Guid(946e04e6fbb597948879c3e5b1beb2cb) Importer(815301076,1909f56bfc062723c751e8b465ee728b)
Start importing Assets/Sample_Assets_PCKGs/GUI Mobile Hyper-Casual/Sprites/Sprites by Menu/Home-assets/Close Background Customize.png using Guid(946e04e6fbb597948879c3e5b1beb2cb) Importer(815301076,1909f56bfc062723c751e8b465ee728b)  -> (artifact id: '5637f831d3811ff87e64ad8c08292255') in 0.043824 seconds 
========================================================================
Received Import Request.
  Time since last request: 0.000034 seconds.
  path: Assets/Sample_Assets_PCKGs/GUI Mobile Hyper-Casual/Sprites/Sprites by Menu/Home-assets/Daily.png
  artifactKey: Guid(030f15b1627e92349bafb211fa217726) Importer(815301076,1909f56bfc062723c751e8b465ee728b)
Start importing Assets/Sample_Assets_PCKGs/GUI Mobile Hyper-Casual/Sprites/Sprites by Menu/Home-assets/Daily.png using Guid(030f15b1627e92349bafb211fa217726) Importer(815301076,1909f56bfc062723c751e8b465ee728b)  -> (artifact id: '58e7a71fbd503c01063348e73ff9c8f7') in 0.041650 seconds 
========================================================================
Received Import Request.
  Time since last request: 0.000028 seconds.
  path: Assets/Sample_Assets_PCKGs/GUI Mobile Hyper-Casual/Sprites/Items PSD + PNG/Clover/Clover.png
  artifactKey: Guid(5d0ac6b7bec430a48a9007365b3bfd5c) Importer(815301076,1909f56bfc062723c751e8b465ee728b)
Start importing Assets/Sample_Assets_PCKGs/GUI Mobile Hyper-Casual/Sprites/Items PSD + PNG/Clover/Clover.png using Guid(5d0ac6b7bec430a48a9007365b3bfd5c) Importer(815301076,1909f56bfc062723c751e8b465ee728b)  -> (artifact id: '55a452a83ec6d2ce42727d1652d4abbb') in 0.050769 seconds 
========================================================================
Received Import Request.
  Time since last request: 0.000036 seconds.
  path: Assets/Sample_Assets_PCKGs/GUI Mobile Hyper-Casual/Sprites/Sprites by Menu/Home-assets/Close Green.png
  artifactKey: Guid(48c4a8db2728f774ca9ed503a4112135) Importer(815301076,1909f56bfc062723c751e8b465ee728b)
Start importing Assets/Sample_Assets_PCKGs/GUI Mobile Hyper-Casual/Sprites/Sprites by Menu/Home-assets/Close Green.png using Guid(48c4a8db2728f774ca9ed503a4112135) Importer(815301076,1909f56bfc062723c751e8b465ee728b)  -> (artifact id: '6ec8ec80c0be48c4c69d297b895b36be') in 0.030267 seconds 
========================================================================
Received Import Request.
  Time since last request: 0.000035 seconds.
  path: Assets/Sample_Assets_PCKGs/GUI Mobile Hyper-Casual/Sprites/Items PSD + PNG/Diamonds/Diamonds/Outline.png
  artifactKey: Guid(e0d26d10c9e8010448a7c7a747dd3a83) Importer(815301076,1909f56bfc062723c751e8b465ee728b)
Start importing Assets/Sample_Assets_PCKGs/GUI Mobile Hyper-Casual/Sprites/Items PSD + PNG/Diamonds/Diamonds/Outline.png using Guid(e0d26d10c9e8010448a7c7a747dd3a83) Importer(815301076,1909f56bfc062723c751e8b465ee728b)  -> (artifact id: '5d84839c824d839188e6c530b7bf1355') in 0.041404 seconds 
========================================================================
Received Import Request.
  Time since last request: 0.000077 seconds.
  path: Assets/Sample_Assets_PCKGs/GUI Mobile Hyper-Casual/Sprites/Items PSD + PNG/Flag/Blue.png
  artifactKey: Guid(421196d62fd2ef744876c84fcc94a8e3) Importer(815301076,1909f56bfc062723c751e8b465ee728b)
Start importing Assets/Sample_Assets_PCKGs/GUI Mobile Hyper-Casual/Sprites/Items PSD + PNG/Flag/Blue.png using Guid(421196d62fd2ef744876c84fcc94a8e3) Importer(815301076,1909f56bfc062723c751e8b465ee728b)  -> (artifact id: 'd2d00161e48faf2a100c7efc2f1930b1') in 0.047989 seconds 
========================================================================
Received Import Request.
  Time since last request: 0.000054 seconds.
  path: Assets/Sample_Assets_PCKGs/GUI Mobile Hyper-Casual/Sprites/Sprites by Menu/Home-assets/Gift___.png
  artifactKey: Guid(c7e1e364c95e0c943bfa89962a6c93a6) Importer(815301076,1909f56bfc062723c751e8b465ee728b)
Start importing Assets/Sample_Assets_PCKGs/GUI Mobile Hyper-Casual/Sprites/Sprites by Menu/Home-assets/Gift___.png using Guid(c7e1e364c95e0c943bfa89962a6c93a6) Importer(815301076,1909f56bfc062723c751e8b465ee728b)  -> (artifact id: '06dd08785b30edf3beda794b7eaeb73e') in 0.036947 seconds 
========================================================================
Received Import Request.
  Time since last request: 0.000028 seconds.
  path: Assets/Sample_Assets_PCKGs/GUI Mobile Hyper-Casual/Sprites/Sprites by Menu/Buttons-assets/Blue Button Start.png
  artifactKey: Guid(df27390d2f68d864a8d0d907559038cf) Importer(815301076,1909f56bfc062723c751e8b465ee728b)
Start importing Assets/Sample_Assets_PCKGs/GUI Mobile Hyper-Casual/Sprites/Sprites by Menu/Buttons-assets/Blue Button Start.png using Guid(df27390d2f68d864a8d0d907559038cf) Importer(815301076,1909f56bfc062723c751e8b465ee728b)  -> (artifact id: '122bcd1c85f1e3dafc20c77bd563b99b') in 0.036473 seconds 
========================================================================
Received Import Request.
  Time since last request: 0.000044 seconds.
  path: Assets/Sample_Assets_PCKGs/GUI Mobile Hyper-Casual/Sprites/Sprites by Menu/Buttons-assets/Blue Button Skip.png
  artifactKey: Guid(6d5ddaf9d30ea254687e1804686a2606) Importer(815301076,1909f56bfc062723c751e8b465ee728b)
Start importing Assets/Sample_Assets_PCKGs/GUI Mobile Hyper-Casual/Sprites/Sprites by Menu/Buttons-assets/Blue Button Skip.png using Guid(6d5ddaf9d30ea254687e1804686a2606) Importer(815301076,1909f56bfc062723c751e8b465ee728b)  -> (artifact id: 'e953b1c8f17c879b34b4e97bff0074f3') in 0.036122 seconds 
========================================================================
Received Import Request.
  Time since last request: 0.000031 seconds.
  path: Assets/Sample_Full_PCKGs/Epic Toon FX/Demo/Textures/devsprite.png
  artifactKey: Guid(c1e3ddf20be295e4cb3a38f57f18680a) Importer(815301076,1909f56bfc062723c751e8b465ee728b)
Start importing Assets/Sample_Full_PCKGs/Epic Toon FX/Demo/Textures/devsprite.png using Guid(c1e3ddf20be295e4cb3a38f57f18680a) Importer(815301076,1909f56bfc062723c751e8b465ee728b)  -> (artifact id: '807aa3e25ad8b4b10ace220fa7c1f852') in 0.047184 seconds 
========================================================================
Received Import Request.
  Time since last request: 0.000027 seconds.
  path: Assets/Sample_Assets_PCKGs/GUI Mobile Hyper-Casual/Sprites/Items PSD + PNG/Card/Blue.png
  artifactKey: Guid(ed9256b6ab712fd4191973a31429ac59) Importer(815301076,1909f56bfc062723c751e8b465ee728b)
Start importing Assets/Sample_Assets_PCKGs/GUI Mobile Hyper-Casual/Sprites/Items PSD + PNG/Card/Blue.png using Guid(ed9256b6ab712fd4191973a31429ac59) Importer(815301076,1909f56bfc062723c751e8b465ee728b)  -> (artifact id: '492fcf6d88b389b1b54b48c6119cce46') in 0.048925 seconds 
========================================================================
Received Import Request.
  Time since last request: 0.000046 seconds.
  path: Assets/Sample_Assets_PCKGs/GUI Mobile Hyper-Casual/Sprites/Sprites by Menu/Home-assets/Blue Case.png
  artifactKey: Guid(447768aa11732104ea8c407367fe9e62) Importer(815301076,1909f56bfc062723c751e8b465ee728b)
Start importing Assets/Sample_Assets_PCKGs/GUI Mobile Hyper-Casual/Sprites/Sprites by Menu/Home-assets/Blue Case.png using Guid(447768aa11732104ea8c407367fe9e62) Importer(815301076,1909f56bfc062723c751e8b465ee728b)  -> (artifact id: '132a406cbac29d7e41b234af6472dad4') in 0.047077 seconds 
========================================================================
Received Import Request.
  Time since last request: 0.000050 seconds.
  path: Assets/Sample_Assets_PCKGs/GUI Mobile Hyper-Casual/Sprites/Items PSD + PNG/Key/Key 2.psd
  artifactKey: Guid(989585b95c0893f4f91895fbbb8b5423) Importer(815301076,1909f56bfc062723c751e8b465ee728b)
Start importing Assets/Sample_Assets_PCKGs/GUI Mobile Hyper-Casual/Sprites/Items PSD + PNG/Key/Key 2.psd using Guid(989585b95c0893f4f91895fbbb8b5423) Importer(815301076,1909f56bfc062723c751e8b465ee728b)  -> (artifact id: 'a70bf3fc6f74610465007f442e6c7312') in 0.042529 seconds 
========================================================================
Received Import Request.
  Time since last request: 0.000029 seconds.
  path: Assets/Sample_Assets_PCKGs/GUI Mobile Hyper-Casual/Sprites/Items PSD + PNG/Diamonds/Diamond 2/Green.png
  artifactKey: Guid(136bcfe6aea48fb4e9574917e5b4383b) Importer(815301076,1909f56bfc062723c751e8b465ee728b)
Start importing Assets/Sample_Assets_PCKGs/GUI Mobile Hyper-Casual/Sprites/Items PSD + PNG/Diamonds/Diamond 2/Green.png using Guid(136bcfe6aea48fb4e9574917e5b4383b) Importer(815301076,1909f56bfc062723c751e8b465ee728b)  -> (artifact id: '6fd413b96209e111077fded8311bf263') in 0.043296 seconds 
========================================================================
Received Import Request.
  Time since last request: 0.000038 seconds.
  path: Assets/Sample_Assets_PCKGs/GUI Mobile Hyper-Casual/Sprites/Items PSD + PNG/Bolt/Blue.png
  artifactKey: Guid(143b5bdebf532c54cada0bd7b5a8450c) Importer(815301076,1909f56bfc062723c751e8b465ee728b)
Start importing Assets/Sample_Assets_PCKGs/GUI Mobile Hyper-Casual/Sprites/Items PSD + PNG/Bolt/Blue.png using Guid(143b5bdebf532c54cada0bd7b5a8450c) Importer(815301076,1909f56bfc062723c751e8b465ee728b)  -> (artifact id: '40a18078cc9d23daa5b03cb090cd3c16') in 0.041939 seconds 
Editor requested this worker to shutdown with reason: Scaling down because of idle timeout
AssetImportWorker is now disconnected from the server
Process exiting
Exiting without the bug reporter. Application will terminate with return code 0