Using pre-set license
Built from '2021.3/staging' branch; Version is '2021.3.5f1 (40eb3a945986) revision 4254522'; Using compiler version '192829333'; Build Type 'Release'
OS: 'Windows 10  (10.0.19044) 64bit Enterprise' Language: 'en' Physical Memory: 15741 MB
BatchMode: 1, IsHumanControllingUs: 0, StartBugReporterOnCrash: 0, Is64bit: 1, IsPro: 1

COMMAND LINE ARGUMENTS:
C:\Program Files\Unity\Hub\Editor\2021.3.5f1\Editor\Unity.exe
-adb2
-batchMode
-noUpm
-name
AssetImportWorker5
-projectPath
C:/Users/WarmHeartedSnowman/Documents/PR_GAME/Pr num_3/Day 3
-logFile
Logs/AssetImportWorker5.log
-srvPort
63961
Successfully changed project path to: C:/Users/WarmHeartedSnowman/Documents/PR_GAME/Pr num_3/Day 3
C:/Users/WarmHeartedSnowman/Documents/PR_GAME/Pr num_3/Day 3
[UnityMemory] Configuration Parameters - Can be set up in boot.config
    "memorysetup-bucket-allocator-granularity=16"
    "memorysetup-bucket-allocator-bucket-count=8"
    "memorysetup-bucket-allocator-block-size=33554432"
    "memorysetup-bucket-allocator-block-count=8"
    "memorysetup-main-allocator-block-size=16777216"
    "memorysetup-thread-allocator-block-size=16777216"
    "memorysetup-gfx-main-allocator-block-size=16777216"
    "memorysetup-gfx-thread-allocator-block-size=16777216"
    "memorysetup-cache-allocator-block-size=4194304"
    "memorysetup-typetree-allocator-block-size=2097152"
    "memorysetup-profiler-bucket-allocator-granularity=16"
    "memorysetup-profiler-bucket-allocator-bucket-count=8"
    "memorysetup-profiler-bucket-allocator-block-size=33554432"
    "memorysetup-profiler-bucket-allocator-block-count=8"
    "memorysetup-profiler-allocator-block-size=16777216"
    "memorysetup-profiler-editor-allocator-block-size=1048576"
    "memorysetup-temp-allocator-size-main=16777216"
    "memorysetup-job-temp-allocator-block-size=2097152"
    "memorysetup-job-temp-allocator-block-size-background=1048576"
    "memorysetup-job-temp-allocator-reduction-small-platforms=262144"
    "memorysetup-temp-allocator-size-background-worker=32768"
    "memorysetup-temp-allocator-size-job-worker=262144"
    "memorysetup-temp-allocator-size-preload-manager=33554432"
    "memorysetup-temp-allocator-size-nav-mesh-worker=65536"
    "memorysetup-temp-allocator-size-audio-worker=65536"
    "memorysetup-temp-allocator-size-cloud-worker=32768"
    "memorysetup-temp-allocator-size-gi-baking-worker=262144"
    "memorysetup-temp-allocator-size-gfx=262144"
Refreshing native plugins compatible for Editor in 134.86 ms, found 3 plugins.
Preloading 0 native plugins for Editor in 0.00 ms.
Initialize engine version: 2021.3.5f1 (40eb3a945986)
[Subsystems] Discovering subsystems at path C:/Program Files/Unity/Hub/Editor/2021.3.5f1/Editor/Data/Resources/UnitySubsystems
[Subsystems] Discovering subsystems at path C:/Users/WarmHeartedSnowman/Documents/PR_GAME/Pr num_3/Day 3/Assets
GfxDevice: creating device client; threaded=0; jobified=0
Direct3D:
    Version:  Direct3D 11.0 [level 11.1]
    Renderer: NVIDIA GeForce GTX 1650 (ID=0x1f99)
    Vendor:   NVIDIA
    VRAM:     3962 MB
    Driver:   30.0.14.7219
Initialize mono
Mono path[0] = 'C:/Program Files/Unity/Hub/Editor/2021.3.5f1/Editor/Data/Managed'
Mono path[1] = 'C:/Program Files/Unity/Hub/Editor/2021.3.5f1/Editor/Data/MonoBleedingEdge/lib/mono/unityjit-win32'
Mono config path = 'C:/Program Files/Unity/Hub/Editor/2021.3.5f1/Editor/Data/MonoBleedingEdge/etc'
Using monoOptions --debugger-agent=transport=dt_socket,embedding=1,server=y,suspend=n,address=127.0.0.1:56164
Begin MonoManager ReloadAssembly
Registering precompiled unity dll's ...
Register platform support module: C:/Program Files/Unity/Hub/Editor/2021.3.5f1/Editor/Data/PlaybackEngines/WebGLSupport/UnityEditor.WebGL.Extensions.dll
Register platform support module: C:/Program Files/Unity/Hub/Editor/2021.3.5f1/Editor/Data/PlaybackEngines/WindowsStandaloneSupport/UnityEditor.WindowsStandalone.Extensions.dll
Registered in 0.008110 seconds.
Native extension for WindowsStandalone target not found
Native extension for WebGL target not found
Refreshing native plugins compatible for Editor in 118.32 ms, found 3 plugins.
Preloading 0 native plugins for Editor in 0.00 ms.
Mono: successfully reloaded assembly
- Completed reload, in  0.763 seconds
Domain Reload Profiling:
	ReloadAssembly (764ms)
		BeginReloadAssembly (72ms)
			ExecutionOrderSort (0ms)
			DisableScriptedObjects (0ms)
			BackupInstance (0ms)
			ReleaseScriptingObjects (0ms)
			CreateAndSetChildDomain (1ms)
		EndReloadAssembly (581ms)
			LoadAssemblies (70ms)
			RebuildTransferFunctionScriptingTraits (0ms)
			SetupTypeCache (137ms)
			ReleaseScriptCaches (0ms)
			RebuildScriptCaches (37ms)
			SetupLoadedEditorAssemblies (332ms)
				LogAssemblyErrors (0ms)
				InitializePlatformSupportModulesInManaged (12ms)
				SetLoadedEditorAssemblies (0ms)
				RefreshPlugins (118ms)
				BeforeProcessingInitializeOnLoad (1ms)
				ProcessInitializeOnLoadAttributes (149ms)
				ProcessInitializeOnLoadMethodAttributes (51ms)
				AfterProcessingInitializeOnLoad (0ms)
				EditorAssembliesLoaded (0ms)
			ExecutionOrderSort2 (0ms)
			AwakeInstancesAfterBackupRestoration (0ms)
Platform modules already initialized, skipping
Registering precompiled user dll's ...
Registered in 0.009164 seconds.
Begin MonoManager ReloadAssembly
Symbol file LoadedFromMemory doesn't match image C:\Users\WarmHeartedSnowman\Documents\PR_GAME\Pr num_3\Day 3\Library\PackageCache\com.unity.visualscripting@1.7.8\Editor\VisualScripting.Core\Dependencies\YamlDotNet\Unity.VisualScripting.YamlDotNet.dll
Symbol file LoadedFromMemory doesn't match image C:\Users\WarmHeartedSnowman\Documents\PR_GAME\Pr num_3\Day 3\Library\PackageCache\com.unity.visualscripting@1.7.8\Editor\VisualScripting.Core\Dependencies\DotNetZip\Unity.VisualScripting.IonicZip.dll
Native extension for WindowsStandalone target not found
Native extension for WebGL target not found
Refreshing native plugins compatible for Editor in 2.23 ms, found 3 plugins.
Preloading 0 native plugins for Editor in 0.00 ms.
Mono: successfully reloaded assembly
- Completed reload, in  1.407 seconds
Domain Reload Profiling:
	ReloadAssembly (1407ms)
		BeginReloadAssembly (107ms)
			ExecutionOrderSort (0ms)
			DisableScriptedObjects (6ms)
			BackupInstance (0ms)
			ReleaseScriptingObjects (0ms)
			CreateAndSetChildDomain (19ms)
		EndReloadAssembly (1163ms)
			LoadAssemblies (86ms)
			RebuildTransferFunctionScriptingTraits (0ms)
			SetupTypeCache (355ms)
			ReleaseScriptCaches (1ms)
			RebuildScriptCaches (75ms)
			SetupLoadedEditorAssemblies (572ms)
				LogAssemblyErrors (0ms)
				InitializePlatformSupportModulesInManaged (11ms)
				SetLoadedEditorAssemblies (1ms)
				RefreshPlugins (2ms)
				BeforeProcessingInitializeOnLoad (124ms)
				ProcessInitializeOnLoadAttributes (383ms)
				ProcessInitializeOnLoadMethodAttributes (42ms)
				AfterProcessingInitializeOnLoad (8ms)
				EditorAssembliesLoaded (0ms)
			ExecutionOrderSort2 (0ms)
			AwakeInstancesAfterBackupRestoration (9ms)
Platform modules already initialized, skipping
========================================================================
Worker process is ready to serve import requests
Launched and connected shader compiler UnityShaderCompiler.exe after 0.06 seconds
Refreshing native plugins compatible for Editor in 1.58 ms, found 3 plugins.
Preloading 0 native plugins for Editor in 0.00 ms.
Unloading 3650 Unused Serialized files (Serialized files now loaded: 0)
Unloading 109 unused Assets / (19.1 MB). Loaded Objects now: 4044.
Memory consumption went from 181.4 MB to 162.3 MB.
Total: 12.820000 ms (FindLiveObjects: 0.729800 ms CreateObjectMapping: 0.466800 ms MarkObjects: 3.200800 ms  DeleteObjects: 8.421100 ms)

AssetImportParameters requested are different than current active one (requested -> active):
  custom:video-decoder-ogg-theora: a1e56fd34408186e4bbccfd4996cb3dc -> 
  custom:container-muxer-webm: aa71ff27fc2769a1b78a27578f13a17b -> 
  custom:container-demuxer-webm: 4f35f7cbe854078d1ac9338744f61a02 -> 
  custom:video-encoder-webm-vp8: eb34c28f22e8b96e1ab97ce403110664 -> 
  custom:audio-encoder-webm-vorbis: bf7c407c2cedff20999df2af8eb42d56 -> 
  custom:framework-win-MediaFoundation: 216162199b28c13a410421893ffa2e32 -> 
  custom:container-demuxer-ogg: 62fdf1f143b41e24485cea50d1cbac27 -> 
  custom:video-decoder-webm-vp8: 9c59270c3fd7afecdb556c50c9e8de78 -> 
  custom:audio-decoder-ogg-vorbis: bf7c407c2cedff20999df2af8eb42d56 -> 
========================================================================
Received Import Request.
  Time since last request: 123306.246309 seconds.
  path: Assets/Sample_Assets_PCKGs/GUI Mobile Hyper-Casual/Sprites/Sprites by Menu/Home-assets/Background Icon Setting.png
  artifactKey: Guid(31db0a35d4be6fa4d9a54754dbbd2584) Importer(815301076,1909f56bfc062723c751e8b465ee728b)
Start importing Assets/Sample_Assets_PCKGs/GUI Mobile Hyper-Casual/Sprites/Sprites by Menu/Home-assets/Background Icon Setting.png using Guid(31db0a35d4be6fa4d9a54754dbbd2584) Importer(815301076,1909f56bfc062723c751e8b465ee728b)  -> (artifact id: '976168ebfa28fceb3c121918a309b236') in 0.149220 seconds 
========================================================================
Received Import Request.
  Time since last request: 0.000034 seconds.
  path: Assets/Sample_Assets_PCKGs/GUI Mobile Hyper-Casual/Sprites/Items PSD + PNG/Wizard Hat/WIzard chapeau.psd
  artifactKey: Guid(d751c31ade1540540985990e07a7b89d) Importer(815301076,1909f56bfc062723c751e8b465ee728b)
Start importing Assets/Sample_Assets_PCKGs/GUI Mobile Hyper-Casual/Sprites/Items PSD + PNG/Wizard Hat/WIzard chapeau.psd using Guid(d751c31ade1540540985990e07a7b89d) Importer(815301076,1909f56bfc062723c751e8b465ee728b)  -> (artifact id: '9e7bdc56a45cbe93b96e76992850c8c4') in 0.053208 seconds 
========================================================================
Received Import Request.
  Time since last request: 0.000029 seconds.
  path: Assets/Sample_Full_PCKGs/Toony Colors Pro/Demo TCP2/Common Demo Assets/UI/TCP2_Demo_Line.png
  artifactKey: Guid(386e3883d86efd849b91a0a69340c434) Importer(815301076,1909f56bfc062723c751e8b465ee728b)
Start importing Assets/Sample_Full_PCKGs/Toony Colors Pro/Demo TCP2/Common Demo Assets/UI/TCP2_Demo_Line.png using Guid(386e3883d86efd849b91a0a69340c434) Importer(815301076,1909f56bfc062723c751e8b465ee728b)  -> (artifact id: 'd8a7884727039bd019581f24ed549719') in 0.033622 seconds 
========================================================================
Received Import Request.
  Time since last request: 0.000045 seconds.
  path: Assets/Sample_Assets_PCKGs/GUI Mobile Hyper-Casual/Sprites/Items PSD + PNG/Mushroom/Mushroom.psd
  artifactKey: Guid(dd00ff8cb7576054a82f5478a1836afa) Importer(815301076,1909f56bfc062723c751e8b465ee728b)
Start importing Assets/Sample_Assets_PCKGs/GUI Mobile Hyper-Casual/Sprites/Items PSD + PNG/Mushroom/Mushroom.psd using Guid(dd00ff8cb7576054a82f5478a1836afa) Importer(815301076,1909f56bfc062723c751e8b465ee728b)  -> (artifact id: 'b0681d99116e7bd436ce8fb390b9c765') in 0.045397 seconds 
========================================================================
Received Import Request.
  Time since last request: 0.000033 seconds.
  path: Assets/Sample_Assets_PCKGs/GUI Mobile Hyper-Casual/Sprites/Items PSD + PNG/Bomb/White.png
  artifactKey: Guid(6143dd0aff3e85c4da7b52173c314be2) Importer(815301076,1909f56bfc062723c751e8b465ee728b)
Start importing Assets/Sample_Assets_PCKGs/GUI Mobile Hyper-Casual/Sprites/Items PSD + PNG/Bomb/White.png using Guid(6143dd0aff3e85c4da7b52173c314be2) Importer(815301076,1909f56bfc062723c751e8b465ee728b)  -> (artifact id: '27a683833582af5a80d08c75f4163519') in 0.045388 seconds 
========================================================================
Received Import Request.
  Time since last request: 0.000042 seconds.
  path: Assets/Sample_Assets_PCKGs/GUI Mobile Hyper-Casual/Sprites/Background/Background 4.png
  artifactKey: Guid(d7560b0f336bba7498aa575d232ef81f) Importer(815301076,1909f56bfc062723c751e8b465ee728b)
Start importing Assets/Sample_Assets_PCKGs/GUI Mobile Hyper-Casual/Sprites/Background/Background 4.png using Guid(d7560b0f336bba7498aa575d232ef81f) Importer(815301076,1909f56bfc062723c751e8b465ee728b)  -> (artifact id: '2ecc69403278e291920a3fc258897b45') in 0.157095 seconds 
========================================================================
Received Import Request.
  Time since last request: 0.000032 seconds.
  path: Assets/Sample_Assets_PCKGs/GUI Mobile Hyper-Casual/Sprites/Sprites by Menu/In Game-assets/Green Elipse.png
  artifactKey: Guid(cbb0c27d248af5a459f0833598c240e1) Importer(815301076,1909f56bfc062723c751e8b465ee728b)
Start importing Assets/Sample_Assets_PCKGs/GUI Mobile Hyper-Casual/Sprites/Sprites by Menu/In Game-assets/Green Elipse.png using Guid(cbb0c27d248af5a459f0833598c240e1) Importer(815301076,1909f56bfc062723c751e8b465ee728b)  -> (artifact id: '3727e2bdc13f4f26775a7cca4c10bd37') in 0.030369 seconds 
========================================================================
Received Import Request.
  Time since last request: 0.000037 seconds.
  path: Assets/Sample_Assets_PCKGs/GUI Mobile Hyper-Casual/Sprites/Sprites by Menu/Home-assets/Purple Square.png
  artifactKey: Guid(afc2d52c1721c944bb62116cccaf3f19) Importer(815301076,1909f56bfc062723c751e8b465ee728b)
Start importing Assets/Sample_Assets_PCKGs/GUI Mobile Hyper-Casual/Sprites/Sprites by Menu/Home-assets/Purple Square.png using Guid(afc2d52c1721c944bb62116cccaf3f19) Importer(815301076,1909f56bfc062723c751e8b465ee728b)  -> (artifact id: 'f6e0a68d36df26833a9d3fe166915222') in 0.035832 seconds 
========================================================================
Received Import Request.
  Time since last request: 0.000029 seconds.
  path: Assets/Sample_Assets_PCKGs/GUI Mobile Hyper-Casual/Sprites/Sprites by Menu/Buttons-assets/Ribbon 3.png
  artifactKey: Guid(f2f087fca1036be40a08d450d6c05e36) Importer(815301076,1909f56bfc062723c751e8b465ee728b)
Start importing Assets/Sample_Assets_PCKGs/GUI Mobile Hyper-Casual/Sprites/Sprites by Menu/Buttons-assets/Ribbon 3.png using Guid(f2f087fca1036be40a08d450d6c05e36) Importer(815301076,1909f56bfc062723c751e8b465ee728b)  -> (artifact id: '0abf1ba8c7c69676c045695b4b953cf0') in 0.029296 seconds 
========================================================================
Received Import Request.
  Time since last request: 0.000048 seconds.
  path: Assets/Sample_Assets_PCKGs/GUI Mobile Hyper-Casual/Sprites/Items PSD + PNG/Bag/Bag 1/Outline Bag 1.png
  artifactKey: Guid(17ee03448e8c70b42aff86e9e3ecaffb) Importer(815301076,1909f56bfc062723c751e8b465ee728b)
Start importing Assets/Sample_Assets_PCKGs/GUI Mobile Hyper-Casual/Sprites/Items PSD + PNG/Bag/Bag 1/Outline Bag 1.png using Guid(17ee03448e8c70b42aff86e9e3ecaffb) Importer(815301076,1909f56bfc062723c751e8b465ee728b)  -> (artifact id: '547bbc75a1af09ad0d09b48c9901d3dd') in 0.043759 seconds 
========================================================================
Received Import Request.
  Time since last request: 0.000025 seconds.
  path: Assets/Sample_Assets_PCKGs/GUI Mobile Hyper-Casual/Sprites/Items PSD + PNG/Potion/Potion2/Green.png
  artifactKey: Guid(30cba0eb401f19745a0789566d72334d) Importer(815301076,1909f56bfc062723c751e8b465ee728b)
Start importing Assets/Sample_Assets_PCKGs/GUI Mobile Hyper-Casual/Sprites/Items PSD + PNG/Potion/Potion2/Green.png using Guid(30cba0eb401f19745a0789566d72334d) Importer(815301076,1909f56bfc062723c751e8b465ee728b)  -> (artifact id: '941ecdcd444d6bf41a15996565ed489c') in 0.048491 seconds 
========================================================================
Received Import Request.
  Time since last request: 0.000032 seconds.
  path: Assets/Sample_Assets_PCKGs/GUI Mobile Hyper-Casual/Sprites/Sprites by Menu/In Game-assets/NO THANKS.png
  artifactKey: Guid(bdc2f989e2fb20e4f918f8650a2d116e) Importer(815301076,1909f56bfc062723c751e8b465ee728b)
Start importing Assets/Sample_Assets_PCKGs/GUI Mobile Hyper-Casual/Sprites/Sprites by Menu/In Game-assets/NO THANKS.png using Guid(bdc2f989e2fb20e4f918f8650a2d116e) Importer(815301076,1909f56bfc062723c751e8b465ee728b)  -> (artifact id: '8c3a3b7dac933132c70608d6f86884b6') in 0.032172 seconds 
========================================================================
Received Import Request.
  Time since last request: 0.000050 seconds.
  path: Assets/Sample_Assets_PCKGs/GUI Mobile Hyper-Casual/Sprites/Emojis PNG/PNG/Set Emojis-assets/28.png
  artifactKey: Guid(ce6dc0dc87f039344ae273debbe85e0b) Importer(815301076,1909f56bfc062723c751e8b465ee728b)
Start importing Assets/Sample_Assets_PCKGs/GUI Mobile Hyper-Casual/Sprites/Emojis PNG/PNG/Set Emojis-assets/28.png using Guid(ce6dc0dc87f039344ae273debbe85e0b) Importer(815301076,1909f56bfc062723c751e8b465ee728b)  -> (artifact id: '54cd94b8eafedd824b1ccac46ab14cfd') in 0.054403 seconds 
========================================================================
Received Import Request.
  Time since last request: 0.000036 seconds.
  path: Assets/Sample_Assets_PCKGs/GUI Mobile Hyper-Casual/Sprites/Sprites by Menu/Home-assets/IAP.png
  artifactKey: Guid(7709a5c4f15953a4b809d8d78159493b) Importer(815301076,1909f56bfc062723c751e8b465ee728b)
Start importing Assets/Sample_Assets_PCKGs/GUI Mobile Hyper-Casual/Sprites/Sprites by Menu/Home-assets/IAP.png using Guid(7709a5c4f15953a4b809d8d78159493b) Importer(815301076,1909f56bfc062723c751e8b465ee728b)  -> (artifact id: '931adea9fc3d0760aab54ca38107d036') in 0.040251 seconds 
========================================================================
Received Import Request.
  Time since last request: 0.000031 seconds.
  path: Assets/Sample_Assets_PCKGs/GUI Mobile Hyper-Casual/Sprites/Items PSD + PNG/Hand/White.png
  artifactKey: Guid(12fa28db31dcb8241a1a5e98ef4d353a) Importer(815301076,1909f56bfc062723c751e8b465ee728b)
Start importing Assets/Sample_Assets_PCKGs/GUI Mobile Hyper-Casual/Sprites/Items PSD + PNG/Hand/White.png using Guid(12fa28db31dcb8241a1a5e98ef4d353a) Importer(815301076,1909f56bfc062723c751e8b465ee728b)  -> (artifact id: '8e0cdf398507cd16260e0a298c16522d') in 0.039338 seconds 
========================================================================
Received Import Request.
  Time since last request: 0.000026 seconds.
  path: Assets/Sample_Assets_PCKGs/GUI Mobile Hyper-Casual/Sprites/Items PSD + PNG/Pills/White.png
  artifactKey: Guid(1bc2f2cd0fa68db43898b0e1ee48b680) Importer(815301076,1909f56bfc062723c751e8b465ee728b)
Start importing Assets/Sample_Assets_PCKGs/GUI Mobile Hyper-Casual/Sprites/Items PSD + PNG/Pills/White.png using Guid(1bc2f2cd0fa68db43898b0e1ee48b680) Importer(815301076,1909f56bfc062723c751e8b465ee728b)  -> (artifact id: 'f470414db41e0deab8e02156ada3cafa') in 0.042623 seconds 
========================================================================
Received Import Request.
  Time since last request: 0.000030 seconds.
  path: Assets/Sample_Full_PCKGs/Toony Colors Pro/Demo TCP2/Common Demo Assets/UI/TCP2_Demo_TextBox.png
  artifactKey: Guid(ca1d4943e72db4e4bba15c8457c1a404) Importer(815301076,1909f56bfc062723c751e8b465ee728b)
Start importing Assets/Sample_Full_PCKGs/Toony Colors Pro/Demo TCP2/Common Demo Assets/UI/TCP2_Demo_TextBox.png using Guid(ca1d4943e72db4e4bba15c8457c1a404) Importer(815301076,1909f56bfc062723c751e8b465ee728b)  -> (artifact id: 'c81d8bb99742b793643c4cc90b55fab9') in 0.036538 seconds 
========================================================================
Received Import Request.
  Time since last request: 0.000028 seconds.
  path: Assets/Sample_Assets_PCKGs/GUI Mobile Hyper-Casual/Sprites/Background/Background 1.png
  artifactKey: Guid(a191f75cec4d2b744972d2320950c871) Importer(815301076,1909f56bfc062723c751e8b465ee728b)
Start importing Assets/Sample_Assets_PCKGs/GUI Mobile Hyper-Casual/Sprites/Background/Background 1.png using Guid(a191f75cec4d2b744972d2320950c871) Importer(815301076,1909f56bfc062723c751e8b465ee728b)  -> (artifact id: '08309e9225abc7762b1009d56227bd78') in 0.113983 seconds 
========================================================================
Received Import Request.
  Time since last request: 0.000033 seconds.
  path: Assets/Sample_Assets_PCKGs/GUI Mobile Hyper-Casual/Sprites/Sprites by Menu/Win-assets/Background Blue.png
  artifactKey: Guid(b2c56d9b4ed779b48a6bd14bfb47f6ff) Importer(815301076,1909f56bfc062723c751e8b465ee728b)
Start importing Assets/Sample_Assets_PCKGs/GUI Mobile Hyper-Casual/Sprites/Sprites by Menu/Win-assets/Background Blue.png using Guid(b2c56d9b4ed779b48a6bd14bfb47f6ff) Importer(815301076,1909f56bfc062723c751e8b465ee728b)  -> (artifact id: '731d3621c7cd8cdb1a1e94d9615774f6') in 0.053610 seconds 
========================================================================
Received Import Request.
  Time since last request: 0.000046 seconds.
  path: Assets/Sample_Assets_PCKGs/GUI Mobile Hyper-Casual/Sprites/Sprites by Menu/In Game-assets/Bar Progress in game yellow.png
  artifactKey: Guid(9320dce57bba0e346afa7da9d1a62ae6) Importer(815301076,1909f56bfc062723c751e8b465ee728b)
Start importing Assets/Sample_Assets_PCKGs/GUI Mobile Hyper-Casual/Sprites/Sprites by Menu/In Game-assets/Bar Progress in game yellow.png using Guid(9320dce57bba0e346afa7da9d1a62ae6) Importer(815301076,1909f56bfc062723c751e8b465ee728b)  -> (artifact id: '69a861279053d4b307e30c4449feb7eb') in 0.034482 seconds 
========================================================================
Received Import Request.
  Time since last request: 0.000032 seconds.
  path: Assets/Sample_Assets_PCKGs/GUI Mobile Hyper-Casual/Sprites/Emojis PNG/PNG/Set Emojis-assets/23.png
  artifactKey: Guid(e2f3ef47d9e099b4bbeec8dae4be5e17) Importer(815301076,1909f56bfc062723c751e8b465ee728b)
Start importing Assets/Sample_Assets_PCKGs/GUI Mobile Hyper-Casual/Sprites/Emojis PNG/PNG/Set Emojis-assets/23.png using Guid(e2f3ef47d9e099b4bbeec8dae4be5e17) Importer(815301076,1909f56bfc062723c751e8b465ee728b)  -> (artifact id: 'a533be699cd82e6e0484615018df10d2') in 0.043189 seconds 
========================================================================
Received Import Request.
  Time since last request: 0.000036 seconds.
  path: Assets/Sample_Assets_PCKGs/GUI Mobile Hyper-Casual/Sprites/Items PSD + PNG/Skull/White.png
  artifactKey: Guid(5601d3acbc811c84bac0736c3985d4b4) Importer(815301076,1909f56bfc062723c751e8b465ee728b)
Start importing Assets/Sample_Assets_PCKGs/GUI Mobile Hyper-Casual/Sprites/Items PSD + PNG/Skull/White.png using Guid(5601d3acbc811c84bac0736c3985d4b4) Importer(815301076,1909f56bfc062723c751e8b465ee728b)  -> (artifact id: 'e01365a8c68c0ebe61480d9fcb0d2d88') in 0.040189 seconds 
========================================================================
Received Import Request.
  Time since last request: 0.000041 seconds.
  path: Assets/Sample_Assets_PCKGs/GUI Mobile Hyper-Casual/Sprites/Sprites by Menu/Home-assets/Pop up Purple.png
  artifactKey: Guid(c0042521c3c102049b7a2612df7c9ae1) Importer(815301076,1909f56bfc062723c751e8b465ee728b)
Start importing Assets/Sample_Assets_PCKGs/GUI Mobile Hyper-Casual/Sprites/Sprites by Menu/Home-assets/Pop up Purple.png using Guid(c0042521c3c102049b7a2612df7c9ae1) Importer(815301076,1909f56bfc062723c751e8b465ee728b)  -> (artifact id: '82e17867e61e319d725a9f09bd44e56f') in 0.062033 seconds 
========================================================================
Received Import Request.
  Time since last request: 0.000037 seconds.
  path: Assets/Sample_Assets_PCKGs/GUI Mobile Hyper-Casual/Sprites/Sprites by Menu/In Game-assets/Barre de progression 2.png
  artifactKey: Guid(e3138a12a89af3c4e836b1b9b6d78ad2) Importer(815301076,1909f56bfc062723c751e8b465ee728b)
Start importing Assets/Sample_Assets_PCKGs/GUI Mobile Hyper-Casual/Sprites/Sprites by Menu/In Game-assets/Barre de progression 2.png using Guid(e3138a12a89af3c4e836b1b9b6d78ad2) Importer(815301076,1909f56bfc062723c751e8b465ee728b)  -> (artifact id: '4a3c939661602d561c0e9954bd95e650') in 0.024872 seconds 
========================================================================
Received Import Request.
  Time since last request: 0.000035 seconds.
  path: Assets/Sample_Assets_PCKGs/GUI Mobile Hyper-Casual/Sprites/Items PSD + PNG/Skull/Purple.png
  artifactKey: Guid(b0f7868800e02f946aa82d0c32e61660) Importer(815301076,1909f56bfc062723c751e8b465ee728b)
Start importing Assets/Sample_Assets_PCKGs/GUI Mobile Hyper-Casual/Sprites/Items PSD + PNG/Skull/Purple.png using Guid(b0f7868800e02f946aa82d0c32e61660) Importer(815301076,1909f56bfc062723c751e8b465ee728b)  -> (artifact id: 'f91f36ad865fcd11fb519edeead1b001') in 0.035286 seconds 
========================================================================
Received Import Request.
  Time since last request: 0.000028 seconds.
  path: Assets/Sample_Assets_PCKGs/GUI Mobile Hyper-Casual/Sprites/Items PSD + PNG/Diamonds/Diamond 2/White.png
  artifactKey: Guid(8f9d4eb7946952040a1ab818a328803a) Importer(815301076,1909f56bfc062723c751e8b465ee728b)
Start importing Assets/Sample_Assets_PCKGs/GUI Mobile Hyper-Casual/Sprites/Items PSD + PNG/Diamonds/Diamond 2/White.png using Guid(8f9d4eb7946952040a1ab818a328803a) Importer(815301076,1909f56bfc062723c751e8b465ee728b)  -> (artifact id: '9dda1aac55b5a3e186f27d630624fbfd') in 0.041875 seconds 
========================================================================
Received Import Request.
  Time since last request: 0.000031 seconds.
  path: Assets/Sample_Assets_PCKGs/GUI Mobile Hyper-Casual/Sprites/Items PSD + PNG/Flag/Outline.png
  artifactKey: Guid(25b6f7b0a0d490c45a9c19fd7b44215c) Importer(815301076,1909f56bfc062723c751e8b465ee728b)
Start importing Assets/Sample_Assets_PCKGs/GUI Mobile Hyper-Casual/Sprites/Items PSD + PNG/Flag/Outline.png using Guid(25b6f7b0a0d490c45a9c19fd7b44215c) Importer(815301076,1909f56bfc062723c751e8b465ee728b)  -> (artifact id: '071a4de11797af51e4341c117d916a4e') in 0.042873 seconds 
========================================================================
Received Import Request.
  Time since last request: 0.000049 seconds.
  path: Assets/Sample_Assets_PCKGs/GUI Mobile Hyper-Casual/Sprites/Sprites by Menu/In Game-assets/Waouh.png
  artifactKey: Guid(8462306cddb06ae4da0a7e49e1486e36) Importer(815301076,1909f56bfc062723c751e8b465ee728b)
Start importing Assets/Sample_Assets_PCKGs/GUI Mobile Hyper-Casual/Sprites/Sprites by Menu/In Game-assets/Waouh.png using Guid(8462306cddb06ae4da0a7e49e1486e36) Importer(815301076,1909f56bfc062723c751e8b465ee728b)  -> (artifact id: 'f6d41b4675faafca90ce6b52a9b07905') in 0.034679 seconds 
========================================================================
Received Import Request.
  Time since last request: 0.000047 seconds.
  path: Assets/Sample_Assets_PCKGs/GUI Mobile Hyper-Casual/Sprites/Items PSD + PNG/Radial Shine/Radial.png
  artifactKey: Guid(7162f932cf14b0f40b2df4e9ee15b38a) Importer(815301076,1909f56bfc062723c751e8b465ee728b)
Start importing Assets/Sample_Assets_PCKGs/GUI Mobile Hyper-Casual/Sprites/Items PSD + PNG/Radial Shine/Radial.png using Guid(7162f932cf14b0f40b2df4e9ee15b38a) Importer(815301076,1909f56bfc062723c751e8b465ee728b)  -> (artifact id: '3138c5525bb2901c2aa11a8e408899a1') in 0.136739 seconds 
========================================================================
Received Import Request.
  Time since last request: 0.000031 seconds.
  path: Assets/Sample_Assets_PCKGs/GUI Mobile Hyper-Casual/Sprites/Items PSD + PNG/Mail/Outline.png
  artifactKey: Guid(b29866249248b074baace748df82c482) Importer(815301076,1909f56bfc062723c751e8b465ee728b)
Start importing Assets/Sample_Assets_PCKGs/GUI Mobile Hyper-Casual/Sprites/Items PSD + PNG/Mail/Outline.png using Guid(b29866249248b074baace748df82c482) Importer(815301076,1909f56bfc062723c751e8b465ee728b)  -> (artifact id: 'a6018fe943e4e863d5d3e422388cb796') in 0.039749 seconds 
========================================================================
Received Import Request.
  Time since last request: 0.000049 seconds.
  path: Assets/Sample_Assets_PCKGs/GUI Mobile Hyper-Casual/Sprites/Items PSD + PNG/Bolt/White.png
  artifactKey: Guid(6ea2f791df821a947923f02503a9ae41) Importer(815301076,1909f56bfc062723c751e8b465ee728b)
Start importing Assets/Sample_Assets_PCKGs/GUI Mobile Hyper-Casual/Sprites/Items PSD + PNG/Bolt/White.png using Guid(6ea2f791df821a947923f02503a9ae41) Importer(815301076,1909f56bfc062723c751e8b465ee728b)  -> (artifact id: 'd157c4d6e07ac835aa609c3345281054') in 0.040920 seconds 
========================================================================
Received Import Request.
  Time since last request: 0.000033 seconds.
  path: Assets/Sample_Assets_PCKGs/GUI Mobile Hyper-Casual/Sprites/Items PSD + PNG/Potion/Potion/White.png
  artifactKey: Guid(d4675828ce1e4c142a77d0e55259768b) Importer(815301076,1909f56bfc062723c751e8b465ee728b)
Start importing Assets/Sample_Assets_PCKGs/GUI Mobile Hyper-Casual/Sprites/Items PSD + PNG/Potion/Potion/White.png using Guid(d4675828ce1e4c142a77d0e55259768b) Importer(815301076,1909f56bfc062723c751e8b465ee728b)  -> (artifact id: '64abacd244843ac4e5b7499a2d293479') in 0.037343 seconds 
========================================================================
Received Import Request.
  Time since last request: 0.000024 seconds.
  path: Assets/Sample_Assets_PCKGs/GUI Mobile Hyper-Casual/Sprites/Sprites by Menu/In Game-assets/Purple Elipse.png
  artifactKey: Guid(df2a4f0771486da47841079811355fb1) Importer(815301076,1909f56bfc062723c751e8b465ee728b)
Start importing Assets/Sample_Assets_PCKGs/GUI Mobile Hyper-Casual/Sprites/Sprites by Menu/In Game-assets/Purple Elipse.png using Guid(df2a4f0771486da47841079811355fb1) Importer(815301076,1909f56bfc062723c751e8b465ee728b)  -> (artifact id: 'f4f61674a3e2172193314bc1394e48c9') in 0.030094 seconds 
========================================================================
Received Import Request.
  Time since last request: 0.000030 seconds.
  path: Assets/Sample_Assets_PCKGs/GUI Mobile Hyper-Casual/Sprites/Items PSD + PNG/Gift/Red-Yellow.png
  artifactKey: Guid(728cd4287fe839f4c94a54dd148cdd58) Importer(815301076,1909f56bfc062723c751e8b465ee728b)
Start importing Assets/Sample_Assets_PCKGs/GUI Mobile Hyper-Casual/Sprites/Items PSD + PNG/Gift/Red-Yellow.png using Guid(728cd4287fe839f4c94a54dd148cdd58) Importer(815301076,1909f56bfc062723c751e8b465ee728b)  -> (artifact id: 'd49c48c92cdcffe9d0786815129ef126') in 0.044219 seconds 
========================================================================
Received Import Request.
  Time since last request: 0.000077 seconds.
  path: Assets/Sample_Assets_PCKGs/GUI Mobile Hyper-Casual/Sprites/Sprites by Menu/Buttons-assets/Yellow Button Skip.png
  artifactKey: Guid(b2a6ecc213f7c50489b483d21a3b67e6) Importer(815301076,1909f56bfc062723c751e8b465ee728b)
Start importing Assets/Sample_Assets_PCKGs/GUI Mobile Hyper-Casual/Sprites/Sprites by Menu/Buttons-assets/Yellow Button Skip.png using Guid(b2a6ecc213f7c50489b483d21a3b67e6) Importer(815301076,1909f56bfc062723c751e8b465ee728b)  -> (artifact id: 'd62656695c4b4ffa1691d6fbaa442edb') in 0.035607 seconds 
========================================================================
Received Import Request.
  Time since last request: 0.000028 seconds.
  path: Assets/Sample_Assets_PCKGs/GUI Mobile Hyper-Casual/Sprites/Emojis PNG/PNG/Set Emojis-assets/21.png
  artifactKey: Guid(4af72c7c63c89564888729d51266af18) Importer(815301076,1909f56bfc062723c751e8b465ee728b)
Start importing Assets/Sample_Assets_PCKGs/GUI Mobile Hyper-Casual/Sprites/Emojis PNG/PNG/Set Emojis-assets/21.png using Guid(4af72c7c63c89564888729d51266af18) Importer(815301076,1909f56bfc062723c751e8b465ee728b)  -> (artifact id: 'b2e4a259f67a92bd9d70f05b772cc2b3') in 0.044013 seconds 
========================================================================
Received Import Request.
  Time since last request: 0.000051 seconds.
  path: Assets/Sample_Assets_PCKGs/GUI Mobile Hyper-Casual/Sprites/Sprites by Menu/Buttons-assets/Purple Button Play.png
  artifactKey: Guid(70c70ad42cab3754bb007a8deeef9ca1) Importer(815301076,1909f56bfc062723c751e8b465ee728b)
Start importing Assets/Sample_Assets_PCKGs/GUI Mobile Hyper-Casual/Sprites/Sprites by Menu/Buttons-assets/Purple Button Play.png using Guid(70c70ad42cab3754bb007a8deeef9ca1) Importer(815301076,1909f56bfc062723c751e8b465ee728b)  -> (artifact id: 'e793e56faf6245d6904eca71d31ebfe8') in 0.039000 seconds 
========================================================================
Received Import Request.
  Time since last request: 0.000027 seconds.
  path: Assets/Sample_Assets_PCKGs/GUI Mobile Hyper-Casual/Sprites/Items PSD + PNG/Sword/Sword.psd
  artifactKey: Guid(29195524e9df51242b7a71d974ae8a15) Importer(815301076,1909f56bfc062723c751e8b465ee728b)
Start importing Assets/Sample_Assets_PCKGs/GUI Mobile Hyper-Casual/Sprites/Items PSD + PNG/Sword/Sword.psd using Guid(29195524e9df51242b7a71d974ae8a15) Importer(815301076,1909f56bfc062723c751e8b465ee728b)  -> (artifact id: 'f6026b29175a4d737bc50f65ef7c0914') in 0.044428 seconds 
========================================================================
Received Import Request.
  Time since last request: 0.000036 seconds.
  path: Assets/Sample_Assets_PCKGs/GUI Mobile Hyper-Casual/Sprites/Sprites by Menu/Buttons-assets/Yellow Button Continue.png
  artifactKey: Guid(a1301347e4a8dc14b8201fd803fa5afe) Importer(815301076,1909f56bfc062723c751e8b465ee728b)
Start importing Assets/Sample_Assets_PCKGs/GUI Mobile Hyper-Casual/Sprites/Sprites by Menu/Buttons-assets/Yellow Button Continue.png using Guid(a1301347e4a8dc14b8201fd803fa5afe) Importer(815301076,1909f56bfc062723c751e8b465ee728b)  -> (artifact id: 'edd066e4c9800f6e0bde170d935806d3') in 0.035370 seconds 
========================================================================
Received Import Request.
  Time since last request: 0.000036 seconds.
  path: Assets/Sample_Assets_PCKGs/GUI Mobile Hyper-Casual/Sprites/Items PSD + PNG/Diamonds/Diamonds/Purple.png
  artifactKey: Guid(8c97facce32255b47a1d01fe87cf72fa) Importer(815301076,1909f56bfc062723c751e8b465ee728b)
Start importing Assets/Sample_Assets_PCKGs/GUI Mobile Hyper-Casual/Sprites/Items PSD + PNG/Diamonds/Diamonds/Purple.png using Guid(8c97facce32255b47a1d01fe87cf72fa) Importer(815301076,1909f56bfc062723c751e8b465ee728b)  -> (artifact id: '86614abb2b6cba4ec38f9005540f2c4a') in 0.055128 seconds 
========================================================================
Received Import Request.
  Time since last request: 0.000034 seconds.
  path: Assets/Sample_Assets_PCKGs/GUI Mobile Hyper-Casual/Sprites/Sprites by Menu/Buttons-assets/Pub Green Button Claim.png
  artifactKey: Guid(a07482c6da3510c458382cd04ff0347a) Importer(815301076,1909f56bfc062723c751e8b465ee728b)
Start importing Assets/Sample_Assets_PCKGs/GUI Mobile Hyper-Casual/Sprites/Sprites by Menu/Buttons-assets/Pub Green Button Claim.png using Guid(a07482c6da3510c458382cd04ff0347a) Importer(815301076,1909f56bfc062723c751e8b465ee728b)  -> (artifact id: 'f4b93254357c76e6e139a55cdee56016') in 0.039018 seconds 
========================================================================
Received Import Request.
  Time since last request: 0.000032 seconds.
  path: Assets/Sample_Assets_PCKGs/GUI Mobile Hyper-Casual/Sprites/Items PSD + PNG/Pills/Outline.png
  artifactKey: Guid(6c3d28729acfce746b4d99521191c2f2) Importer(815301076,1909f56bfc062723c751e8b465ee728b)
Start importing Assets/Sample_Assets_PCKGs/GUI Mobile Hyper-Casual/Sprites/Items PSD + PNG/Pills/Outline.png using Guid(6c3d28729acfce746b4d99521191c2f2) Importer(815301076,1909f56bfc062723c751e8b465ee728b)  -> (artifact id: '4c237fc1e1c401ab7af413120ca67c7d') in 0.039944 seconds 
========================================================================
Received Import Request.
  Time since last request: 0.000039 seconds.
  path: Assets/Sample_Assets_PCKGs/GUI Mobile Hyper-Casual/Sprites/Items PSD + PNG/Icon Club/Shadow.png
  artifactKey: Guid(a6fc44f598809a34199e095b26cc7ff7) Importer(815301076,1909f56bfc062723c751e8b465ee728b)
Start importing Assets/Sample_Assets_PCKGs/GUI Mobile Hyper-Casual/Sprites/Items PSD + PNG/Icon Club/Shadow.png using Guid(a6fc44f598809a34199e095b26cc7ff7) Importer(815301076,1909f56bfc062723c751e8b465ee728b)  -> (artifact id: '890347d936929dc024a36f94c042b6e7') in 0.050595 seconds 
========================================================================
Received Import Request.
  Time since last request: 0.000031 seconds.
  path: Assets/Sample_Assets_PCKGs/GUI Mobile Hyper-Casual/Sprites/Sprites by Menu/Buttons-assets/Purple Button Go.png
  artifactKey: Guid(3701b3d82267b6347977cbd38d77969a) Importer(815301076,1909f56bfc062723c751e8b465ee728b)
Start importing Assets/Sample_Assets_PCKGs/GUI Mobile Hyper-Casual/Sprites/Sprites by Menu/Buttons-assets/Purple Button Go.png using Guid(3701b3d82267b6347977cbd38d77969a) Importer(815301076,1909f56bfc062723c751e8b465ee728b)  -> (artifact id: 'aad575e35cf6400ffa82ae1208c80bd1') in 0.037395 seconds 
========================================================================
Received Import Request.
  Time since last request: 0.000030 seconds.
  path: Assets/Sample_Assets_PCKGs/GUI Mobile Hyper-Casual/Sprites/Items PSD + PNG/Mushroom/Outline.png
  artifactKey: Guid(180c40c0a79fa7b4f98af4596ec5bb4d) Importer(815301076,1909f56bfc062723c751e8b465ee728b)
Start importing Assets/Sample_Assets_PCKGs/GUI Mobile Hyper-Casual/Sprites/Items PSD + PNG/Mushroom/Outline.png using Guid(180c40c0a79fa7b4f98af4596ec5bb4d) Importer(815301076,1909f56bfc062723c751e8b465ee728b)  -> (artifact id: 'ffbc667781b7ed74f1cb6a90ea6ca3e4') in 0.040361 seconds 
========================================================================
Received Import Request.
  Time since last request: 0.000029 seconds.
  path: Assets/Sample_Assets_PCKGs/GUI Mobile Hyper-Casual/Sprites/Items PSD + PNG/Mail/White.png
  artifactKey: Guid(21d27509c58756b4ab0e1f99a6c4af20) Importer(815301076,1909f56bfc062723c751e8b465ee728b)
Start importing Assets/Sample_Assets_PCKGs/GUI Mobile Hyper-Casual/Sprites/Items PSD + PNG/Mail/White.png using Guid(21d27509c58756b4ab0e1f99a6c4af20) Importer(815301076,1909f56bfc062723c751e8b465ee728b)  -> (artifact id: '8f49c73f6806596cbe57f577bc80fc0b') in 0.038993 seconds 
========================================================================
Received Import Request.
  Time since last request: 0.000024 seconds.
  path: Assets/Sample_Assets_PCKGs/GUI Mobile Hyper-Casual/Sprites/Items PSD + PNG/Double Sword/Double Sword.psd
  artifactKey: Guid(4e5f1b2596b2db4448b7066f84184eae) Importer(815301076,1909f56bfc062723c751e8b465ee728b)
Start importing Assets/Sample_Assets_PCKGs/GUI Mobile Hyper-Casual/Sprites/Items PSD + PNG/Double Sword/Double Sword.psd using Guid(4e5f1b2596b2db4448b7066f84184eae) Importer(815301076,1909f56bfc062723c751e8b465ee728b)  -> (artifact id: 'ce58a3ab2cec9e58e7b02d3b177a68c5') in 0.045228 seconds 
========================================================================
Received Import Request.
  Time since last request: 0.000033 seconds.
  path: Assets/Sample_Assets_PCKGs/GUI Mobile Hyper-Casual/Sprites/Emojis PNG/PNG/Set Emojis-assets/29.png
  artifactKey: Guid(ba70c883e1f8ae840958613121565dee) Importer(815301076,1909f56bfc062723c751e8b465ee728b)
Start importing Assets/Sample_Assets_PCKGs/GUI Mobile Hyper-Casual/Sprites/Emojis PNG/PNG/Set Emojis-assets/29.png using Guid(ba70c883e1f8ae840958613121565dee) Importer(815301076,1909f56bfc062723c751e8b465ee728b)  -> (artifact id: '99d8c045f622b7aca25071283e12d7ff') in 0.043373 seconds 
========================================================================
Received Import Request.
  Time since last request: 0.000045 seconds.
  path: Assets/Sample_Assets_PCKGs/GUI Mobile Hyper-Casual/Sprites/Items PSD + PNG/Card/Red.png
  artifactKey: Guid(c5b8f60b5d4be4c458ff8c3afe5ab594) Importer(815301076,1909f56bfc062723c751e8b465ee728b)
Start importing Assets/Sample_Assets_PCKGs/GUI Mobile Hyper-Casual/Sprites/Items PSD + PNG/Card/Red.png using Guid(c5b8f60b5d4be4c458ff8c3afe5ab594) Importer(815301076,1909f56bfc062723c751e8b465ee728b)  -> (artifact id: '699bb13cf657823bbe984e5cb3a5a13d') in 0.042845 seconds 
========================================================================
Received Import Request.
  Time since last request: 0.000035 seconds.
  path: Assets/Sample_Assets_PCKGs/GUI Mobile Hyper-Casual/Sprites/Items PSD + PNG/Hand/Outline.png
  artifactKey: Guid(b06e47e01add0a04daa49f92016740b0) Importer(815301076,1909f56bfc062723c751e8b465ee728b)
Start importing Assets/Sample_Assets_PCKGs/GUI Mobile Hyper-Casual/Sprites/Items PSD + PNG/Hand/Outline.png using Guid(b06e47e01add0a04daa49f92016740b0) Importer(815301076,1909f56bfc062723c751e8b465ee728b)  -> (artifact id: '80a2e9778bfc457c768fd0ce8e841892') in 0.038151 seconds 
========================================================================
Received Import Request.
  Time since last request: 0.000031 seconds.
  path: Assets/Sample_Assets_PCKGs/GUI Mobile Hyper-Casual/Sprites/Items PSD + PNG/Shield/Shield.psd
  artifactKey: Guid(08b69c8089265a34a964f86c7e7ab57f) Importer(815301076,1909f56bfc062723c751e8b465ee728b)
Start importing Assets/Sample_Assets_PCKGs/GUI Mobile Hyper-Casual/Sprites/Items PSD + PNG/Shield/Shield.psd using Guid(08b69c8089265a34a964f86c7e7ab57f) Importer(815301076,1909f56bfc062723c751e8b465ee728b)  -> (artifact id: 'ad1d043c68122f2b5e3a2966349ea7cc') in 0.045721 seconds 
========================================================================
Received Import Request.
  Time since last request: 0.000031 seconds.
  path: Assets/Sample_Assets_PCKGs/GUI Mobile Hyper-Casual/Sprites/Items PSD + PNG/Potion/Potion/Outline.png
  artifactKey: Guid(5ff60f96dc24f574483d21956a729366) Importer(815301076,1909f56bfc062723c751e8b465ee728b)
Start importing Assets/Sample_Assets_PCKGs/GUI Mobile Hyper-Casual/Sprites/Items PSD + PNG/Potion/Potion/Outline.png using Guid(5ff60f96dc24f574483d21956a729366) Importer(815301076,1909f56bfc062723c751e8b465ee728b)  -> (artifact id: '21246fc1a4a31cd8b24c1d87b3a22aba') in 0.038141 seconds 
========================================================================
Received Import Request.
  Time since last request: 0.000029 seconds.
  path: Assets/Sample_Assets_PCKGs/GUI Mobile Hyper-Casual/Sprites/Sprites by Menu/In Game-assets/Outline Bar Progress.png
  artifactKey: Guid(de84200f09eb9584bb767c07afd135c2) Importer(815301076,1909f56bfc062723c751e8b465ee728b)
Start importing Assets/Sample_Assets_PCKGs/GUI Mobile Hyper-Casual/Sprites/Sprites by Menu/In Game-assets/Outline Bar Progress.png using Guid(de84200f09eb9584bb767c07afd135c2) Importer(815301076,1909f56bfc062723c751e8b465ee728b)  -> (artifact id: '5cfbdb05fc8ac0904edc84c8df5143b8') in 0.033159 seconds 
========================================================================
Received Import Request.
  Time since last request: 0.000030 seconds.
  path: Assets/Sample_Assets_PCKGs/GUI Mobile Hyper-Casual/Sprites/Items PSD + PNG/Potion/Potion/Green.png
  artifactKey: Guid(d25188e3dced51d45bbcd4e6846d7073) Importer(815301076,1909f56bfc062723c751e8b465ee728b)
Start importing Assets/Sample_Assets_PCKGs/GUI Mobile Hyper-Casual/Sprites/Items PSD + PNG/Potion/Potion/Green.png using Guid(d25188e3dced51d45bbcd4e6846d7073) Importer(815301076,1909f56bfc062723c751e8b465ee728b)  -> (artifact id: 'c69f45c01096343c8282e49ef8b97588') in 0.049412 seconds 
========================================================================
Received Import Request.
  Time since last request: 0.000058 seconds.
  path: Assets/Sample_Assets_PCKGs/GUI Mobile Hyper-Casual/Sprites/Sprites by Menu/In Game-assets/AWESOME___.png
  artifactKey: Guid(c157698b216a05048b989abfe25abae7) Importer(815301076,1909f56bfc062723c751e8b465ee728b)
Start importing Assets/Sample_Assets_PCKGs/GUI Mobile Hyper-Casual/Sprites/Sprites by Menu/In Game-assets/AWESOME___.png using Guid(c157698b216a05048b989abfe25abae7) Importer(815301076,1909f56bfc062723c751e8b465ee728b)  -> (artifact id: '964173472cbb107d096325cea1ceafd3') in 0.033841 seconds 
========================================================================
Received Import Request.
  Time since last request: 0.000026 seconds.
  path: Assets/Sample_Assets_PCKGs/GUI Mobile Hyper-Casual/Sprites/Background/Background 2.png
  artifactKey: Guid(80ca872f56e1d374a8d320061f652e8e) Importer(815301076,1909f56bfc062723c751e8b465ee728b)
Start importing Assets/Sample_Assets_PCKGs/GUI Mobile Hyper-Casual/Sprites/Background/Background 2.png using Guid(80ca872f56e1d374a8d320061f652e8e) Importer(815301076,1909f56bfc062723c751e8b465ee728b)  -> (artifact id: 'e71b12efb958fe6e8646d0f21e159ec1') in 0.123123 seconds 
========================================================================
Received Import Request.
  Time since last request: 25.231099 seconds.
  path: Assets/Sample_Assets_PCKGs/GUI Mobile Hyper-Casual/Sprites/Sprites by Menu/Buttons-assets/Blue Button Go.png
  artifactKey: Guid(e331f5ec78be0494bbedd5c512a6f739) Importer(815301076,1909f56bfc062723c751e8b465ee728b)
Start importing Assets/Sample_Assets_PCKGs/GUI Mobile Hyper-Casual/Sprites/Sprites by Menu/Buttons-assets/Blue Button Go.png using Guid(e331f5ec78be0494bbedd5c512a6f739) Importer(815301076,1909f56bfc062723c751e8b465ee728b)  -> (artifact id: '78e6b89897ffb7ecc6cd80659ec066f3') in 0.047088 seconds 
========================================================================
Received Import Request.
  Time since last request: 0.000037 seconds.
  path: Assets/Sample_Assets_PCKGs/GUI Mobile Hyper-Casual/Sprites/Sprites by Menu/Buttons-assets/Blue Button Next.png
  artifactKey: Guid(0c6f45571ab60d243a060ab276384af0) Importer(815301076,1909f56bfc062723c751e8b465ee728b)
Start importing Assets/Sample_Assets_PCKGs/GUI Mobile Hyper-Casual/Sprites/Sprites by Menu/Buttons-assets/Blue Button Next.png using Guid(0c6f45571ab60d243a060ab276384af0) Importer(815301076,1909f56bfc062723c751e8b465ee728b)  -> (artifact id: '9eb0837c29aa56552ba36af4e572ae1a') in 0.060649 seconds 
========================================================================
Received Import Request.
  Time since last request: 41.313073 seconds.
  path: Assets/Sample_Assets_PCKGs/GUI Mobile Hyper-Casual/Sprites/Items PSD + PNG/Potion/Potion2/White.png
  artifactKey: Guid(908550e74f1d8ea43aa748e3282d3e51) Importer(815301076,1909f56bfc062723c751e8b465ee728b)
Start importing Assets/Sample_Assets_PCKGs/GUI Mobile Hyper-Casual/Sprites/Items PSD + PNG/Potion/Potion2/White.png using Guid(908550e74f1d8ea43aa748e3282d3e51) Importer(815301076,1909f56bfc062723c751e8b465ee728b)  -> (artifact id: '3ee44a84daae662efb25b1c92bfb05f2') in 0.058672 seconds 
========================================================================
Received Import Request.
  Time since last request: 0.000045 seconds.
  path: Assets/Sample_Assets_PCKGs/GUI Mobile Hyper-Casual/Sprites/Items PSD + PNG/Bolt/Yellow.png
  artifactKey: Guid(e8c7c83965a19564c9065c74520506f8) Importer(815301076,1909f56bfc062723c751e8b465ee728b)
Start importing Assets/Sample_Assets_PCKGs/GUI Mobile Hyper-Casual/Sprites/Items PSD + PNG/Bolt/Yellow.png using Guid(e8c7c83965a19564c9065c74520506f8) Importer(815301076,1909f56bfc062723c751e8b465ee728b)  -> (artifact id: '1fdfe8a5514b7ac1787f4f106d811b71') in 0.045283 seconds 
========================================================================
Received Import Request.
  Time since last request: 1.038682 seconds.
  path: Assets/Sample_Assets_PCKGs/GUI Mobile Hyper-Casual/Sprites/Items PSD + PNG/Wizard Hat/Outline.png
  artifactKey: Guid(eb55f315e663f2249adee573900ecba1) Importer(815301076,1909f56bfc062723c751e8b465ee728b)
Start importing Assets/Sample_Assets_PCKGs/GUI Mobile Hyper-Casual/Sprites/Items PSD + PNG/Wizard Hat/Outline.png using Guid(eb55f315e663f2249adee573900ecba1) Importer(815301076,1909f56bfc062723c751e8b465ee728b)  -> (artifact id: '722a01d124174c48f4fae3c203baf052') in 0.047079 seconds 
========================================================================
Received Import Request.
  Time since last request: 0.000031 seconds.
  path: Assets/Sample_Assets_PCKGs/GUI Mobile Hyper-Casual/Sprites/Items PSD + PNG/Diamonds/Diamond 2/Mauve.png
  artifactKey: Guid(d9a7897c1324e1a48ad118460d0248d7) Importer(815301076,1909f56bfc062723c751e8b465ee728b)
Start importing Assets/Sample_Assets_PCKGs/GUI Mobile Hyper-Casual/Sprites/Items PSD + PNG/Diamonds/Diamond 2/Mauve.png using Guid(d9a7897c1324e1a48ad118460d0248d7) Importer(815301076,1909f56bfc062723c751e8b465ee728b)  -> (artifact id: '68708d2daea92bb6828bf56259bc0598') in 0.045462 seconds 
========================================================================
Received Import Request.
  Time since last request: 0.000064 seconds.
  path: Assets/Sample_Assets_PCKGs/GUI Mobile Hyper-Casual/Sprites/Items PSD + PNG/Shield/Mauve.png
  artifactKey: Guid(89370414f8301e446884d6a76a8a4a19) Importer(815301076,1909f56bfc062723c751e8b465ee728b)
Start importing Assets/Sample_Assets_PCKGs/GUI Mobile Hyper-Casual/Sprites/Items PSD + PNG/Shield/Mauve.png using Guid(89370414f8301e446884d6a76a8a4a19) Importer(815301076,1909f56bfc062723c751e8b465ee728b)  -> (artifact id: '6300825b7e35bc674f8281ab605d9aeb') in 0.049530 seconds 
========================================================================
Received Import Request.
  Time since last request: 0.000043 seconds.
  path: Assets/Sample_Assets_PCKGs/GUI Mobile Hyper-Casual/Sprites/Sprites by Menu/Prize Machine-assets/Case Chest.png
  artifactKey: Guid(9841723ba294daa42972bce807d93174) Importer(815301076,1909f56bfc062723c751e8b465ee728b)
Start importing Assets/Sample_Assets_PCKGs/GUI Mobile Hyper-Casual/Sprites/Sprites by Menu/Prize Machine-assets/Case Chest.png using Guid(9841723ba294daa42972bce807d93174) Importer(815301076,1909f56bfc062723c751e8b465ee728b)  -> (artifact id: 'f4abc68c26d6b1de752d6fb706da8e45') in 0.037502 seconds 
========================================================================
Received Import Request.
  Time since last request: 0.000040 seconds.
  path: Assets/Sample_Assets_PCKGs/GUI Mobile Hyper-Casual/Sprites/Sprites by Menu/Buttons-assets/Button4.png
  artifactKey: Guid(d1e9bedf2e4ee1f4c8b6911a35a51a6a) Importer(815301076,1909f56bfc062723c751e8b465ee728b)
Start importing Assets/Sample_Assets_PCKGs/GUI Mobile Hyper-Casual/Sprites/Sprites by Menu/Buttons-assets/Button4.png using Guid(d1e9bedf2e4ee1f4c8b6911a35a51a6a) Importer(815301076,1909f56bfc062723c751e8b465ee728b)  -> (artifact id: 'dface5522524791a08a24a784f243f55') in 0.042839 seconds 
========================================================================
Received Import Request.
  Time since last request: 0.000041 seconds.
  path: Assets/Sample_Assets_PCKGs/GUI Mobile Hyper-Casual/Sprites/Sprites by Menu/Win-assets/key.png
  artifactKey: Guid(0976e7bd83952124e8d9fc18e8457525) Importer(815301076,1909f56bfc062723c751e8b465ee728b)
Start importing Assets/Sample_Assets_PCKGs/GUI Mobile Hyper-Casual/Sprites/Sprites by Menu/Win-assets/key.png using Guid(0976e7bd83952124e8d9fc18e8457525) Importer(815301076,1909f56bfc062723c751e8b465ee728b)  -> (artifact id: '1e5945249a8d88de062d7b201fd00917') in 0.031260 seconds 
========================================================================
Received Import Request.
  Time since last request: 0.000028 seconds.
  path: Assets/Sample_Assets_PCKGs/GUI Mobile Hyper-Casual/Sprites/Sprites by Menu/In Game-assets/Curseur.png
  artifactKey: Guid(50cb2a82c80f3cc4793b28d88742f0b0) Importer(815301076,1909f56bfc062723c751e8b465ee728b)
Start importing Assets/Sample_Assets_PCKGs/GUI Mobile Hyper-Casual/Sprites/Sprites by Menu/In Game-assets/Curseur.png using Guid(50cb2a82c80f3cc4793b28d88742f0b0) Importer(815301076,1909f56bfc062723c751e8b465ee728b)  -> (artifact id: 'a5286653c43676619969af6d78dc2419') in 0.033159 seconds 
========================================================================
Received Import Request.
  Time since last request: 0.000033 seconds.
  path: Assets/Sample_Assets_PCKGs/GUI Mobile Hyper-Casual/Sprites/Sprites by Menu/Home-assets/Blue Square.png
  artifactKey: Guid(fbb809cd7e4fd064b8a63e71f85242d9) Importer(815301076,1909f56bfc062723c751e8b465ee728b)
Start importing Assets/Sample_Assets_PCKGs/GUI Mobile Hyper-Casual/Sprites/Sprites by Menu/Home-assets/Blue Square.png using Guid(fbb809cd7e4fd064b8a63e71f85242d9) Importer(815301076,1909f56bfc062723c751e8b465ee728b)  -> (artifact id: '84bc252a60636e8d4bc17e22e475a5a0') in 0.033711 seconds 
========================================================================
Received Import Request.
  Time since last request: 0.000070 seconds.
  path: Assets/Sample_Assets_PCKGs/GUI Mobile Hyper-Casual/Sprites/Items PSD + PNG/Cup/Cup.png
  artifactKey: Guid(047ddf4ec8381d3449ce2f078b8dccf9) Importer(815301076,1909f56bfc062723c751e8b465ee728b)
Start importing Assets/Sample_Assets_PCKGs/GUI Mobile Hyper-Casual/Sprites/Items PSD + PNG/Cup/Cup.png using Guid(047ddf4ec8381d3449ce2f078b8dccf9) Importer(815301076,1909f56bfc062723c751e8b465ee728b)  -> (artifact id: '9869ead3c0dcb1844ded2008485dc17e') in 0.048012 seconds 
========================================================================
Received Import Request.
  Time since last request: 0.000024 seconds.
  path: Assets/Sample_Assets_PCKGs/GUI Mobile Hyper-Casual/Sprites/Items PSD + PNG/Card/Card.png
  artifactKey: Guid(a4d8637bccc82e94a9fc1ca9e87888dc) Importer(815301076,1909f56bfc062723c751e8b465ee728b)
Start importing Assets/Sample_Assets_PCKGs/GUI Mobile Hyper-Casual/Sprites/Items PSD + PNG/Card/Card.png using Guid(a4d8637bccc82e94a9fc1ca9e87888dc) Importer(815301076,1909f56bfc062723c751e8b465ee728b)  -> (artifact id: '64129897af97e1f85dda6f5fe7aca781') in 0.044033 seconds 
========================================================================
Received Import Request.
  Time since last request: 0.000038 seconds.
  path: Assets/Sample_Assets_PCKGs/GUI Mobile Hyper-Casual/Sprites/Items PSD + PNG/Gems/Gem 2 Pack/Gem 2.png
  artifactKey: Guid(66e74331b8926834291022569a0d77f7) Importer(815301076,1909f56bfc062723c751e8b465ee728b)
Start importing Assets/Sample_Assets_PCKGs/GUI Mobile Hyper-Casual/Sprites/Items PSD + PNG/Gems/Gem 2 Pack/Gem 2.png using Guid(66e74331b8926834291022569a0d77f7) Importer(815301076,1909f56bfc062723c751e8b465ee728b)  -> (artifact id: '7908fd7b8a2c3dd97b3f3ddcf20a8772') in 0.043887 seconds 
========================================================================
Received Import Request.
  Time since last request: 0.000090 seconds.
  path: Assets/Sample_Assets_PCKGs/GUI Mobile Hyper-Casual/Sprites/Sprites by Menu/Buttons-assets/Button8.png
  artifactKey: Guid(1a6c127b06258f046880d9c3af21eb59) Importer(815301076,1909f56bfc062723c751e8b465ee728b)
Start importing Assets/Sample_Assets_PCKGs/GUI Mobile Hyper-Casual/Sprites/Sprites by Menu/Buttons-assets/Button8.png using Guid(1a6c127b06258f046880d9c3af21eb59) Importer(815301076,1909f56bfc062723c751e8b465ee728b)  -> (artifact id: 'f78b60c8481bce42dea00c99e34b6977') in 0.036001 seconds 
========================================================================
Received Import Request.
  Time since last request: 0.000023 seconds.
  path: Assets/Sample_Assets_PCKGs/GUI Mobile Hyper-Casual/Sprites/Items PSD + PNG/Hand/Hand 2.png
  artifactKey: Guid(afc23f2924d788a409baedede60985bb) Importer(815301076,1909f56bfc062723c751e8b465ee728b)
Start importing Assets/Sample_Assets_PCKGs/GUI Mobile Hyper-Casual/Sprites/Items PSD + PNG/Hand/Hand 2.png using Guid(afc23f2924d788a409baedede60985bb) Importer(815301076,1909f56bfc062723c751e8b465ee728b)  -> (artifact id: 'f8a84074cfc2004336780351e8bfc001') in 0.030890 seconds 
========================================================================
Received Import Request.
  Time since last request: 0.000036 seconds.
  path: Assets/Sample_Assets_PCKGs/GUI Mobile Hyper-Casual/Sprites/Items PSD + PNG/Key/Key.png
  artifactKey: Guid(43f63da3ba95f474c8603f347c5f5df1) Importer(815301076,1909f56bfc062723c751e8b465ee728b)
Start importing Assets/Sample_Assets_PCKGs/GUI Mobile Hyper-Casual/Sprites/Items PSD + PNG/Key/Key.png using Guid(43f63da3ba95f474c8603f347c5f5df1) Importer(815301076,1909f56bfc062723c751e8b465ee728b)  -> (artifact id: '282cc0c7fc8ae70c964835acc197f546') in 0.043430 seconds 
========================================================================
Received Import Request.
  Time since last request: 0.000033 seconds.
  path: Assets/Sample_Assets_PCKGs/GUI Mobile Hyper-Casual/Sprites/Items PSD + PNG/Mail/Mail.png
  artifactKey: Guid(d0251ff55bc852442a7d01ac558b13da) Importer(815301076,1909f56bfc062723c751e8b465ee728b)
Start importing Assets/Sample_Assets_PCKGs/GUI Mobile Hyper-Casual/Sprites/Items PSD + PNG/Mail/Mail.png using Guid(d0251ff55bc852442a7d01ac558b13da) Importer(815301076,1909f56bfc062723c751e8b465ee728b)  -> (artifact id: '205ad308caddf967c2c981367b20c908') in 0.039738 seconds 
========================================================================
Received Import Request.
  Time since last request: 0.000033 seconds.
  path: Assets/Sample_Assets_PCKGs/GUI Mobile Hyper-Casual/Sprites/Items PSD + PNG/Gems/Gem 2/Gem 2.psd
  artifactKey: Guid(55e9abddd33f0854c9dedbe172db835b) Importer(815301076,1909f56bfc062723c751e8b465ee728b)
Start importing Assets/Sample_Assets_PCKGs/GUI Mobile Hyper-Casual/Sprites/Items PSD + PNG/Gems/Gem 2/Gem 2.psd using Guid(55e9abddd33f0854c9dedbe172db835b) Importer(815301076,1909f56bfc062723c751e8b465ee728b)  -> (artifact id: 'e5bfbb00b5118f5769848f6022a0adc4') in 0.046180 seconds 
========================================================================
Received Import Request.
  Time since last request: 0.000026 seconds.
  path: Assets/Sample_Assets_PCKGs/GUI Mobile Hyper-Casual/Sprites/Sprites by Menu/Buttons-assets/Button6.png
  artifactKey: Guid(681f5cfe0b3dcab4487b63a423f78fd3) Importer(815301076,1909f56bfc062723c751e8b465ee728b)
Start importing Assets/Sample_Assets_PCKGs/GUI Mobile Hyper-Casual/Sprites/Sprites by Menu/Buttons-assets/Button6.png using Guid(681f5cfe0b3dcab4487b63a423f78fd3) Importer(815301076,1909f56bfc062723c751e8b465ee728b)  -> (artifact id: '1292bffb4546bb664001aa9b4a6fc33d') in 0.028582 seconds 
========================================================================
Received Prepare
Registering precompiled user dll's ...
Registered in 0.009039 seconds.
Begin MonoManager ReloadAssembly
Symbol file LoadedFromMemory doesn't match image C:\Users\WarmHeartedSnowman\Documents\PR_GAME\Pr num_3\Day 3\Library\PackageCache\com.unity.visualscripting@1.7.8\Editor\VisualScripting.Core\Dependencies\YamlDotNet\Unity.VisualScripting.YamlDotNet.dll
Symbol file LoadedFromMemory doesn't match image C:\Users\WarmHeartedSnowman\Documents\PR_GAME\Pr num_3\Day 3\Library\PackageCache\com.unity.visualscripting@1.7.8\Editor\VisualScripting.Core\Dependencies\DotNetZip\Unity.VisualScripting.IonicZip.dll
Native extension for WindowsStandalone target not found
Native extension for WebGL target not found
Refreshing native plugins compatible for Editor in 2.35 ms, found 3 plugins.
Preloading 0 native plugins for Editor in 0.00 ms.
Mono: successfully reloaded assembly
- Completed reload, in  1.242 seconds
Domain Reload Profiling:
	ReloadAssembly (1242ms)
		BeginReloadAssembly (176ms)
			ExecutionOrderSort (0ms)
			DisableScriptedObjects (5ms)
			BackupInstance (0ms)
			ReleaseScriptingObjects (0ms)
			CreateAndSetChildDomain (52ms)
		EndReloadAssembly (925ms)
			LoadAssemblies (120ms)
			RebuildTransferFunctionScriptingTraits (0ms)
			SetupTypeCache (313ms)
			ReleaseScriptCaches (1ms)
			RebuildScriptCaches (52ms)
			SetupLoadedEditorAssemblies (393ms)
				LogAssemblyErrors (0ms)
				InitializePlatformSupportModulesInManaged (19ms)
				SetLoadedEditorAssemblies (1ms)
				RefreshPlugins (2ms)
				BeforeProcessingInitializeOnLoad (79ms)
				ProcessInitializeOnLoadAttributes (247ms)
				ProcessInitializeOnLoadMethodAttributes (32ms)
				AfterProcessingInitializeOnLoad (12ms)
				EditorAssembliesLoaded (0ms)
			ExecutionOrderSort2 (0ms)
			AwakeInstancesAfterBackupRestoration (10ms)
Platform modules already initialized, skipping
Refreshing native plugins compatible for Editor in 5.28 ms, found 3 plugins.
Preloading 0 native plugins for Editor in 0.00 ms.
Unloading 3576 Unused Serialized files (Serialized files now loaded: 0)
Unloading 103 unused Assets / (19.0 MB). Loaded Objects now: 4121.
Memory consumption went from 178.8 MB to 159.8 MB.
Total: 17.926900 ms (FindLiveObjects: 0.697900 ms CreateObjectMapping: 0.255300 ms MarkObjects: 4.954800 ms  DeleteObjects: 12.016000 ms)

AssetImportParameters requested are different than current active one (requested -> active):
  custom:video-decoder-ogg-theora: a1e56fd34408186e4bbccfd4996cb3dc -> 
  custom:container-muxer-webm: aa71ff27fc2769a1b78a27578f13a17b -> 
  custom:container-demuxer-webm: 4f35f7cbe854078d1ac9338744f61a02 -> 
  custom:video-encoder-webm-vp8: eb34c28f22e8b96e1ab97ce403110664 -> 
  custom:audio-encoder-webm-vorbis: bf7c407c2cedff20999df2af8eb42d56 -> 
  custom:framework-win-MediaFoundation: 216162199b28c13a410421893ffa2e32 -> 
  custom:container-demuxer-ogg: 62fdf1f143b41e24485cea50d1cbac27 -> 
  custom:video-decoder-webm-vp8: 9c59270c3fd7afecdb556c50c9e8de78 -> 
  custom:audio-decoder-ogg-vorbis: bf7c407c2cedff20999df2af8eb42d56 -> 
Editor requested this worker to shutdown with reason: Scaling down because of idle timeout
AssetImportWorker is now disconnected from the server
Process exiting
Exiting without the bug reporter. Application will terminate with return code 0