Using pre-set license
Built from '2021.3/staging' branch; Version is '2021.3.5f1 (40eb3a945986) revision 4254522'; Using compiler version '192829333'; Build Type 'Release'
OS: 'Windows 10  (10.0.19044) 64bit Enterprise' Language: 'en' Physical Memory: 15741 MB
BatchMode: 1, IsHumanControllingUs: 0, StartBugReporterOnCrash: 0, Is64bit: 1, IsPro: 1

COMMAND LINE ARGUMENTS:
C:\Program Files\Unity\Hub\Editor\2021.3.5f1\Editor\Unity.exe
-adb2
-batchMode
-noUpm
-name
AssetImportWorker1
-projectPath
C:/Users/WarmHeartedSnowman/Documents/PR_GAME/Pr num_3/Day 3
-logFile
Logs/AssetImportWorker1.log
-srvPort
50807
Successfully changed project path to: C:/Users/WarmHeartedSnowman/Documents/PR_GAME/Pr num_3/Day 3
C:/Users/WarmHeartedSnowman/Documents/PR_GAME/Pr num_3/Day 3
[UnityMemory] Configuration Parameters - Can be set up in boot.config
    "memorysetup-bucket-allocator-granularity=16"
    "memorysetup-bucket-allocator-bucket-count=8"
    "memorysetup-bucket-allocator-block-size=33554432"
    "memorysetup-bucket-allocator-block-count=8"
    "memorysetup-main-allocator-block-size=16777216"
    "memorysetup-thread-allocator-block-size=16777216"
    "memorysetup-gfx-main-allocator-block-size=16777216"
    "memorysetup-gfx-thread-allocator-block-size=16777216"
    "memorysetup-cache-allocator-block-size=4194304"
    "memorysetup-typetree-allocator-block-size=2097152"
    "memorysetup-profiler-bucket-allocator-granularity=16"
    "memorysetup-profiler-bucket-allocator-bucket-count=8"
    "memorysetup-profiler-bucket-allocator-block-size=33554432"
    "memorysetup-profiler-bucket-allocator-block-count=8"
    "memorysetup-profiler-allocator-block-size=16777216"
    "memorysetup-profiler-editor-allocator-block-size=1048576"
    "memorysetup-temp-allocator-size-main=16777216"
    "memorysetup-job-temp-allocator-block-size=2097152"
    "memorysetup-job-temp-allocator-block-size-background=1048576"
    "memorysetup-job-temp-allocator-reduction-small-platforms=262144"
    "memorysetup-temp-allocator-size-background-worker=32768"
    "memorysetup-temp-allocator-size-job-worker=262144"
    "memorysetup-temp-allocator-size-preload-manager=33554432"
    "memorysetup-temp-allocator-size-nav-mesh-worker=65536"
    "memorysetup-temp-allocator-size-audio-worker=65536"
    "memorysetup-temp-allocator-size-cloud-worker=32768"
    "memorysetup-temp-allocator-size-gi-baking-worker=262144"
    "memorysetup-temp-allocator-size-gfx=262144"
Refreshing native plugins compatible for Editor in 123.75 ms, found 3 plugins.
Preloading 0 native plugins for Editor in 0.00 ms.
Initialize engine version: 2021.3.5f1 (40eb3a945986)
[Subsystems] Discovering subsystems at path C:/Program Files/Unity/Hub/Editor/2021.3.5f1/Editor/Data/Resources/UnitySubsystems
[Subsystems] Discovering subsystems at path C:/Users/WarmHeartedSnowman/Documents/PR_GAME/Pr num_3/Day 3/Assets
GfxDevice: creating device client; threaded=0; jobified=0
Direct3D:
    Version:  Direct3D 11.0 [level 11.1]
    Renderer: NVIDIA GeForce GTX 1650 (ID=0x1f99)
    Vendor:   NVIDIA
    VRAM:     3962 MB
    Driver:   30.0.14.7219
Initialize mono
Mono path[0] = 'C:/Program Files/Unity/Hub/Editor/2021.3.5f1/Editor/Data/Managed'
Mono path[1] = 'C:/Program Files/Unity/Hub/Editor/2021.3.5f1/Editor/Data/MonoBleedingEdge/lib/mono/unityjit-win32'
Mono config path = 'C:/Program Files/Unity/Hub/Editor/2021.3.5f1/Editor/Data/MonoBleedingEdge/etc'
Using monoOptions --debugger-agent=transport=dt_socket,embedding=1,server=y,suspend=n,address=127.0.0.1:56836
Begin MonoManager ReloadAssembly
Registering precompiled unity dll's ...
Register platform support module: C:/Program Files/Unity/Hub/Editor/2021.3.5f1/Editor/Data/PlaybackEngines/WebGLSupport/UnityEditor.WebGL.Extensions.dll
Register platform support module: C:/Program Files/Unity/Hub/Editor/2021.3.5f1/Editor/Data/PlaybackEngines/WindowsStandaloneSupport/UnityEditor.WindowsStandalone.Extensions.dll
Registered in 0.007938 seconds.
Native extension for WindowsStandalone target not found
Native extension for WebGL target not found
Refreshing native plugins compatible for Editor in 130.93 ms, found 3 plugins.
Preloading 0 native plugins for Editor in 0.00 ms.
Mono: successfully reloaded assembly
- Completed reload, in  0.709 seconds
Domain Reload Profiling:
	ReloadAssembly (709ms)
		BeginReloadAssembly (73ms)
			ExecutionOrderSort (0ms)
			DisableScriptedObjects (0ms)
			BackupInstance (0ms)
			ReleaseScriptingObjects (0ms)
			CreateAndSetChildDomain (1ms)
		EndReloadAssembly (525ms)
			LoadAssemblies (70ms)
			RebuildTransferFunctionScriptingTraits (0ms)
			SetupTypeCache (108ms)
			ReleaseScriptCaches (0ms)
			RebuildScriptCaches (31ms)
			SetupLoadedEditorAssemblies (332ms)
				LogAssemblyErrors (0ms)
				InitializePlatformSupportModulesInManaged (9ms)
				SetLoadedEditorAssemblies (0ms)
				RefreshPlugins (131ms)
				BeforeProcessingInitializeOnLoad (1ms)
				ProcessInitializeOnLoadAttributes (144ms)
				ProcessInitializeOnLoadMethodAttributes (46ms)
				AfterProcessingInitializeOnLoad (0ms)
				EditorAssembliesLoaded (0ms)
			ExecutionOrderSort2 (0ms)
			AwakeInstancesAfterBackupRestoration (0ms)
Platform modules already initialized, skipping
Registering precompiled user dll's ...
Registered in 0.008061 seconds.
Begin MonoManager ReloadAssembly
Symbol file LoadedFromMemory doesn't match image C:\Users\WarmHeartedSnowman\Documents\PR_GAME\Pr num_3\Day 3\Library\PackageCache\com.unity.visualscripting@1.7.8\Editor\VisualScripting.Core\Dependencies\YamlDotNet\Unity.VisualScripting.YamlDotNet.dll
Symbol file LoadedFromMemory doesn't match image C:\Users\WarmHeartedSnowman\Documents\PR_GAME\Pr num_3\Day 3\Library\PackageCache\com.unity.visualscripting@1.7.8\Editor\VisualScripting.Core\Dependencies\DotNetZip\Unity.VisualScripting.IonicZip.dll
Native extension for WindowsStandalone target not found
Native extension for WebGL target not found
Refreshing native plugins compatible for Editor in 1.15 ms, found 3 plugins.
Preloading 0 native plugins for Editor in 0.00 ms.
Mono: successfully reloaded assembly
- Completed reload, in  1.101 seconds
Domain Reload Profiling:
	ReloadAssembly (1101ms)
		BeginReloadAssembly (120ms)
			ExecutionOrderSort (0ms)
			DisableScriptedObjects (6ms)
			BackupInstance (0ms)
			ReleaseScriptingObjects (0ms)
			CreateAndSetChildDomain (24ms)
		EndReloadAssembly (859ms)
			LoadAssemblies (94ms)
			RebuildTransferFunctionScriptingTraits (0ms)
			SetupTypeCache (258ms)
			ReleaseScriptCaches (1ms)
			RebuildScriptCaches (59ms)
			SetupLoadedEditorAssemblies (417ms)
				LogAssemblyErrors (0ms)
				InitializePlatformSupportModulesInManaged (8ms)
				SetLoadedEditorAssemblies (1ms)
				RefreshPlugins (1ms)
				BeforeProcessingInitializeOnLoad (90ms)
				ProcessInitializeOnLoadAttributes (282ms)
				ProcessInitializeOnLoadMethodAttributes (27ms)
				AfterProcessingInitializeOnLoad (8ms)
				EditorAssembliesLoaded (0ms)
			ExecutionOrderSort2 (0ms)
			AwakeInstancesAfterBackupRestoration (5ms)
Platform modules already initialized, skipping
========================================================================
Worker process is ready to serve import requests
Launched and connected shader compiler UnityShaderCompiler.exe after 0.05 seconds
Refreshing native plugins compatible for Editor in 1.17 ms, found 3 plugins.
Preloading 0 native plugins for Editor in 0.00 ms.
Unloading 3651 Unused Serialized files (Serialized files now loaded: 0)
Unloading 109 unused Assets / (19.1 MB). Loaded Objects now: 4045.
Memory consumption went from 181.4 MB to 162.3 MB.
Total: 10.986700 ms (FindLiveObjects: 0.503800 ms CreateObjectMapping: 0.401500 ms MarkObjects: 3.337500 ms  DeleteObjects: 6.741800 ms)

AssetImportParameters requested are different than current active one (requested -> active):
  custom:video-decoder-ogg-theora: a1e56fd34408186e4bbccfd4996cb3dc -> 
  custom:container-muxer-webm: aa71ff27fc2769a1b78a27578f13a17b -> 
  custom:container-demuxer-webm: 4f35f7cbe854078d1ac9338744f61a02 -> 
  custom:video-encoder-webm-vp8: eb34c28f22e8b96e1ab97ce403110664 -> 
  custom:audio-encoder-webm-vorbis: bf7c407c2cedff20999df2af8eb42d56 -> 
  custom:framework-win-MediaFoundation: 216162199b28c13a410421893ffa2e32 -> 
  custom:container-demuxer-ogg: 62fdf1f143b41e24485cea50d1cbac27 -> 
  custom:video-decoder-webm-vp8: 9c59270c3fd7afecdb556c50c9e8de78 -> 
  custom:audio-decoder-ogg-vorbis: bf7c407c2cedff20999df2af8eb42d56 -> 
========================================================================
Received Import Request.
  Time since last request: 268589.534441 seconds.
  path: Assets/Sample_Assets_PCKGs/BOXOPHOBIC/Polyverse Skies/Core/Presets/Sky 01.mat
  artifactKey: Guid(d0523d8917957bb429a32997cb0e52b2) Importer(815301076,1909f56bfc062723c751e8b465ee728b)
Start importing Assets/Sample_Assets_PCKGs/BOXOPHOBIC/Polyverse Skies/Core/Presets/Sky 01.mat using Guid(d0523d8917957bb429a32997cb0e52b2) Importer(815301076,1909f56bfc062723c751e8b465ee728b)  -> (artifact id: '50e3ed87a3cb60ce9911ad290185b781') in 0.208320 seconds 
========================================================================
Received Import Request.
  Time since last request: 0.000055 seconds.
  path: Assets/Sample_Assets_PCKGs/BOXOPHOBIC/Polyverse Skies/Core/Presets/Sky 06.mat
  artifactKey: Guid(20b7c6e2c3edcbe49ab4f9e98713a2ec) Importer(815301076,1909f56bfc062723c751e8b465ee728b)
Start importing Assets/Sample_Assets_PCKGs/BOXOPHOBIC/Polyverse Skies/Core/Presets/Sky 06.mat using Guid(20b7c6e2c3edcbe49ab4f9e98713a2ec) Importer(815301076,1909f56bfc062723c751e8b465ee728b)  -> (artifact id: 'ca944d0d3edc7589d599d1719a955285') in 0.061211 seconds 
========================================================================
Received Prepare
Registering precompiled user dll's ...
Registered in 0.007153 seconds.
Begin MonoManager ReloadAssembly
Symbol file LoadedFromMemory doesn't match image C:\Users\WarmHeartedSnowman\Documents\PR_GAME\Pr num_3\Day 3\Library\PackageCache\com.unity.visualscripting@1.7.8\Editor\VisualScripting.Core\Dependencies\YamlDotNet\Unity.VisualScripting.YamlDotNet.dll
Symbol file LoadedFromMemory doesn't match image C:\Users\WarmHeartedSnowman\Documents\PR_GAME\Pr num_3\Day 3\Library\PackageCache\com.unity.visualscripting@1.7.8\Editor\VisualScripting.Core\Dependencies\DotNetZip\Unity.VisualScripting.IonicZip.dll
Native extension for WindowsStandalone target not found
Native extension for WebGL target not found
Refreshing native plugins compatible for Editor in 1.30 ms, found 3 plugins.
Preloading 0 native plugins for Editor in 0.00 ms.
Mono: successfully reloaded assembly
- Completed reload, in  1.071 seconds
Domain Reload Profiling:
	ReloadAssembly (1072ms)
		BeginReloadAssembly (144ms)
			ExecutionOrderSort (0ms)
			DisableScriptedObjects (4ms)
			BackupInstance (0ms)
			ReleaseScriptingObjects (0ms)
			CreateAndSetChildDomain (44ms)
		EndReloadAssembly (831ms)
			LoadAssemblies (92ms)
			RebuildTransferFunctionScriptingTraits (0ms)
			SetupTypeCache (287ms)
			ReleaseScriptCaches (1ms)
			RebuildScriptCaches (49ms)
			SetupLoadedEditorAssemblies (358ms)
				LogAssemblyErrors (0ms)
				InitializePlatformSupportModulesInManaged (16ms)
				SetLoadedEditorAssemblies (0ms)
				RefreshPlugins (1ms)
				BeforeProcessingInitializeOnLoad (75ms)
				ProcessInitializeOnLoadAttributes (228ms)
				ProcessInitializeOnLoadMethodAttributes (29ms)
				AfterProcessingInitializeOnLoad (8ms)
				EditorAssembliesLoaded (0ms)
			ExecutionOrderSort2 (0ms)
			AwakeInstancesAfterBackupRestoration (7ms)
Platform modules already initialized, skipping
Refreshing native plugins compatible for Editor in 3.13 ms, found 3 plugins.
Preloading 0 native plugins for Editor in 0.00 ms.
Unloading 3578 Unused Serialized files (Serialized files now loaded: 0)
Unloading 102 unused Assets / (19.0 MB). Loaded Objects now: 4087.
Memory consumption went from 178.9 MB to 159.8 MB.
Total: 10.724100 ms (FindLiveObjects: 0.364100 ms CreateObjectMapping: 0.179400 ms MarkObjects: 2.938000 ms  DeleteObjects: 7.240300 ms)

AssetImportParameters requested are different than current active one (requested -> active):
  custom:video-decoder-ogg-theora: a1e56fd34408186e4bbccfd4996cb3dc -> 
  custom:container-muxer-webm: aa71ff27fc2769a1b78a27578f13a17b -> 
  custom:container-demuxer-webm: 4f35f7cbe854078d1ac9338744f61a02 -> 
  custom:video-encoder-webm-vp8: eb34c28f22e8b96e1ab97ce403110664 -> 
  custom:audio-encoder-webm-vorbis: bf7c407c2cedff20999df2af8eb42d56 -> 
  custom:framework-win-MediaFoundation: 216162199b28c13a410421893ffa2e32 -> 
  custom:container-demuxer-ogg: 62fdf1f143b41e24485cea50d1cbac27 -> 
  custom:video-decoder-webm-vp8: 9c59270c3fd7afecdb556c50c9e8de78 -> 
  custom:audio-decoder-ogg-vorbis: bf7c407c2cedff20999df2af8eb42d56 -> 
========================================================================
Received Import Request.
  Time since last request: 323.608676 seconds.
  path: Assets/Sample_Full_PCKGs/Epic Toon FX/Materials/Skulls/skull.mat
  artifactKey: Guid(6ec6524e1d7235f4a98ac801feb54930) Importer(815301076,1909f56bfc062723c751e8b465ee728b)
Start importing Assets/Sample_Full_PCKGs/Epic Toon FX/Materials/Skulls/skull.mat using Guid(6ec6524e1d7235f4a98ac801feb54930) Importer(815301076,1909f56bfc062723c751e8b465ee728b)  -> (artifact id: '2fe2813f095fdaf1fce9216ab9943878') in 0.096708 seconds 
========================================================================
Received Import Request.
  Time since last request: 0.000025 seconds.
  path: Assets/Sample_Full_PCKGs/Epic Toon FX/Materials/Splat/splat01_animated_3x3.mat
  artifactKey: Guid(cc14fd052416659478046abf153082a0) Importer(815301076,1909f56bfc062723c751e8b465ee728b)
Start importing Assets/Sample_Full_PCKGs/Epic Toon FX/Materials/Splat/splat01_animated_3x3.mat using Guid(cc14fd052416659478046abf153082a0) Importer(815301076,1909f56bfc062723c751e8b465ee728b)  -> (artifact id: '5764253e2b86f87e28f4611b6e94b77c') in 0.032336 seconds 
========================================================================
Received Import Request.
  Time since last request: 0.000022 seconds.
  path: Assets/Sample_Full_PCKGs/Epic Toon FX/Materials/Splat/splat02.mat
  artifactKey: Guid(3ba60631b79b3164c9c63be162da8201) Importer(815301076,1909f56bfc062723c751e8b465ee728b)
Start importing Assets/Sample_Full_PCKGs/Epic Toon FX/Materials/Splat/splat02.mat using Guid(3ba60631b79b3164c9c63be162da8201) Importer(815301076,1909f56bfc062723c751e8b465ee728b)  -> (artifact id: '25aa0fd41e1f079c0b871d4c2e6a3733') in 0.029495 seconds 
========================================================================
Received Import Request.
  Time since last request: 0.000030 seconds.
  path: Assets/Sample_Full_PCKGs/Epic Toon FX/Materials/Stars/star_outlined_colored.mat
  artifactKey: Guid(cbc52801184e2f140a2340e2d106207b) Importer(815301076,1909f56bfc062723c751e8b465ee728b)
Start importing Assets/Sample_Full_PCKGs/Epic Toon FX/Materials/Stars/star_outlined_colored.mat using Guid(cbc52801184e2f140a2340e2d106207b) Importer(815301076,1909f56bfc062723c751e8b465ee728b)  -> (artifact id: '4f7193babc8379041fea3ccec8eb1569') in 0.025827 seconds 
========================================================================
Received Import Request.
  Time since last request: 0.000038 seconds.
  path: Assets/Sample_Full_PCKGs/Epic Toon FX/Materials/Skulls/skull2.mat
  artifactKey: Guid(bab1fe4217d50234dad4b94da5a2227a) Importer(815301076,1909f56bfc062723c751e8b465ee728b)
Start importing Assets/Sample_Full_PCKGs/Epic Toon FX/Materials/Skulls/skull2.mat using Guid(bab1fe4217d50234dad4b94da5a2227a) Importer(815301076,1909f56bfc062723c751e8b465ee728b)  -> (artifact id: '7da14476f8d242e32d16d5907e9011e1') in 0.027828 seconds 
========================================================================
Received Import Request.
  Time since last request: 0.000022 seconds.
  path: Assets/Sample_Full_PCKGs/Epic Toon FX/Materials/Stars/star_outline.mat
  artifactKey: Guid(05e20be0d592a0e41a5fe0dbb7440642) Importer(815301076,1909f56bfc062723c751e8b465ee728b)
Start importing Assets/Sample_Full_PCKGs/Epic Toon FX/Materials/Stars/star_outline.mat using Guid(05e20be0d592a0e41a5fe0dbb7440642) Importer(815301076,1909f56bfc062723c751e8b465ee728b)  -> (artifact id: 'e71b585aeb489eb0e481e36ab09073dc') in 0.026196 seconds 
========================================================================
Received Import Request.
  Time since last request: 0.000027 seconds.
  path: Assets/Sample_Full_PCKGs/Epic Toon FX/Materials/Skulls/skull_love.mat
  artifactKey: Guid(9508913321a683748b47ef37ee8cd11b) Importer(815301076,1909f56bfc062723c751e8b465ee728b)
Start importing Assets/Sample_Full_PCKGs/Epic Toon FX/Materials/Skulls/skull_love.mat using Guid(9508913321a683748b47ef37ee8cd11b) Importer(815301076,1909f56bfc062723c751e8b465ee728b)  -> (artifact id: 'd0b9e72312a1fd63d42b2cd96310161d') in 0.026070 seconds 
========================================================================
Received Import Request.
  Time since last request: 0.000028 seconds.
  path: Assets/Sample_Full_PCKGs/Epic Toon FX/Materials/Sparkle/sparkle_AB.mat
  artifactKey: Guid(4408abb7a30b61a4a9a19dbb5f761d2b) Importer(815301076,1909f56bfc062723c751e8b465ee728b)
Start importing Assets/Sample_Full_PCKGs/Epic Toon FX/Materials/Sparkle/sparkle_AB.mat using Guid(4408abb7a30b61a4a9a19dbb5f761d2b) Importer(815301076,1909f56bfc062723c751e8b465ee728b)  -> (artifact id: '64c9e42277b230d2e7ca896cdb63df53') in 0.026275 seconds 
========================================================================
Received Import Request.
  Time since last request: 0.000026 seconds.
  path: Assets/Sample_Full_PCKGs/Epic Toon FX/Materials/Misc/talkbubble.mat
  artifactKey: Guid(a37ef22d25609254c8910ec57ea04195) Importer(815301076,1909f56bfc062723c751e8b465ee728b)
Start importing Assets/Sample_Full_PCKGs/Epic Toon FX/Materials/Misc/talkbubble.mat using Guid(a37ef22d25609254c8910ec57ea04195) Importer(815301076,1909f56bfc062723c751e8b465ee728b)  -> (artifact id: '86778f9df1e729d85e4eab00590829fe') in 0.027481 seconds 
========================================================================
Received Import Request.
  Time since last request: 0.000028 seconds.
  path: Assets/Sample_Full_PCKGs/Epic Toon FX/Materials/Misc/talkbubble_4x4.mat
  artifactKey: Guid(182ac69dbd8e4f94c97e89321439fd1a) Importer(815301076,1909f56bfc062723c751e8b465ee728b)
Start importing Assets/Sample_Full_PCKGs/Epic Toon FX/Materials/Misc/talkbubble_4x4.mat using Guid(182ac69dbd8e4f94c97e89321439fd1a) Importer(815301076,1909f56bfc062723c751e8b465ee728b)  -> (artifact id: 'e3deaf5cfac7a082d1af91118a5f8c50') in 0.034290 seconds 
========================================================================
Received Import Request.
  Time since last request: 0.000036 seconds.
  path: Assets/Sample_Full_PCKGs/Epic Toon FX/Materials/Stars/star_AB.mat
  artifactKey: Guid(d05bd487e32791148ab238ebabb0154b) Importer(815301076,1909f56bfc062723c751e8b465ee728b)
Start importing Assets/Sample_Full_PCKGs/Epic Toon FX/Materials/Stars/star_AB.mat using Guid(d05bd487e32791148ab238ebabb0154b) Importer(815301076,1909f56bfc062723c751e8b465ee728b)  -> (artifact id: '6fe96bd26fef02fdf801be08ed3c4e2d') in 0.021388 seconds 
========================================================================
Received Import Request.
  Time since last request: 0.000029 seconds.
  path: Assets/Sample_Full_PCKGs/Epic Toon FX/Materials/Sparkle/sparkle_ADD.mat
  artifactKey: Guid(a976a44ca501e564bb2adee42f573b4d) Importer(815301076,1909f56bfc062723c751e8b465ee728b)
Start importing Assets/Sample_Full_PCKGs/Epic Toon FX/Materials/Sparkle/sparkle_ADD.mat using Guid(a976a44ca501e564bb2adee42f573b4d) Importer(815301076,1909f56bfc062723c751e8b465ee728b)  -> (artifact id: 'e002c14a6fbd214b1155b657d62d137e') in 0.024191 seconds 
========================================================================
Received Import Request.
  Time since last request: 0.000036 seconds.
  path: Assets/Sample_Full_PCKGs/Epic Toon FX/Models/Materials/sphereshield.mat
  artifactKey: Guid(df32a284d0e63d24b953705d663b99fd) Importer(815301076,1909f56bfc062723c751e8b465ee728b)
Start importing Assets/Sample_Full_PCKGs/Epic Toon FX/Models/Materials/sphereshield.mat using Guid(df32a284d0e63d24b953705d663b99fd) Importer(815301076,1909f56bfc062723c751e8b465ee728b)  -> (artifact id: '217e0615082edd7ae63e2e0ea614a21e') in 0.038568 seconds 
========================================================================
Received Import Request.
  Time since last request: 0.000028 seconds.
  path: Assets/Sample_Full_PCKGs/Epic Toon FX/Materials/Geometric/spiky circular.mat
  artifactKey: Guid(c291337420a29114a810378bde505fe6) Importer(815301076,1909f56bfc062723c751e8b465ee728b)
Start importing Assets/Sample_Full_PCKGs/Epic Toon FX/Materials/Geometric/spiky circular.mat using Guid(c291337420a29114a810378bde505fe6) Importer(815301076,1909f56bfc062723c751e8b465ee728b)  -> (artifact id: 'fb58541431c2f7677cf4e2975984a283') in 0.027536 seconds 
========================================================================
Received Import Request.
  Time since last request: 15.928578 seconds.
  path: Assets/Sample_Full_PCKGs/Toony Colors Pro/Demo TCP2/SG Demo Assets/_Misc Assets/TCP2_Demo_3DText.mat
  artifactKey: Guid(e3523fdb6c8984448ac4f830e81c2224) Importer(815301076,1909f56bfc062723c751e8b465ee728b)
Start importing Assets/Sample_Full_PCKGs/Toony Colors Pro/Demo TCP2/SG Demo Assets/_Misc Assets/TCP2_Demo_3DText.mat using Guid(e3523fdb6c8984448ac4f830e81c2224) Importer(815301076,1909f56bfc062723c751e8b465ee728b)  -> (artifact id: 'b28032fbdda8e536fe4a7ca15377dac4') in 0.026563 seconds 
========================================================================
Received Import Request.
  Time since last request: 0.000027 seconds.
  path: Assets/Sample_Full_PCKGs/Toony Colors Pro/Demo TCP2/Cat Demo Assets/Materials/TCP2_Demo_BrickWall.mat
  artifactKey: Guid(59da09a3c69f9aa43a970b5d5327f751) Importer(815301076,1909f56bfc062723c751e8b465ee728b)
Start importing Assets/Sample_Full_PCKGs/Toony Colors Pro/Demo TCP2/Cat Demo Assets/Materials/TCP2_Demo_BrickWall.mat using Guid(59da09a3c69f9aa43a970b5d5327f751) Importer(815301076,1909f56bfc062723c751e8b465ee728b)  -> (artifact id: '2325593d1928d16c773f52ca7c0dec8d') in 0.152007 seconds 
Editor requested this worker to shutdown with reason: Scaling down because of idle timeout
AssetImportWorker is now disconnected from the server
Process exiting
Exiting without the bug reporter. Application will terminate with return code 0